info: ::1 - - [09/Mar/2023:04:59:13 +0000] "GET /api/v1/bookstore?search=&sort=price&order=as&page=3&limit=5 HTTP/1.1" 200 2623 "-" "PostmanRuntime/7.31.1"

info: ::1 - - [09/Mar/2023:05:02:28 +0000] "POST /api/v1/user/registerUser HTTP/1.1" 404 47 "-" "PostmanRuntime/7.31.1"

info: ::1 - - [09/Mar/2023:05:03:37 +0000] "POST /api/v1/users/registerUser HTTP/1.1" 500 70 "-" "PostmanRuntime/7.31.1"

info: ::1 - - [09/Mar/2023:05:04:29 +0000] "POST /api/v1/users/registerUser HTTP/1.1" 201 327 "-" "PostmanRuntime/7.31.1"

info: ::1 - - [09/Mar/2023:05:04:47 +0000] "POST /api/v1/users/login HTTP/1.1" 200 244 "-" "PostmanRuntime/7.31.1"

info: ::1 - - [09/Mar/2023:05:08:12 +0000] "POST /api/v1/users/forgetPassword HTTP/1.1" 201 587 "-" "PostmanRuntime/7.31.1"

info: ::1 - - [09/Mar/2023:05:09:10 +0000] "POST /api/v1/users/resetPassword HTTP/1.1" 404 47 "-" "PostmanRuntime/7.31.1"

info: ::1 - - [09/Mar/2023:05:09:24 +0000] "PUT /api/v1/users/resetPassword HTTP/1.1" 201 98 "-" "PostmanRuntime/7.31.1"

info: ::1 - - [09/Mar/2023:05:10:19 +0000] "GET /api/v1/bookstore HTTP/1.1" 200 65 "-" "PostmanRuntime/7.31.1"

info: ::1 - - [09/Mar/2023:05:10:49 +0000] "GET /api/v1/bookstore/621588f105253301a4fda5d0 HTTP/1.1" 200 363 "-" "PostmanRuntime/7.31.1"

info: ::1 - - [09/Mar/2023:05:13:50 +0000] "POST /api/v1/cart/add/6215888305253301a4fda5cd HTTP/1.1" 200 682 "-" "PostmanRuntime/7.31.1"

info: ::1 - - [09/Mar/2023:05:13:55 +0000] "POST /api/v1/cart/add/6215888305253301a4fda5cd HTTP/1.1" 200 682 "-" "PostmanRuntime/7.31.1"

info: ::1 - - [09/Mar/2023:05:16:50 +0000] "POST /api/v1/cart/add/6215888305253301a4fda5cd HTTP/1.1" 200 682 "-" "PostmanRuntime/7.31.1"

info: ::1 - - [09/Mar/2023:05:18:09 +0000] "POST /api/v1/cart/add/6215888305253301a4fda5cd HTTP/1.1" 200 382 "-" "PostmanRuntime/7.31.1"

info: ::1 - - [09/Mar/2023:05:18:13 +0000] "POST /api/v1/cart/add/6215888305253301a4fda5cd HTTP/1.1" 200 383 "-" "PostmanRuntime/7.31.1"

info: ::1 - - [09/Mar/2023:05:18:45 +0000] "POST /api/v1/cart/add/6215898705253301a4fda5d6 HTTP/1.1" 200 547 "-" "PostmanRuntime/7.31.1"

info: ::1 - - [09/Mar/2023:05:21:26 +0000] "POST /api/v1/cart/purchased HTTP/1.1" 400 49 "-" "PostmanRuntime/7.31.1"

info: ::1 - - [09/Mar/2023:05:23:05 +0000] "POST /api/v1/cart/purchased/64096c1138982a0edc3383d2 HTTP/1.1" 200 98 "-" "PostmanRuntime/7.31.1"

info: ::1 - - [09/Mar/2023:05:23:51 +0000] "POST /api/v1/cart/add/62158a4505253301a4fda5de HTTP/1.1" 200 357 "-" "PostmanRuntime/7.31.1"

info: ::1 - - [09/Mar/2023:05:24:52 +0000] "POST /api/v1/cart/purchased/64086c27f3340d314c654e05 HTTP/1.1" 400 49 "-" "PostmanRuntime/7.31.1"

info: ::1 - - [09/Mar/2023:05:25:46 +0000] "POST /api/v1/cart/purchased/6403153f24cd88467ce591c2 HTTP/1.1" 400 49 "-" "PostmanRuntime/7.31.1"

info: ::1 - - [09/Mar/2023:05:26:31 +0000] "POST /api/v1/cart/purchased/64096c1138982a0edc3383d2 HTTP/1.1" 200 62 "-" "PostmanRuntime/7.31.1"

info: ::1 - - [09/Mar/2023:05:28:10 +0000] "POST /api/v1/wishList/add/621588d505253301a4fda5cf HTTP/1.1" 200 331 "-" "PostmanRuntime/7.31.1"

info: ::1 - - [09/Mar/2023:05:28:15 +0000] "POST /api/v1/wishList/add/621588d505253301a4fda5cf HTTP/1.1" 500 60 "-" "PostmanRuntime/7.31.1"

info: ::1 - - [09/Mar/2023:05:29:06 +0000] "POST /api/v1/wishList/removed/621588af05253301a4fda5ce HTTP/1.1" 404 47 "-" "PostmanRuntime/7.31.1"

info: ::1 - - [09/Mar/2023:05:29:21 +0000] "POST /api/v1/wishList/remove/621588af05253301a4fda5ce HTTP/1.1" 400 66 "-" "PostmanRuntime/7.31.1"

info: ::1 - - [09/Mar/2023:05:30:58 +0000] "POST /api/v1/wishList/add/6215897105253301a4fda5d5 HTTP/1.1" 200 494 "-" "PostmanRuntime/7.31.1"

info: ::1 - - [09/Mar/2023:05:31:43 +0000] "POST /api/v1/customerDetails/ HTTP/1.1" 200 379 "-" "PostmanRuntime/7.31.1"

info: ::1 - - [09/Mar/2023:05:32:22 +0000] "POST /api/v1/customerDetails/ HTTP/1.1" 200 594 "-" "PostmanRuntime/7.31.1"

info: ::1 - - [09/Mar/2023:05:33:43 +0000] "PUT /api/v1/customerDetails/64096f3fa4a4723294a10cca HTTP/1.1" 200 587 "-" "PostmanRuntime/7.31.1"

info: ::1 - - [09/Mar/2023:05:34:46 +0000] "PUT /api/v1/customerDetails/64096f3fa4a4723294a10cca HTTP/1.1" 400 70 "-" "PostmanRuntime/7.31.1"

info: ::1 - - [09/Mar/2023:05:35:01 +0000] "GET /api/v1/customerDetails/ HTTP/1.1" 404 47 "-" "PostmanRuntime/7.31.1"

info: ::1 - - [09/Mar/2023:05:35:20 +0000] "POST /api/v1/customerDetails/ HTTP/1.1" 200 806 "-" "PostmanRuntime/7.31.1"

info: ::1 - - [09/Mar/2023:05:35:33 +0000] "DELETE /api/v1/customerDetails/64097018a4a4723294a10cd4 HTTP/1.1" 200 587 "-" "PostmanRuntime/7.31.1"

info: ::1 - - [09/Mar/2023:06:20:14 +0000] "POST /api/v1/customerDetails/ HTTP/1.1" 200 803 "-" "PostmanRuntime/7.31.1"

info: ::1 - - [09/Mar/2023:06:23:53 +0000] "GET /api/v1/bookstore?search=&sort=price&order=as&page=3&limit=5 HTTP/1.1" 200 2623 "-" "PostmanRuntime/7.31.1"

info: ::1 - - [09/Mar/2023:06:24:07 +0000] "GET /api/v1/bookstore?search=&sort=price&order=as&page=1&limit=5 HTTP/1.1" 200 1572 "-" "PostmanRuntime/7.31.1"

info: ::1 - - [09/Mar/2023:06:24:32 +0000] "GET /api/v1/bookstore?search=&sort=price&order=asc&page=1&limit=5 HTTP/1.1" 200 1602 "-" "PostmanRuntime/7.31.1"

info: ::1 - - [09/Mar/2023:06:25:01 +0000] "GET /api/v1/bookstore?search=sive%20content HTTP/1.1" 200 398 "-" "PostmanRuntime/7.31.1"

