info: ::1 - - [08/Mar/2023:10:53:18 +0000] "POST /api/v1/cart/purchased HTTP/1.1" 400 58 "-" "PostmanRuntime/7.31.1"

info: ::1 - - [08/Mar/2023:10:54:44 +0000] "POST /api/v1/cart/purchased HTTP/1.1" 200 98 "-" "PostmanRuntime/7.31.1"

info: ::1 - - [08/Mar/2023:11:06:15 +0000] "POST /api/v1/cart/add/621589e905253301a4fda5da HTTP/1.1" 200 324 "-" "PostmanRuntime/7.31.1"

info: ::1 - - [08/Mar/2023:11:07:42 +0000] "POST /api/v1/cart/add/6215897105253301a4fda5d5 HTTP/1.1" 200 484 "-" "PostmanRuntime/7.31.1"

info: ::1 - - [08/Mar/2023:11:11:30 +0000] "POST /api/v1/cart/add/62158a0505253301a4fda5db HTTP/1.1" 500 76 "-" "PostmanRuntime/7.31.1"

info: ::1 - - [08/Mar/2023:12:11:03 +0000] "POST /api/v1//customerDetails/ HTTP/1.1" 200 328 "-" "PostmanRuntime/7.31.1"

info: ::1 - - [08/Mar/2023:12:12:09 +0000] "POST /api/v1//customerDetails/ HTTP/1.1" 200 545 "-" "PostmanRuntime/7.31.1"

info: ::1 - - [08/Mar/2023:12:27:33 +0000] "DELETE /api/v1//customerDetails/64087b55287dcb4724c82175 HTTP/1.1" 400 93 "-" "PostmanRuntime/7.31.1"

info: ::1 - - [08/Mar/2023:12:28:17 +0000] "DELETE /api/v1//customerDetails/64087b55287dcb4724c82175 HTTP/1.1" 200 333 "-" "PostmanRuntime/7.31.1"

info: ::1 - - [08/Mar/2023:12:28:31 +0000] "POST /api/v1//customerDetails/ HTTP/1.1" 200 548 "-" "PostmanRuntime/7.31.1"

info: ::1 - - [08/Mar/2023:13:53:33 +0000] "POST /api/v1//customerDetails/ HTTP/1.1" 200 360 "-" "PostmanRuntime/7.31.1"

info: ::1 - - [08/Mar/2023:13:54:36 +0000] "POST /api/v1//customerDetails/ HTTP/1.1" 200 581 "-" "PostmanRuntime/7.31.1"

info: ::1 - - [08/Mar/2023:13:54:43 +0000] "POST /api/v1//customerDetails/ HTTP/1.1" 200 800 "-" "PostmanRuntime/7.31.1"

info: ::1 - - [08/Mar/2023:13:55:28 +0000] "PUT /api/v1//customerDetails/6408939ce2c160039cd7f818 HTTP/1.1" 400 58 "-" "PostmanRuntime/7.31.1"

info: ::1 - - [08/Mar/2023:13:57:30 +0000] "PUT /api/v1//customerDetails/6408939ce2c160039cd7f818 HTTP/1.1" 400 58 "-" "PostmanRuntime/7.31.1"

info: ::1 - - [08/Mar/2023:13:58:15 +0000] "PUT /api/v1//customerDetails/6408939ce2c160039cd7f818 HTTP/1.1" 200 814 "-" "PostmanRuntime/7.31.1"

info: ::1 - - [08/Mar/2023:14:24:24 +0000] "GET /api/v1/bookstore HTTP/1.1" 200 9281 "-" "PostmanRuntime/7.31.1"

info: ::1 - - [08/Mar/2023:14:25:36 +0000] "GET /api/v1/bookstore HTTP/1.1" 200 9281 "-" "PostmanRuntime/7.31.1"

info: ::1 - - [08/Mar/2023:14:25:53 +0000] "GET /api/v1/bookstore?dfnkjdsfnkjdsnfkjn HTTP/1.1" 200 9281 "-" "PostmanRuntime/7.31.1"

info: ::1 - - [08/Mar/2023:14:59:05 +0000] "GET /api/v1/bookstore?q=Stive HTTP/1.1" 200 65 "-" "PostmanRuntime/7.31.1"

info: ::1 - - [08/Mar/2023:15:00:23 +0000] "GET /api/v1/bookstore?q=Stive HTTP/1.1" 200 9281 "-" "PostmanRuntime/7.31.1"

info: ::1 - - [08/Mar/2023:15:01:21 +0000] "GET /api/v1/bookstore?q=Narayan HTTP/1.1" 200 2182 "-" "PostmanRuntime/7.31.1"

info: ::1 - - [08/Mar/2023:15:02:06 +0000] "GET /api/v1/bookstore?q=Prem%20Patil HTTP/1.1" 200 377 "-" "PostmanRuntime/7.31.1"

info: ::1 - - [08/Mar/2023:15:02:27 +0000] "GET /api/v1/bookstore?q=ibu HTTP/1.1" 200 350 "-" "PostmanRuntime/7.31.1"

info: ::1 - - [08/Mar/2023:15:03:24 +0000] "GET /api/v1/bookstore?q=Design HTTP/1.1" 200 389 "-" "PostmanRuntime/7.31.1"

info: ::1 - - [08/Mar/2023:15:04:27 +0000] "GET /api/v1/bookstore?search=-Fci HTTP/1.1" 200 356 "-" "PostmanRuntime/7.31.1"

info: ::1 - - [08/Mar/2023:15:41:54 +0000] "GET /api/v1/bookstore?search=-Fci&sort=price HTTP/1.1" 500 71 "-" "PostmanRuntime/7.31.1"

info: ::1 - - [08/Mar/2023:15:45:38 +0000] "GET /api/v1/bookstore?search=-Fci&sort=price HTTP/1.1" 500 59 "-" "PostmanRuntime/7.31.1"

info: ::1 - - [08/Mar/2023:15:46:00 +0000] "GET /api/v1/bookstore?search=-Fci&sort=price&order=dsc HTTP/1.1" 500 59 "-" "PostmanRuntime/7.31.1"

info: ::1 - - [08/Mar/2023:15:46:37 +0000] "GET /api/v1/bookstore?search=-Fci&sort=price&order=dsc HTTP/1.1" 500 87 "-" "PostmanRuntime/7.31.1"

info: ::1 - - [08/Mar/2023:15:48:51 +0000] "GET /api/v1/bookstore?search=-Fci&sort=price&order=dsc HTTP/1.1" 500 87 "-" "PostmanRuntime/7.31.1"

info: ::1 - - [08/Mar/2023:15:49:45 +0000] "GET /api/v1/bookstore?search=-Fci&sort=price&order=-1 HTTP/1.1" 500 87 "-" "PostmanRuntime/7.31.1"

info: ::1 - - [08/Mar/2023:15:54:58 +0000] "GET /api/v1/bookstore?search=-Fci&sort=price&order=-1 HTTP/1.1" 200 356 "-" "PostmanRuntime/7.31.1"

info: ::1 - - [08/Mar/2023:15:55:08 +0000] "GET /api/v1/bookstore?search=&sort=price&order=-1 HTTP/1.1" 200 9281 "-" "PostmanRuntime/7.31.1"

info: ::1 - - [08/Mar/2023:15:59:46 +0000] "GET /api/v1/bookstore?search=&sort=price&order=asc HTTP/1.1" 200 9281 "-" "PostmanRuntime/7.31.1"

info: ::1 - - [08/Mar/2023:16:10:17 +0000] "GET /api/v1/bookstore?search=&sort=price&order=asc&page=2&limit=5 HTTP/1.1" 200 9281 "-" "PostmanRuntime/7.31.1"

info: ::1 - - [08/Mar/2023:16:13:53 +0000] "GET /api/v1/bookstore?search=&sort=price&order=asc&page=5&limit=5 HTTP/1.1" 200 685 "-" "PostmanRuntime/7.31.1"

info: ::1 - - [08/Mar/2023:16:14:18 +0000] "GET /api/v1/bookstore?search=&sort=price&order=as&page=5&limit=5 HTTP/1.1" 200 671 "-" "PostmanRuntime/7.31.1"

info: ::1 - - [08/Mar/2023:16:14:32 +0000] "GET /api/v1/bookstore?search=&sort=price&order=as&page=3&limit=5 HTTP/1.1" 200 2623 "-" "PostmanRuntime/7.31.1"

