info: ::1 - - [02/Mar/2023:04:50:34 +0000] "POST /api/v1/users/registerUser HTTP/1.1" 400 70 "-" "PostmanRuntime/7.31.1"

info: ::1 - - [02/Mar/2023:04:54:18 +0000] "POST /api/v1/users/registerUser HTTP/1.1" 400 103 "-" "PostmanRuntime/7.31.1"

info: ::1 - - [02/Mar/2023:04:57:31 +0000] "POST /api/v1/users/registerUser HTTP/1.1" 400 103 "-" "PostmanRuntime/7.31.1"

info: ::1 - - [02/Mar/2023:05:00:51 +0000] "POST /api/v1/users/registerUser HTTP/1.1" 400 70 "-" "PostmanRuntime/7.31.1"

info: ::1 - - [02/Mar/2023:08:24:44 +0000] "POST /api/v1/users/registerUser HTTP/1.1" 201 331 "-" "PostmanRuntime/7.31.1"

info: ::1 - - [02/Mar/2023:08:26:22 +0000] "POST /api/v1/users/login HTTP/1.1" 200 242 "-" "PostmanRuntime/7.31.1"

info: ::1 - - [02/Mar/2023:08:27:41 +0000] "POST /api/v1/users/forgetPassword HTTP/1.1" 400 78 "-" "PostmanRuntime/7.31.1"

info: ::1 - - [02/Mar/2023:09:16:32 +0000] "POST /api/v1/users/registerUser HTTP/1.1" 500 66 "-" "PostmanRuntime/7.31.1"

info: ::1 - - [02/Mar/2023:09:16:42 +0000] "POST /api/v1/users/registerUser HTTP/1.1" 201 327 "-" "PostmanRuntime/7.31.1"

info: ::1 - - [02/Mar/2023:09:16:52 +0000] "POST /api/v1/users/login HTTP/1.1" 200 249 "-" "PostmanRuntime/7.31.1"

info: ::1 - - [02/Mar/2023:09:17:26 +0000] "POST /api/v1/users/forgetPassword HTTP/1.1" 201 595 "-" "PostmanRuntime/7.31.1"

info: ::1 - - [02/Mar/2023:09:19:46 +0000] "POST /api/v1/users/resetPassword HTTP/1.1" 404 47 "-" "PostmanRuntime/7.31.1"

info: ::1 - - [02/Mar/2023:09:20:14 +0000] "POST /api/v1/users/resetPassword HTTP/1.1" 404 47 "-" "PostmanRuntime/7.31.1"

info: ::1 - - [02/Mar/2023:09:22:04 +0000] "POST /api/v1/users/resetPassword HTTP/1.1" 404 47 "-" "PostmanRuntime/7.31.1"

info: ::1 - - [02/Mar/2023:09:22:35 +0000] "PUT /api/v1/users/resetPassword HTTP/1.1" 201 98 "-" "PostmanRuntime/7.31.1"

info: ::1 - - [02/Mar/2023:09:24:34 +0000] "PUT /api/v1/users/forgetPassword HTTP/1.1" 404 47 "-" "PostmanRuntime/7.31.1"

info: ::1 - - [02/Mar/2023:09:24:40 +0000] "POST /api/v1/users/forgetPassword HTTP/1.1" 201 307 "-" "PostmanRuntime/7.31.1"

info: ::1 - - [02/Mar/2023:09:47:27 +0000] "POST /api/v1/users/forgetPassword HTTP/1.1" 201 592 "-" "PostmanRuntime/7.31.1"

info: ::1 - - [02/Mar/2023:10:24:15 +0000] "GET /api/v1/bookstore//All HTTP/1.1" 200 9282 "-" "PostmanRuntime/7.31.1"

info: ::1 - - [02/Mar/2023:10:24:54 +0000] "GET /api/v1/bookstore/All HTTP/1.1" 200 9282 "-" "PostmanRuntime/7.31.1"

info: ::1 - - [02/Mar/2023:10:25:03 +0000] "GET /api/v1/bookstore/621588af05253301a4fda5ce HTTP/1.1" 200 349 "-" "PostmanRuntime/7.31.1"

info: ::1 - - [02/Mar/2023:11:28:54 +0000] "GET /api/v1/bookstore/All HTTP/1.1" 200 9282 "-" "PostmanRuntime/7.31.1"

info: ::1 - - [02/Mar/2023:11:44:10 +0000] "GET /api/v1/bookstore/All HTTP/1.1" 200 9282 "-" "PostmanRuntime/7.31.1"

info: ::1 - - [02/Mar/2023:11:44:39 +0000] "GET /api/v1/bookstore/621588af05253301a4fda5ce HTTP/1.1" 200 349 "-" "PostmanRuntime/7.31.1"

