info: ::1 - - [04/Mar/2023:08:05:05 +0000] "GET /api/v1/bookstore/All HTTP/1.1" 400 127 "-" "PostmanRuntime/7.31.1"

info: ::1 - - [04/Mar/2023:08:05:21 +0000] "GET /api/v1/bookstore/ HTTP/1.1" 200 9282 "-" "PostmanRuntime/7.31.1"

info: ::1 - - [04/Mar/2023:08:05:50 +0000] "POST /api/v1/cart/add/6215892405253301a4fda5d2 HTTP/1.1" 400 56 "-" "PostmanRuntime/7.31.1"

info: ::1 - - [04/Mar/2023:08:06:22 +0000] "POST /api/v1/cart/add/6215892405253301a4fda5d2 HTTP/1.1" 400 59 "-" "PostmanRuntime/7.31.1"

info: ::1 - - [04/Mar/2023:08:08:43 +0000] "POST /api/v1/cart/add/6215892405253301a4fda5d2 HTTP/1.1" 400 59 "-" "PostmanRuntime/7.31.1"

info: ::1 - - [04/Mar/2023:08:10:13 +0000] "POST /api/v1/cart/add/6215892405253301a4fda5d2 HTTP/1.1" 400 59 "-" "PostmanRuntime/7.31.1"

info: ::1 - - [04/Mar/2023:08:11:09 +0000] "POST /api/v1/cart/add/6215892405253301a4fda5d2 HTTP/1.1" 400 63 "-" "PostmanRuntime/7.31.1"

info: ::1 - - [04/Mar/2023:08:11:35 +0000] "POST /api/v1/cart/add/6215892405253301a4fda5d2 HTTP/1.1" 200 328 "-" "PostmanRuntime/7.31.1"

info: ::1 - - [04/Mar/2023:08:13:28 +0000] "POST /api/v1/cart/add/6215892405253301a4fda5d2 HTTP/1.1" 200 328 "-" "PostmanRuntime/7.31.1"

info: ::1 - - [04/Mar/2023:08:13:38 +0000] "POST /api/v1/cart/add/6215892405253301a4fda5d2 HTTP/1.1" 200 328 "-" "PostmanRuntime/7.31.1"

info: ::1 - - [04/Mar/2023:08:37:35 +0000] "POST /api/v1/cart/remove/6215892405253301a4fda5d2 HTTP/1.1" 200 330 "-" "PostmanRuntime/7.31.1"

info: ::1 - - [04/Mar/2023:08:37:39 +0000] "POST /api/v1/cart/remove/6215892405253301a4fda5d2 HTTP/1.1" 200 330 "-" "PostmanRuntime/7.31.1"

info: ::1 - - [04/Mar/2023:08:37:50 +0000] "POST /api/v1/cart/add/6215892405253301a4fda5d2 HTTP/1.1" 200 328 "-" "PostmanRuntime/7.31.1"

info: ::1 - - [04/Mar/2023:08:37:52 +0000] "POST /api/v1/cart/add/6215892405253301a4fda5d2 HTTP/1.1" 200 328 "-" "PostmanRuntime/7.31.1"

info: ::1 - - [04/Mar/2023:08:37:53 +0000] "POST /api/v1/cart/add/6215892405253301a4fda5d2 HTTP/1.1" 200 328 "-" "PostmanRuntime/7.31.1"

info: ::1 - - [04/Mar/2023:08:38:04 +0000] "POST /api/v1/cart/remove/6215892405253301a4fda5d2 HTTP/1.1" 200 330 "-" "PostmanRuntime/7.31.1"

info: ::1 - - [04/Mar/2023:08:38:05 +0000] "POST /api/v1/cart/remove/6215892405253301a4fda5d2 HTTP/1.1" 200 330 "-" "PostmanRuntime/7.31.1"

info: ::1 - - [04/Mar/2023:08:38:07 +0000] "POST /api/v1/cart/remove/6215892405253301a4fda5d2 HTTP/1.1" 200 330 "-" "PostmanRuntime/7.31.1"

info: ::1 - - [04/Mar/2023:08:38:13 +0000] "POST /api/v1/cart/remove/6215892405253301a4fda5d2 HTTP/1.1" 400 59 "-" "PostmanRuntime/7.31.1"

info: ::1 - - [04/Mar/2023:08:38:23 +0000] "POST /api/v1/cart/remove/6215892405253301a4fda5d2 HTTP/1.1" 400 59 "-" "PostmanRuntime/7.31.1"

info: ::1 - - [04/Mar/2023:08:40:37 +0000] "POST /api/v1/cart/remove/6215892405253301a4fda5d2 HTTP/1.1" 200 183 "-" "PostmanRuntime/7.31.1"

info: ::1 - - [04/Mar/2023:08:40:42 +0000] "POST /api/v1/cart/remove/6215892405253301a4fda5d2 HTTP/1.1" 400 62 "-" "PostmanRuntime/7.31.1"

info: ::1 - - [04/Mar/2023:08:40:55 +0000] "POST /api/v1/cart/add/6215892405253301a4fda5d2 HTTP/1.1" 400 88 "-" "PostmanRuntime/7.31.1"

info: ::1 - - [04/Mar/2023:08:41:01 +0000] "POST /api/v1/cart/add/6215892405253301a4fda5d2 HTTP/1.1" 400 88 "-" "PostmanRuntime/7.31.1"

info: ::1 - - [04/Mar/2023:08:41:03 +0000] "POST /api/v1/cart/add/6215892405253301a4fda5d2 HTTP/1.1" 400 88 "-" "PostmanRuntime/7.31.1"

info: ::1 - - [04/Mar/2023:08:43:09 +0000] "POST /api/v1/cart/add/6215892405253301a4fda5d2 HTTP/1.1" 400 88 "-" "PostmanRuntime/7.31.1"

info: ::1 - - [04/Mar/2023:08:45:02 +0000] "POST /api/v1/cart/add/6215892405253301a4fda5d2 HTTP/1.1" 400 88 "-" "PostmanRuntime/7.31.1"

info: ::1 - - [04/Mar/2023:08:45:03 +0000] "POST /api/v1/cart/add/6215892405253301a4fda5d2 HTTP/1.1" 400 88 "-" "PostmanRuntime/7.31.1"

info: ::1 - - [04/Mar/2023:08:46:17 +0000] "POST /api/v1/cart/add/6215892405253301a4fda5d2 HTTP/1.1" 200 328 "-" "PostmanRuntime/7.31.1"

info: ::1 - - [04/Mar/2023:08:46:21 +0000] "POST /api/v1/cart/add/6215892405253301a4fda5d2 HTTP/1.1" 200 328 "-" "PostmanRuntime/7.31.1"

info: ::1 - - [04/Mar/2023:08:46:23 +0000] "POST /api/v1/cart/add/6215892405253301a4fda5d2 HTTP/1.1" 200 328 "-" "PostmanRuntime/7.31.1"

info: ::1 - - [04/Mar/2023:08:46:24 +0000] "POST /api/v1/cart/add/6215892405253301a4fda5d2 HTTP/1.1" 200 328 "-" "PostmanRuntime/7.31.1"

info: ::1 - - [04/Mar/2023:08:46:25 +0000] "POST /api/v1/cart/add/6215892405253301a4fda5d2 HTTP/1.1" 200 328 "-" "PostmanRuntime/7.31.1"

info: ::1 - - [04/Mar/2023:08:46:26 +0000] "POST /api/v1/cart/add/6215892405253301a4fda5d2 HTTP/1.1" 200 328 "-" "PostmanRuntime/7.31.1"

info: ::1 - - [04/Mar/2023:08:46:38 +0000] "POST /api/v1/cart/remove6215892405253301a4fda5d2 HTTP/1.1" 404 47 "-" "PostmanRuntime/7.31.1"

info: ::1 - - [04/Mar/2023:08:46:46 +0000] "POST /api/v1/cart/remove/6215892405253301a4fda5d2 HTTP/1.1" 200 330 "-" "PostmanRuntime/7.31.1"

info: ::1 - - [04/Mar/2023:08:46:48 +0000] "POST /api/v1/cart/remove/6215892405253301a4fda5d2 HTTP/1.1" 200 330 "-" "PostmanRuntime/7.31.1"

info: ::1 - - [04/Mar/2023:08:46:50 +0000] "POST /api/v1/cart/remove/6215892405253301a4fda5d2 HTTP/1.1" 200 330 "-" "PostmanRuntime/7.31.1"

info: ::1 - - [04/Mar/2023:08:46:51 +0000] "POST /api/v1/cart/remove/6215892405253301a4fda5d2 HTTP/1.1" 200 330 "-" "PostmanRuntime/7.31.1"

info: ::1 - - [04/Mar/2023:08:46:52 +0000] "POST /api/v1/cart/remove/6215892405253301a4fda5d2 HTTP/1.1" 200 330 "-" "PostmanRuntime/7.31.1"

info: ::1 - - [04/Mar/2023:08:46:55 +0000] "POST /api/v1/cart/remove/6215892405253301a4fda5d2 HTTP/1.1" 200 183 "-" "PostmanRuntime/7.31.1"

info: ::1 - - [04/Mar/2023:08:47:04 +0000] "POST /api/v1/cart/remove/6215892405253301a4fda5d2 HTTP/1.1" 400 62 "-" "PostmanRuntime/7.31.1"

info: ::1 - - [04/Mar/2023:08:47:20 +0000] "POST /api/v1/cart/add/6215892405253301a4fda5d2 HTTP/1.1" 200 328 "-" "PostmanRuntime/7.31.1"

info: ::1 - - [04/Mar/2023:08:47:22 +0000] "POST /api/v1/cart/add/6215892405253301a4fda5d2 HTTP/1.1" 200 328 "-" "PostmanRuntime/7.31.1"

info: ::1 - - [04/Mar/2023:08:47:23 +0000] "POST /api/v1/cart/add/6215892405253301a4fda5d2 HTTP/1.1" 200 328 "-" "PostmanRuntime/7.31.1"

info: ::1 - - [04/Mar/2023:08:47:24 +0000] "POST /api/v1/cart/add/6215892405253301a4fda5d2 HTTP/1.1" 200 328 "-" "PostmanRuntime/7.31.1"

info: ::1 - - [04/Mar/2023:08:47:51 +0000] "POST /api/v1/cart/add/621589b605253301a4fda5d8 HTTP/1.1" 200 328 "-" "PostmanRuntime/7.31.1"

info: ::1 - - [04/Mar/2023:08:47:54 +0000] "POST /api/v1/cart/add/621589b605253301a4fda5d8 HTTP/1.1" 200 328 "-" "PostmanRuntime/7.31.1"

info: ::1 - - [04/Mar/2023:08:47:56 +0000] "POST /api/v1/cart/add/621589b605253301a4fda5d8 HTTP/1.1" 200 328 "-" "PostmanRuntime/7.31.1"

info: ::1 - - [04/Mar/2023:08:47:57 +0000] "POST /api/v1/cart/add/621589b605253301a4fda5d8 HTTP/1.1" 200 328 "-" "PostmanRuntime/7.31.1"

info: ::1 - - [04/Mar/2023:08:48:43 +0000] "POST /api/v1/cart/add/621589b605253301a4fda5d8 HTTP/1.1" 200 329 "-" "PostmanRuntime/7.31.1"

info: ::1 - - [04/Mar/2023:08:49:13 +0000] "POST /api/v1/cart/remove/621589b605253301a4fda5d8 HTTP/1.1" 200 330 "-" "PostmanRuntime/7.31.1"

info: ::1 - - [04/Mar/2023:08:49:16 +0000] "POST /api/v1/cart/remove/621589b605253301a4fda5d8 HTTP/1.1" 200 330 "-" "PostmanRuntime/7.31.1"

info: ::1 - - [04/Mar/2023:08:49:17 +0000] "POST /api/v1/cart/remove/621589b605253301a4fda5d8 HTTP/1.1" 200 330 "-" "PostmanRuntime/7.31.1"

info: ::1 - - [04/Mar/2023:08:49:18 +0000] "POST /api/v1/cart/remove/621589b605253301a4fda5d8 HTTP/1.1" 200 330 "-" "PostmanRuntime/7.31.1"

info: ::1 - - [04/Mar/2023:08:49:19 +0000] "POST /api/v1/cart/remove/621589b605253301a4fda5d8 HTTP/1.1" 200 330 "-" "PostmanRuntime/7.31.1"

info: ::1 - - [04/Mar/2023:08:49:20 +0000] "POST /api/v1/cart/remove/621589b605253301a4fda5d8 HTTP/1.1" 200 330 "-" "PostmanRuntime/7.31.1"

info: ::1 - - [04/Mar/2023:08:49:21 +0000] "POST /api/v1/cart/remove/621589b605253301a4fda5d8 HTTP/1.1" 200 330 "-" "PostmanRuntime/7.31.1"

info: ::1 - - [04/Mar/2023:08:49:22 +0000] "POST /api/v1/cart/remove/621589b605253301a4fda5d8 HTTP/1.1" 200 330 "-" "PostmanRuntime/7.31.1"

info: ::1 - - [04/Mar/2023:08:49:39 +0000] "POST /api/v1/cart/add/621589b605253301a4fda5d8 HTTP/1.1" 200 328 "-" "PostmanRuntime/7.31.1"

info: ::1 - - [04/Mar/2023:08:50:17 +0000] "POST /api/v1/cart/add/621589e905253301a4fda5da HTTP/1.1" 200 328 "-" "PostmanRuntime/7.31.1"

info: ::1 - - [04/Mar/2023:08:50:28 +0000] "POST /api/v1/cart/remove/621589e905253301a4fda5da HTTP/1.1" 200 330 "-" "PostmanRuntime/7.31.1"

info: ::1 - - [04/Mar/2023:09:08:30 +0000] "POST /api/v1/cart/remove/621589e905253301a4fda5da HTTP/1.1" 200 330 "-" "PostmanRuntime/7.31.1"

info: ::1 - - [04/Mar/2023:09:08:31 +0000] "POST /api/v1/cart/remove/621589e905253301a4fda5da HTTP/1.1" 200 183 "-" "PostmanRuntime/7.31.1"

info: ::1 - - [04/Mar/2023:09:08:35 +0000] "POST /api/v1/cart/remove/621589e905253301a4fda5da HTTP/1.1" 400 62 "-" "PostmanRuntime/7.31.1"

info: ::1 - - [04/Mar/2023:09:08:43 +0000] "POST /api/v1/cart/add/621589e905253301a4fda5da HTTP/1.1" 200 324 "-" "PostmanRuntime/7.31.1"

info: ::1 - - [04/Mar/2023:09:09:08 +0000] "POST /api/v1/cart/add/618a67367836d7000eebbbdc HTTP/1.1" 400 82 "-" "PostmanRuntime/7.31.1"

info: ::1 - - [04/Mar/2023:09:09:36 +0000] "POST /api/v1/cart/add/616fdcc474dbc1000e41e655 HTTP/1.1" 400 82 "-" "PostmanRuntime/7.31.1"

info: ::1 - - [04/Mar/2023:09:13:16 +0000] "POST /api/v1/cart/add/616fdcc474dbc1000e41e655 HTTP/1.1" 400 82 "-" "PostmanRuntime/7.31.1"

info: ::1 - - [04/Mar/2023:09:14:07 +0000] "POST /api/v1/cart/add/6215897105253301a4fda5d5 HTTP/1.1" 200 324 "-" "PostmanRuntime/7.31.1"

info: ::1 - - [04/Mar/2023:09:16:21 +0000] "POST /api/v1/cart/add/6215897105253301a4fda5d5 HTTP/1.1" 200 324 "-" "PostmanRuntime/7.31.1"

info: ::1 - - [04/Mar/2023:09:18:56 +0000] "POST /api/v1/cart/add/6215897105253301a4fda5d5 HTTP/1.1" 400 61 "-" "PostmanRuntime/7.31.1"

info: ::1 - - [04/Mar/2023:09:19:14 +0000] "POST /api/v1/cart/add/6215897105253301a4fda5d5 HTTP/1.1" 200 324 "-" "PostmanRuntime/7.31.1"

info: ::1 - - [04/Mar/2023:09:19:59 +0000] "POST /api/v1/cart/add/621589b605253301a4fda5d8 HTTP/1.1" 200 324 "-" "PostmanRuntime/7.31.1"

info: ::1 - - [04/Mar/2023:09:21:38 +0000] "POST /api/v1/cart/add/621589b605253301a4fda5d8 HTTP/1.1" 200 324 "-" "PostmanRuntime/7.31.1"

info: ::1 - - [04/Mar/2023:09:23:09 +0000] "POST /api/v1/cart/add/621589b605253301a4fda5d8 HTTP/1.1" 200 324 "-" "PostmanRuntime/7.31.1"

info: ::1 - - [04/Mar/2023:09:26:58 +0000] "POST /api/v1/cart/add/621589b605253301a4fda5d8 HTTP/1.1" 200 324 "-" "PostmanRuntime/7.31.1"

info: ::1 - - [04/Mar/2023:09:28:56 +0000] "POST /api/v1/cart/add/621589b605253301a4fda5d8 HTTP/1.1" 200 324 "-" "PostmanRuntime/7.31.1"

info: ::1 - - [04/Mar/2023:09:29:58 +0000] "POST /api/v1/cart/add/621589b605253301a4fda5d8 HTTP/1.1" 200 326 "-" "PostmanRuntime/7.31.1"

info: ::1 - - [04/Mar/2023:09:31:59 +0000] "POST /api/v1/cart/add/621589b605253301a4fda5d8 HTTP/1.1" 400 73 "-" "PostmanRuntime/7.31.1"

info: ::1 - - [04/Mar/2023:09:34:47 +0000] "POST /api/v1/cart/add/621589b605253301a4fda5d8 HTTP/1.1" 200 1015 "-" "PostmanRuntime/7.31.1"

info: ::1 - - [04/Mar/2023:09:35:52 +0000] "POST /api/v1/cart/remove/64030a9bdbc5453eecbf3df6 HTTP/1.1" 200 1016 "-" "PostmanRuntime/7.31.1"

info: ::1 - - [04/Mar/2023:09:35:53 +0000] "POST /api/v1/cart/remove/64030a9bdbc5453eecbf3df6 HTTP/1.1" 200 1015 "-" "PostmanRuntime/7.31.1"

info: ::1 - - [04/Mar/2023:09:35:54 +0000] "POST /api/v1/cart/remove/64030a9bdbc5453eecbf3df6 HTTP/1.1" 200 1015 "-" "PostmanRuntime/7.31.1"

info: ::1 - - [04/Mar/2023:09:35:55 +0000] "POST /api/v1/cart/remove/64030a9bdbc5453eecbf3df6 HTTP/1.1" 200 1015 "-" "PostmanRuntime/7.31.1"

info: ::1 - - [04/Mar/2023:09:35:56 +0000] "POST /api/v1/cart/remove/64030a9bdbc5453eecbf3df6 HTTP/1.1" 200 1015 "-" "PostmanRuntime/7.31.1"

info: ::1 - - [04/Mar/2023:09:36:00 +0000] "POST /api/v1/cart/remove/64030a9bdbc5453eecbf3df6 HTTP/1.1" 200 1015 "-" "PostmanRuntime/7.31.1"

info: ::1 - - [04/Mar/2023:09:36:01 +0000] "POST /api/v1/cart/remove/64030a9bdbc5453eecbf3df6 HTTP/1.1" 200 1015 "-" "PostmanRuntime/7.31.1"

info: ::1 - - [04/Mar/2023:09:36:02 +0000] "POST /api/v1/cart/remove/64030a9bdbc5453eecbf3df6 HTTP/1.1" 200 1015 "-" "PostmanRuntime/7.31.1"

info: ::1 - - [04/Mar/2023:09:36:04 +0000] "POST /api/v1/cart/remove/64030a9bdbc5453eecbf3df6 HTTP/1.1" 200 1015 "-" "PostmanRuntime/7.31.1"

info: ::1 - - [04/Mar/2023:09:36:05 +0000] "POST /api/v1/cart/remove/64030a9bdbc5453eecbf3df6 HTTP/1.1" 200 874 "-" "PostmanRuntime/7.31.1"

info: ::1 - - [04/Mar/2023:09:36:15 +0000] "POST /api/v1/cart/remove/64030a9bdbc5453eecbf3df6 HTTP/1.1" 200 183 "-" "PostmanRuntime/7.31.1"

info: ::1 - - [04/Mar/2023:09:36:44 +0000] "POST /api/v1/cart/add/64030a9bdbc5453eecbf3df6 HTTP/1.1" 400 82 "-" "PostmanRuntime/7.31.1"

info: ::1 - - [04/Mar/2023:09:37:09 +0000] "POST /api/v1/cart/add/64030a9bdbc5453eecbf3df6 HTTP/1.1" 400 82 "-" "PostmanRuntime/7.31.1"

info: ::1 - - [04/Mar/2023:09:38:38 +0000] "POST /api/v1/cart/add/64030a9bdbc5453eecbf3df6 HTTP/1.1" 400 82 "-" "PostmanRuntime/7.31.1"

info: ::1 - - [04/Mar/2023:09:39:24 +0000] "POST /api/v1/cart/add/64030a9bdbc5453eecbf3df6 HTTP/1.1" 400 82 "-" "PostmanRuntime/7.31.1"

info: ::1 - - [04/Mar/2023:09:40:57 +0000] "POST /api/v1/cart/add/6215178d05253301a4fda5c4 HTTP/1.1" 200 368 "-" "PostmanRuntime/7.31.1"

info: ::1 - - [04/Mar/2023:09:41:05 +0000] "POST /api/v1/cart/add/6215178d05253301a4fda5c4 HTTP/1.1" 200 554 "-" "PostmanRuntime/7.31.1"

info: ::1 - - [04/Mar/2023:09:41:22 +0000] "POST /api/v1/cart/add/616fdcc474dbc1000e41e655 HTTP/1.1" 400 82 "-" "PostmanRuntime/7.31.1"

info: ::1 - - [04/Mar/2023:09:41:38 +0000] "POST /api/v1/cart/add/621588af05253301a4fda5ce HTTP/1.1" 200 702 "-" "PostmanRuntime/7.31.1"

info: ::1 - - [04/Mar/2023:09:41:53 +0000] "POST /api/v1/cart/add/621588af05253301a4fda5ce HTTP/1.1" 200 850 "-" "PostmanRuntime/7.31.1"

info: ::1 - - [04/Mar/2023:09:43:42 +0000] "POST /api/v1/cart/add/621588af05253301a4fda5ce HTTP/1.1" 200 998 "-" "PostmanRuntime/7.31.1"

info: ::1 - - [04/Mar/2023:09:48:17 +0000] "POST /api/v1/cart/add/621588af05253301a4fda5ce HTTP/1.1" 200 1146 "-" "PostmanRuntime/7.31.1"

info: ::1 - - [04/Mar/2023:09:52:54 +0000] "POST /api/v1/cart/remove/621588af05253301a4fda5ce HTTP/1.1" 400 62 "-" "PostmanRuntime/7.31.1"

info: ::1 - - [04/Mar/2023:09:54:07 +0000] "POST /api/v1/cart/add/621588af05253301a4fda5ce HTTP/1.1" 200 330 "-" "PostmanRuntime/7.31.1"

info: ::1 - - [04/Mar/2023:09:54:10 +0000] "POST /api/v1/cart/add/621588af05253301a4fda5ce HTTP/1.1" 200 330 "-" "PostmanRuntime/7.31.1"

info: ::1 - - [04/Mar/2023:09:54:42 +0000] "POST /api/v1/cart/add/6215888305253301a4fda5cd HTTP/1.1" 200 513 "-" "PostmanRuntime/7.31.1"

info: ::1 - - [04/Mar/2023:09:54:48 +0000] "POST /api/v1/cart/add/6215888305253301a4fda5cd HTTP/1.1" 200 513 "-" "PostmanRuntime/7.31.1"

info: ::1 - - [04/Mar/2023:09:55:23 +0000] "POST /api/v1/cart/add/6215899f05253301a4fda5d7 HTTP/1.1" 200 1156 "-" "PostmanRuntime/7.31.1"

info: ::1 - - [04/Mar/2023:09:55:38 +0000] "POST /api/v1/cart/add/6215899f05253301a4fda5d7 HTTP/1.1" 200 1156 "-" "PostmanRuntime/7.31.1"

info: ::1 - - [04/Mar/2023:09:55:39 +0000] "POST /api/v1/cart/add/6215899f05253301a4fda5d7 HTTP/1.1" 200 1156 "-" "PostmanRuntime/7.31.1"

info: ::1 - - [04/Mar/2023:09:56:19 +0000] "POST /api/v1/cart/remove/6215899f05253301a4fda5d7 HTTP/1.1" 200 1158 "-" "PostmanRuntime/7.31.1"

info: ::1 - - [04/Mar/2023:09:56:25 +0000] "POST /api/v1/cart/remove/6215899f05253301a4fda5d7 HTTP/1.1" 200 1158 "-" "PostmanRuntime/7.31.1"

info: ::1 - - [04/Mar/2023:09:56:29 +0000] "POST /api/v1/cart/remove/6215899f05253301a4fda5d7 HTTP/1.1" 200 515 "-" "PostmanRuntime/7.31.1"

info: ::1 - - [04/Mar/2023:09:56:39 +0000] "POST /api/v1/cart/remove/6215899f05253301a4fda5d7 HTTP/1.1" 400 62 "-" "PostmanRuntime/7.31.1"

info: ::1 - - [04/Mar/2023:09:57:03 +0000] "POST /api/v1/cart/remove/6215178d05253301a4fda5c4 HTTP/1.1" 400 62 "-" "PostmanRuntime/7.31.1"

info: ::1 - - [04/Mar/2023:09:57:30 +0000] "POST /api/v1/cart/remove/6403156224cd88467ce591ca HTTP/1.1" 400 62 "-" "PostmanRuntime/7.31.1"

info: ::1 - - [04/Mar/2023:09:58:27 +0000] "POST /api/v1/cart/remove/6403156224cd88467ce591ca HTTP/1.1" 400 62 "-" "PostmanRuntime/7.31.1"

info: ::1 - - [04/Mar/2023:09:58:58 +0000] "POST /api/v1/cart/remove/6403153f24cd88467ce591c3 HTTP/1.1" 400 62 "-" "PostmanRuntime/7.31.1"

info: ::1 - - [04/Mar/2023:10:00:07 +0000] "POST /api/v1/cart/remove/6403153f24cd88467ce591c3 HTTP/1.1" 400 62 "-" "PostmanRuntime/7.31.1"

info: ::1 - - [04/Mar/2023:10:01:56 +0000] "POST /api/v1/cart/remove/6403153f24cd88467ce591c3 HTTP/1.1" 400 62 "-" "PostmanRuntime/7.31.1"

info: ::1 - - [04/Mar/2023:10:03:33 +0000] "POST /api/v1/cart/remove/6403153f24cd88467ce591c3 HTTP/1.1" 400 92 "-" "PostmanRuntime/7.31.1"

info: ::1 - - [04/Mar/2023:10:13:44 +0000] "POST /api/v1/cart/remove/6403153f24cd88467ce591c3 HTTP/1.1" 400 92 "-" "PostmanRuntime/7.31.1"

info: ::1 - - [04/Mar/2023:10:13:52 +0000] "POST /api/v1/cart/add/6403153f24cd88467ce591c3 HTTP/1.1" 400 82 "-" "PostmanRuntime/7.31.1"

info: ::1 - - [04/Mar/2023:10:14:41 +0000] "POST /api/v1/cart/add/6215888305253301a4fda5cd HTTP/1.1" 200 513 "-" "PostmanRuntime/7.31.1"

info: ::1 - - [04/Mar/2023:10:14:55 +0000] "POST /api/v1/cart/remove/6215888305253301a4fda5cd HTTP/1.1" 200 515 "-" "PostmanRuntime/7.31.1"

info: ::1 - - [04/Mar/2023:10:14:58 +0000] "POST /api/v1/cart/remove/6215888305253301a4fda5cd HTTP/1.1" 200 515 "-" "PostmanRuntime/7.31.1"

info: ::1 - - [04/Mar/2023:10:15:04 +0000] "POST /api/v1/cart/remove/6215888305253301a4fda5cd HTTP/1.1" 200 332 "-" "PostmanRuntime/7.31.1"

info: ::1 - - [04/Mar/2023:10:15:09 +0000] "POST /api/v1/cart/remove/6215888305253301a4fda5cd HTTP/1.1" 400 92 "-" "PostmanRuntime/7.31.1"

info: ::1 - - [04/Mar/2023:10:16:11 +0000] "POST /api/v1/cart/add/6215888305253301a4fda5cd HTTP/1.1" 200 513 "-" "PostmanRuntime/7.31.1"

info: ::1 - - [04/Mar/2023:10:16:15 +0000] "POST /api/v1/cart/add/6215888305253301a4fda5cd HTTP/1.1" 200 513 "-" "PostmanRuntime/7.31.1"

info: ::1 - - [04/Mar/2023:10:16:45 +0000] "POST /api/v1/cart/remove/621588af05253301a4fda5ce HTTP/1.1" 200 515 "-" "PostmanRuntime/7.31.1"

info: ::1 - - [04/Mar/2023:10:17:41 +0000] "POST /api/v1/cart/remove/621588af05253301a4fda5ce HTTP/1.1" 200 367 "-" "PostmanRuntime/7.31.1"

info: ::1 - - [04/Mar/2023:10:17:50 +0000] "POST /api/v1/cart/remove/621588af05253301a4fda5ce HTTP/1.1" 400 62 "-" "PostmanRuntime/7.31.1"

info: ::1 - - [04/Mar/2023:10:18:01 +0000] "POST /api/v1/cart/add/621588af05253301a4fda5ce HTTP/1.1" 200 513 "-" "PostmanRuntime/7.31.1"

info: ::1 - - [04/Mar/2023:10:18:11 +0000] "POST /api/v1/cart/add/621588af05253301a4fda5ce HTTP/1.1" 200 513 "-" "PostmanRuntime/7.31.1"

info: ::1 - - [04/Mar/2023:10:18:15 +0000] "POST /api/v1/cart/add/621588af05253301a4fda5ce HTTP/1.1" 200 513 "-" "PostmanRuntime/7.31.1"

info: ::1 - - [04/Mar/2023:10:18:37 +0000] "POST /api/v1/cart/remove/6215888305253301a4fda5cd HTTP/1.1" 200 515 "-" "PostmanRuntime/7.31.1"

info: ::1 - - [04/Mar/2023:10:18:44 +0000] "POST /api/v1/cart/remove/6215888305253301a4fda5cd HTTP/1.1" 200 332 "-" "PostmanRuntime/7.31.1"

info: ::1 - - [04/Mar/2023:10:18:49 +0000] "POST /api/v1/cart/remove/6215888305253301a4fda5cd HTTP/1.1" 400 62 "-" "PostmanRuntime/7.31.1"

info: ::1 - - [04/Mar/2023:10:19:23 +0000] "POST /api/v1/cart/remove/6215897105253301a4fda5d5 HTTP/1.1" 400 62 "-" "PostmanRuntime/7.31.1"

info: ::1 - - [04/Mar/2023:10:19:30 +0000] "POST /api/v1/cart/add/6215897105253301a4fda5d5 HTTP/1.1" 200 491 "-" "PostmanRuntime/7.31.1"

info: ::1 - - [04/Mar/2023:10:19:36 +0000] "POST /api/v1/cart/add/6215897105253301a4fda5d5 HTTP/1.1" 200 492 "-" "PostmanRuntime/7.31.1"

info: ::1 - - [04/Mar/2023:10:19:47 +0000] "POST /api/v1/cart/add/6215897105253301a4fda5d5 HTTP/1.1" 200 492 "-" "PostmanRuntime/7.31.1"

info: ::1 - - [04/Mar/2023:10:23:29 +0000] "POST /api/v1/cart/remove/6215897105253301a4fda5d5 HTTP/1.1" 200 494 "-" "PostmanRuntime/7.31.1"

info: ::1 - - [04/Mar/2023:10:23:30 +0000] "POST /api/v1/cart/remove/6215897105253301a4fda5d5 HTTP/1.1" 200 493 "-" "PostmanRuntime/7.31.1"

info: ::1 - - [04/Mar/2023:10:23:32 +0000] "POST /api/v1/cart/remove/6215897105253301a4fda5d5 HTTP/1.1" 200 332 "-" "PostmanRuntime/7.31.1"

info: ::1 - - [04/Mar/2023:10:23:34 +0000] "POST /api/v1/cart/remove/6215897105253301a4fda5d5 HTTP/1.1" 400 62 "-" "PostmanRuntime/7.31.1"

info: ::1 - - [04/Mar/2023:10:23:55 +0000] "POST /api/v1/cart/remove/621588af05253301a4fda5ce HTTP/1.1" 200 333 "-" "PostmanRuntime/7.31.1"

info: ::1 - - [04/Mar/2023:10:23:56 +0000] "POST /api/v1/cart/remove/621588af05253301a4fda5ce HTTP/1.1" 200 333 "-" "PostmanRuntime/7.31.1"

info: ::1 - - [04/Mar/2023:10:23:58 +0000] "POST /api/v1/cart/remove/621588af05253301a4fda5ce HTTP/1.1" 200 184 "-" "PostmanRuntime/7.31.1"

info: ::1 - - [04/Mar/2023:10:25:42 +0000] "POST /api/v1/cart/add/6214803b05253301a4fda584 HTTP/1.1" 200 1048 "-" "PostmanRuntime/7.31.1"

info: ::1 - - [04/Mar/2023:10:34:43 +0000] "POST /api/v1/cart/add/6214803b05253301a4fda584 HTTP/1.1" 200 1049 "-" "PostmanRuntime/7.31.1"

info: ::1 - - [04/Mar/2023:10:35:54 +0000] "POST /api/v1/cart/add/6214803b05253301a4fda584 HTTP/1.1" 200 1049 "-" "PostmanRuntime/7.31.1"

info: ::1 - - [04/Mar/2023:10:41:20 +0000] "POST /api/v1/cart/add/6214803b05253301a4fda584 HTTP/1.1" 200 1049 "-" "PostmanRuntime/7.31.1"

info: ::1 - - [04/Mar/2023:10:41:32 +0000] "POST /api/v1/cart/add/6214803b05253301a4fda584 HTTP/1.1" 200 1049 "-" "PostmanRuntime/7.31.1"

info: ::1 - - [04/Mar/2023:10:42:18 +0000] "POST /api/v1/cart/add/6214803b05253301a4fda584 HTTP/1.1" 200 1049 "-" "PostmanRuntime/7.31.1"

info: ::1 - - [04/Mar/2023:10:44:45 +0000] "POST /api/v1/cart/remove/6214803b05253301a4fda584 HTTP/1.1" 200 1051 "-" "PostmanRuntime/7.31.1"

