info: Server started at http://localhost:5455/api/v1/ {"timestamp":"2023-03-08T10:52:23.296Z"}
info: Connected to the database. {"timestamp":"2023-03-08T10:52:23.448Z"}
info: Server started at http://localhost:5455/api/v1/ {"timestamp":"2023-03-08T10:53:11.207Z"}
info: Connected to the database. {"timestamp":"2023-03-08T10:53:11.251Z"}
error: 
    status - 500 
    message - ReferenceError: id is not defined
    at _callee3$ (E:\bookstore\src\services\/cart.service.js:97:16)
    at tryCatch (E:\bookstore\node_modules\@babel\runtime\helpers\regeneratorRuntime.js:44:17)
    at Generator.<anonymous> (E:\bookstore\node_modules\@babel\runtime\helpers\regeneratorRuntime.js:125:22)
    at Generator.next (E:\bookstore\node_modules\@babel\runtime\helpers\regeneratorRuntime.js:69:21)
    at asyncGeneratorStep (E:\bookstore\node_modules\@babel\runtime\helpers\asyncToGenerator.js:3:24)
    at _next (E:\bookstore\node_modules\@babel\runtime\helpers\asyncToGenerator.js:22:9)
    at processTicksAndRejections (node:internal/process/task_queues:95:5) 
    url - /api/v1/cart/purchased 
    method - POST 
    IP - ::1
   {"timestamp":"2023-03-08T10:53:18.311Z"}
info: Server started at http://localhost:5455/api/v1/ {"timestamp":"2023-03-08T10:53:53.859Z"}
info: Connected to the database. {"timestamp":"2023-03-08T10:53:53.910Z"}
info: Server started at http://localhost:5455/api/v1/ {"timestamp":"2023-03-08T10:54:18.238Z"}
info: Connected to the database. {"timestamp":"2023-03-08T10:54:18.278Z"}
info: Server started at http://localhost:5455/api/v1/ {"timestamp":"2023-03-08T10:58:20.789Z"}
info: Connected to the database. {"timestamp":"2023-03-08T10:58:20.835Z"}
info: Server started at http://localhost:5455/api/v1/ {"timestamp":"2023-03-08T10:58:34.152Z"}
info: Connected to the database. {"timestamp":"2023-03-08T10:58:34.184Z"}
info: Server started at http://localhost:5455/api/v1/ {"timestamp":"2023-03-08T10:58:56.019Z"}
info: Connected to the database. {"timestamp":"2023-03-08T10:58:56.061Z"}
info: Server started at http://localhost:5455/api/v1/ {"timestamp":"2023-03-08T11:01:34.080Z"}
info: Connected to the database. {"timestamp":"2023-03-08T11:01:34.119Z"}
info: Server started at http://localhost:5455/api/v1/ {"timestamp":"2023-03-08T11:01:52.828Z"}
info: Connected to the database. {"timestamp":"2023-03-08T11:01:52.866Z"}
info: Server started at http://localhost:5455/api/v1/ {"timestamp":"2023-03-08T11:03:44.269Z"}
info: Connected to the database. {"timestamp":"2023-03-08T11:03:44.345Z"}
info: Server started at http://localhost:5455/api/v1/ {"timestamp":"2023-03-08T11:04:10.088Z"}
info: Connected to the database. {"timestamp":"2023-03-08T11:04:10.156Z"}
info: Server started at http://localhost:5455/api/v1/ {"timestamp":"2023-03-08T11:04:35.636Z"}
info: Connected to the database. {"timestamp":"2023-03-08T11:04:35.708Z"}
info: Server started at http://localhost:5455/api/v1/ {"timestamp":"2023-03-08T11:05:52.651Z"}
info: Connected to the database. {"timestamp":"2023-03-08T11:05:52.714Z"}
info: Server started at http://localhost:5455/api/v1/ {"timestamp":"2023-03-08T11:08:28.716Z"}
info: Connected to the database. {"timestamp":"2023-03-08T11:08:28.778Z"}
info: Server started at http://localhost:5455/api/v1/ {"timestamp":"2023-03-08T11:10:15.746Z"}
info: Connected to the database. {"timestamp":"2023-03-08T11:10:15.887Z"}
error: 
    status - 500 
    message - Error: Book does not exists in inventory add first 
    at _callee$ (E:\bookstore\src\services\/cart.service.js:53:11)
    at tryCatch (E:\bookstore\node_modules\@babel\runtime\helpers\regeneratorRuntime.js:44:17)
    at Generator.<anonymous> (E:\bookstore\node_modules\@babel\runtime\helpers\regeneratorRuntime.js:125:22)
    at Generator.next (E:\bookstore\node_modules\@babel\runtime\helpers\regeneratorRuntime.js:69:21)
    at asyncGeneratorStep (E:\bookstore\node_modules\@babel\runtime\helpers\asyncToGenerator.js:3:24)
    at _next (E:\bookstore\node_modules\@babel\runtime\helpers\asyncToGenerator.js:22:9)
    at processTicksAndRejections (node:internal/process/task_queues:95:5) 
    url - /api/v1/cart/add/62158a0505253301a4fda5db 
    method - POST 
    IP - ::1
   {"timestamp":"2023-03-08T11:11:30.759Z"}
info: Server started at http://localhost:5455/api/v1/ {"timestamp":"2023-03-08T11:12:18.815Z"}
info: Connected to the database. {"timestamp":"2023-03-08T11:12:18.869Z"}
info: Server started at http://localhost:5455/api/v1/ {"timestamp":"2023-03-08T11:12:50.048Z"}
info: Connected to the database. {"timestamp":"2023-03-08T11:12:50.095Z"}
info: Connected to the database. {"timestamp":"2023-03-08T11:13:39.697Z"}
info: Connected to the database. {"timestamp":"2023-03-08T11:13:56.260Z"}
info: Server started at http://localhost:5455/api/v1/ {"timestamp":"2023-03-08T12:07:52.342Z"}
info: Connected to the database. {"timestamp":"2023-03-08T12:07:52.379Z"}
info: Server started at http://localhost:5455/api/v1/ {"timestamp":"2023-03-08T12:13:27.250Z"}
info: Connected to the database. {"timestamp":"2023-03-08T12:13:27.294Z"}
info: Server started at http://localhost:5455/api/v1/ {"timestamp":"2023-03-08T12:14:29.508Z"}
info: Connected to the database. {"timestamp":"2023-03-08T12:14:29.571Z"}
info: Server started at http://localhost:5455/api/v1/ {"timestamp":"2023-03-08T12:14:42.388Z"}
info: Connected to the database. {"timestamp":"2023-03-08T12:14:42.431Z"}
info: Server started at http://localhost:5455/api/v1/ {"timestamp":"2023-03-08T12:14:58.117Z"}
info: Connected to the database. {"timestamp":"2023-03-08T12:14:58.161Z"}
info: Server started at http://localhost:5455/api/v1/ {"timestamp":"2023-03-08T12:15:07.484Z"}
info: Connected to the database. {"timestamp":"2023-03-08T12:15:07.526Z"}
info: Server started at http://localhost:5455/api/v1/ {"timestamp":"2023-03-08T12:15:29.006Z"}
info: Connected to the database. {"timestamp":"2023-03-08T12:15:29.052Z"}
info: Server started at http://localhost:5455/api/v1/ {"timestamp":"2023-03-08T12:16:49.979Z"}
info: Connected to the database. {"timestamp":"2023-03-08T12:16:50.029Z"}
info: Server started at http://localhost:5455/api/v1/ {"timestamp":"2023-03-08T12:17:13.840Z"}
info: Connected to the database. {"timestamp":"2023-03-08T12:17:13.897Z"}
info: Server started at http://localhost:5455/api/v1/ {"timestamp":"2023-03-08T12:17:34.277Z"}
info: Connected to the database. {"timestamp":"2023-03-08T12:17:34.329Z"}
info: Server started at http://localhost:5455/api/v1/ {"timestamp":"2023-03-08T12:17:49.799Z"}
info: Connected to the database. {"timestamp":"2023-03-08T12:17:49.875Z"}
info: Server started at http://localhost:5455/api/v1/ {"timestamp":"2023-03-08T12:18:18.669Z"}
info: Connected to the database. {"timestamp":"2023-03-08T12:18:18.787Z"}
info: Server started at http://localhost:5455/api/v1/ {"timestamp":"2023-03-08T12:18:29.580Z"}
info: Connected to the database. {"timestamp":"2023-03-08T12:18:29.634Z"}
info: Server started at http://localhost:5455/api/v1/ {"timestamp":"2023-03-08T12:18:46.288Z"}
info: Connected to the database. {"timestamp":"2023-03-08T12:18:46.329Z"}
info: Server started at http://localhost:5455/api/v1/ {"timestamp":"2023-03-08T12:20:04.542Z"}
info: Connected to the database. {"timestamp":"2023-03-08T12:20:04.638Z"}
info: Server started at http://localhost:5455/api/v1/ {"timestamp":"2023-03-08T12:20:47.289Z"}
info: Connected to the database. {"timestamp":"2023-03-08T12:20:47.332Z"}
info: Server started at http://localhost:5455/api/v1/ {"timestamp":"2023-03-08T12:21:42.460Z"}
info: Connected to the database. {"timestamp":"2023-03-08T12:21:42.568Z"}
info: Server started at http://localhost:5455/api/v1/ {"timestamp":"2023-03-08T12:21:55.510Z"}
info: Connected to the database. {"timestamp":"2023-03-08T12:21:55.556Z"}
info: Server started at http://localhost:5455/api/v1/ {"timestamp":"2023-03-08T12:22:43.120Z"}
info: Connected to the database. {"timestamp":"2023-03-08T12:22:43.167Z"}
info: Server started at http://localhost:5455/api/v1/ {"timestamp":"2023-03-08T12:22:55.149Z"}
info: Connected to the database. {"timestamp":"2023-03-08T12:22:55.191Z"}
info: Server started at http://localhost:5455/api/v1/ {"timestamp":"2023-03-08T12:23:07.221Z"}
info: Connected to the database. {"timestamp":"2023-03-08T12:23:07.269Z"}
info: Server started at http://localhost:5455/api/v1/ {"timestamp":"2023-03-08T12:23:21.881Z"}
info: Connected to the database. {"timestamp":"2023-03-08T12:23:21.951Z"}
info: Server started at http://localhost:5455/api/v1/ {"timestamp":"2023-03-08T12:24:07.539Z"}
info: Connected to the database. {"timestamp":"2023-03-08T12:24:07.601Z"}
info: Server started at http://localhost:5455/api/v1/ {"timestamp":"2023-03-08T12:24:56.024Z"}
info: Connected to the database. {"timestamp":"2023-03-08T12:24:56.076Z"}
info: Server started at http://localhost:5455/api/v1/ {"timestamp":"2023-03-08T12:25:21.669Z"}
info: Connected to the database. {"timestamp":"2023-03-08T12:25:21.711Z"}
info: Server started at http://localhost:5455/api/v1/ {"timestamp":"2023-03-08T12:26:25.775Z"}
info: Connected to the database. {"timestamp":"2023-03-08T12:26:25.812Z"}
info: Server started at http://localhost:5455/api/v1/ {"timestamp":"2023-03-08T12:27:02.561Z"}
info: Connected to the database. {"timestamp":"2023-03-08T12:27:02.617Z"}
error: 
    status - 500 
    message - TypeError: Cannot read properties of undefined (reading 'findIndex')
    at _callee2$ (E:\bookstore\src\services\/customerDetails.service.js:38:76)
    at tryCatch (E:\bookstore\node_modules\@babel\runtime\helpers\regeneratorRuntime.js:44:17)
    at Generator.<anonymous> (E:\bookstore\node_modules\@babel\runtime\helpers\regeneratorRuntime.js:125:22)
    at Generator.next (E:\bookstore\node_modules\@babel\runtime\helpers\regeneratorRuntime.js:69:21)
    at asyncGeneratorStep (E:\bookstore\node_modules\@babel\runtime\helpers\asyncToGenerator.js:3:24)
    at _next (E:\bookstore\node_modules\@babel\runtime\helpers\asyncToGenerator.js:22:9)
    at processTicksAndRejections (node:internal/process/task_queues:95:5) 
    url - /api/v1//customerDetails/64087b55287dcb4724c82175 
    method - DELETE 
    IP - ::1
   {"timestamp":"2023-03-08T12:27:33.250Z"}
info: Server started at http://localhost:5455/api/v1/ {"timestamp":"2023-03-08T12:28:08.547Z"}
info: Connected to the database. {"timestamp":"2023-03-08T12:28:08.592Z"}
info: Server started at http://localhost:5455/api/v1/ {"timestamp":"2023-03-08T12:38:40.151Z"}
info: Connected to the database. {"timestamp":"2023-03-08T12:38:40.183Z"}
info: Server started at http://localhost:5455/api/v1/ {"timestamp":"2023-03-08T12:41:14.038Z"}
info: Connected to the database. {"timestamp":"2023-03-08T12:41:14.079Z"}
error: 
    status - 500 
    message - ReferenceError: id is not defined
    at find (E:\bookstore\src\services\/customerDetails.service.js:44:75)
    at CoreDocumentArray.find (<anonymous>)
    at _callee2$ (E:\bookstore\src\services\/customerDetails.service.js:44:46)
    at tryCatch (E:\bookstore\node_modules\@babel\runtime\helpers\regeneratorRuntime.js:44:17)
    at Generator.<anonymous> (E:\bookstore\node_modules\@babel\runtime\helpers\regeneratorRuntime.js:125:22)
    at Generator.next (E:\bookstore\node_modules\@babel\runtime\helpers\regeneratorRuntime.js:69:21)
    at asyncGeneratorStep (E:\bookstore\node_modules\@babel\runtime\helpers\asyncToGenerator.js:3:24)
    at _next (E:\bookstore\node_modules\@babel\runtime\helpers\asyncToGenerator.js:22:9)
    at processTicksAndRejections (node:internal/process/task_queues:95:5) 
    url - /api/v1//customerDetails/6408939ce2c160039cd7f818 
    method - PUT 
    IP - ::1
   {"timestamp":"2023-03-08T13:55:28.954Z"}
info: Server started at http://localhost:5455/api/v1/ {"timestamp":"2023-03-08T13:56:27.671Z"}
info: Connected to the database. {"timestamp":"2023-03-08T13:56:27.738Z"}
error: 
    status - 500 
    message - ReferenceError: id is not defined
    at find (E:\bookstore\src\services\/customerDetails.service.js:44:75)
    at CoreDocumentArray.find (<anonymous>)
    at _callee2$ (E:\bookstore\src\services\/customerDetails.service.js:44:46)
    at tryCatch (E:\bookstore\node_modules\@babel\runtime\helpers\regeneratorRuntime.js:44:17)
    at Generator.<anonymous> (E:\bookstore\node_modules\@babel\runtime\helpers\regeneratorRuntime.js:125:22)
    at Generator.next (E:\bookstore\node_modules\@babel\runtime\helpers\regeneratorRuntime.js:69:21)
    at asyncGeneratorStep (E:\bookstore\node_modules\@babel\runtime\helpers\asyncToGenerator.js:3:24)
    at _next (E:\bookstore\node_modules\@babel\runtime\helpers\asyncToGenerator.js:22:9)
    at processTicksAndRejections (node:internal/process/task_queues:95:5) 
    url - /api/v1//customerDetails/6408939ce2c160039cd7f818 
    method - PUT 
    IP - ::1
   {"timestamp":"2023-03-08T13:57:30.917Z"}
info: Server started at http://localhost:5455/api/v1/ {"timestamp":"2023-03-08T13:58:08.108Z"}
info: Connected to the database. {"timestamp":"2023-03-08T13:58:08.143Z"}
info: Server started at http://localhost:5455/api/v1/ {"timestamp":"2023-03-08T14:24:20.190Z"}
info: Connected to the database. {"timestamp":"2023-03-08T14:24:20.255Z"}
info: Server started at http://localhost:5455/api/v1/ {"timestamp":"2023-03-08T14:25:32.982Z"}
info: Connected to the database. {"timestamp":"2023-03-08T14:25:33.046Z"}
info: Server started at http://localhost:5455/api/v1/ {"timestamp":"2023-03-08T14:52:59.656Z"}
info: Connected to the database. {"timestamp":"2023-03-08T14:52:59.700Z"}
info: Server started at http://localhost:5455/api/v1/ {"timestamp":"2023-03-08T14:54:56.637Z"}
info: Connected to the database. {"timestamp":"2023-03-08T14:54:56.714Z"}
info: Server started at http://localhost:5455/api/v1/ {"timestamp":"2023-03-08T14:55:07.198Z"}
info: Connected to the database. {"timestamp":"2023-03-08T14:55:07.243Z"}
info: Server started at http://localhost:5455/api/v1/ {"timestamp":"2023-03-08T14:57:13.381Z"}
info: Connected to the database. {"timestamp":"2023-03-08T14:57:13.427Z"}
info: Server started at http://localhost:5455/api/v1/ {"timestamp":"2023-03-08T14:58:04.602Z"}
info: Connected to the database. {"timestamp":"2023-03-08T14:58:04.675Z"}
info: Server started at http://localhost:5455/api/v1/ {"timestamp":"2023-03-08T15:00:16.817Z"}
info: Connected to the database. {"timestamp":"2023-03-08T15:00:16.869Z"}
info: Server started at http://localhost:5455/api/v1/ {"timestamp":"2023-03-08T15:01:16.739Z"}
info: Connected to the database. {"timestamp":"2023-03-08T15:01:16.790Z"}
info: Server started at http://localhost:5455/api/v1/ {"timestamp":"2023-03-08T15:04:00.991Z"}
info: Connected to the database. {"timestamp":"2023-03-08T15:04:01.079Z"}
info: Server started at http://localhost:5455/api/v1/ {"timestamp":"2023-03-08T15:04:13.132Z"}
info: Connected to the database. {"timestamp":"2023-03-08T15:04:13.199Z"}
info: Server started at http://localhost:5455/api/v1/ {"timestamp":"2023-03-08T15:37:14.319Z"}
info: Connected to the database. {"timestamp":"2023-03-08T15:37:14.388Z"}
info: Server started at http://localhost:5455/api/v1/ {"timestamp":"2023-03-08T15:37:50.880Z"}
info: Connected to the database. {"timestamp":"2023-03-08T15:37:50.919Z"}
info: Server started at http://localhost:5455/api/v1/ {"timestamp":"2023-03-08T15:38:04.688Z"}
info: Connected to the database. {"timestamp":"2023-03-08T15:38:04.732Z"}
info: Server started at http://localhost:5455/api/v1/ {"timestamp":"2023-03-08T15:38:50.595Z"}
info: Connected to the database. {"timestamp":"2023-03-08T15:38:50.642Z"}
info: Server started at http://localhost:5455/api/v1/ {"timestamp":"2023-03-08T15:39:55.884Z"}
info: Connected to the database. {"timestamp":"2023-03-08T15:39:55.928Z"}
info: Server started at http://localhost:5455/api/v1/ {"timestamp":"2023-03-08T15:40:24.961Z"}
info: Connected to the database. {"timestamp":"2023-03-08T15:40:25.002Z"}
info: Server started at http://localhost:5455/api/v1/ {"timestamp":"2023-03-08T15:40:53.541Z"}
info: Connected to the database. {"timestamp":"2023-03-08T15:40:53.608Z"}
info: Server started at http://localhost:5455/api/v1/ {"timestamp":"2023-03-08T15:41:16.899Z"}
info: Connected to the database. {"timestamp":"2023-03-08T15:41:16.942Z"}
error: 
    status - 500 
    message - TypeError: Invalid sort value: { sort: price }
    at push (E:\bookstore\node_modules\mquery\lib\mquery.js:1325:19)
    at model.Query.Query.sort (E:\bookstore\node_modules\mquery\lib\mquery.js:1282:7)
    at model.Query.sort (E:\bookstore\node_modules\mongoose\lib\query.js:2685:26)
    at _callee$ (E:\bookstore\src\services\/bookstore.service.js:18:6)
    at tryCatch (E:\bookstore\node_modules\@babel\runtime\helpers\regeneratorRuntime.js:44:17)
    at Generator.<anonymous> (E:\bookstore\node_modules\@babel\runtime\helpers\regeneratorRuntime.js:125:22)
    at Generator.next (E:\bookstore\node_modules\@babel\runtime\helpers\regeneratorRuntime.js:69:21)
    at asyncGeneratorStep (E:\bookstore\node_modules\@babel\runtime\helpers\asyncToGenerator.js:3:24)
    at _next (E:\bookstore\node_modules\@babel\runtime\helpers\asyncToGenerator.js:22:9)
    at E:\bookstore\node_modules\@babel\runtime\helpers\asyncToGenerator.js:27:7
    at new Promise (<anonymous>)
    at Object.apply (E:\bookstore\node_modules\@babel\runtime\helpers\asyncToGenerator.js:19:12)
    at Object.getAllbook (E:\bookstore\src\services\/bookstore.service.js:4:24)
    at _callee$ (E:\bookstore\src\controllers\/bookstore.controller.js:6:41)
    at tryCatch (E:\bookstore\node_modules\@babel\runtime\helpers\regeneratorRuntime.js:44:17)
    at Generator.<anonymous> (E:\bookstore\node_modules\@babel\runtime\helpers\regeneratorRuntime.js:125:22)
    at Generator.next (E:\bookstore\node_modules\@babel\runtime\helpers\regeneratorRuntime.js:69:21)
    at asyncGeneratorStep (E:\bookstore\node_modules\@babel\runtime\helpers\asyncToGenerator.js:3:24)
    at _next (E:\bookstore\node_modules\@babel\runtime\helpers\asyncToGenerator.js:22:9)
    at E:\bookstore\node_modules\@babel\runtime\helpers\asyncToGenerator.js:27:7
    at new Promise (<anonymous>)
    at apply (E:\bookstore\node_modules\@babel\runtime\helpers\asyncToGenerator.js:19:12)
    at getAllbook (E:\bookstore\src\controllers\/bookstore.controller.js:4:24)
    at Layer.handle [as handle_request] (E:\bookstore\node_modules\express\lib\router\layer.js:95:5)
    at next (E:\bookstore\node_modules\express\lib\router\route.js:144:13)
    at Route.dispatch (E:\bookstore\node_modules\express\lib\router\route.js:114:3)
    at Layer.handle [as handle_request] (E:\bookstore\node_modules\express\lib\router\layer.js:95:5)
    at E:\bookstore\node_modules\express\lib\router\index.js:284:15
    at Function.process_params (E:\bookstore\node_modules\express\lib\router\index.js:346:12)
    at next (E:\bookstore\node_modules\express\lib\router\index.js:280:10)
    at Function.handle (E:\bookstore\node_modules\express\lib\router\index.js:175:3)
    at router (E:\bookstore\node_modules\express\lib\router\index.js:47:12)
    at Layer.handle [as handle_request] (E:\bookstore\node_modules\express\lib\router\layer.js:95:5)
    at trim_prefix (E:\bookstore\node_modules\express\lib\router\index.js:328:13)
    at E:\bookstore\node_modules\express\lib\router\index.js:286:9
    at Function.process_params (E:\bookstore\node_modules\express\lib\router\index.js:346:12)
    at next (E:\bookstore\node_modules\express\lib\router\index.js:280:10)
    at Function.handle (E:\bookstore\node_modules\express\lib\router\index.js:175:3)
    at router (E:\bookstore\node_modules\express\lib\router\index.js:47:12)
    at Layer.handle [as handle_request] (E:\bookstore\node_modules\express\lib\router\layer.js:95:5)
    at trim_prefix (E:\bookstore\node_modules\express\lib\router\index.js:328:13)
    at E:\bookstore\node_modules\express\lib\router\index.js:286:9
    at Function.process_params (E:\bookstore\node_modules\express\lib\router\index.js:346:12)
    at next (E:\bookstore\node_modules\express\lib\router\index.js:280:10)
    at logger (E:\bookstore\node_modules\morgan\index.js:144:5)
    at Layer.handle [as handle_request] (E:\bookstore\node_modules\express\lib\router\layer.js:95:5)
    at trim_prefix (E:\bookstore\node_modules\express\lib\router\index.js:328:13)
    at E:\bookstore\node_modules\express\lib\router\index.js:286:9
    at Function.process_params (E:\bookstore\node_modules\express\lib\router\index.js:346:12)
    at next (E:\bookstore\node_modules\express\lib\router\index.js:280:10) 
    url - /api/v1/bookstore?search=-Fci&sort=price 
    method - GET 
    IP - ::1
   {"timestamp":"2023-03-08T15:41:54.424Z"}
info: Server started at http://localhost:5455/api/v1/ {"timestamp":"2023-03-08T15:44:06.301Z"}
info: Connected to the database. {"timestamp":"2023-03-08T15:44:06.354Z"}
info: Server started at http://localhost:5455/api/v1/ {"timestamp":"2023-03-08T15:44:32.199Z"}
info: Connected to the database. {"timestamp":"2023-03-08T15:44:32.249Z"}
info: Server started at http://localhost:5455/api/v1/ {"timestamp":"2023-03-08T15:45:07.879Z"}
info: Connected to the database. {"timestamp":"2023-03-08T15:45:07.932Z"}
info: Server started at http://localhost:5455/api/v1/ {"timestamp":"2023-03-08T15:45:34.250Z"}
info: Connected to the database. {"timestamp":"2023-03-08T15:45:34.300Z"}
error: 
    status - 500 
    message - ReferenceError: asc is not defined
    at _callee$ (E:\bookstore\src\services\/bookstore.service.js:8:38)
    at tryCatch (E:\bookstore\node_modules\@babel\runtime\helpers\regeneratorRuntime.js:44:17)
    at Generator.<anonymous> (E:\bookstore\node_modules\@babel\runtime\helpers\regeneratorRuntime.js:125:22)
    at Generator.next (E:\bookstore\node_modules\@babel\runtime\helpers\regeneratorRuntime.js:69:21)
    at asyncGeneratorStep (E:\bookstore\node_modules\@babel\runtime\helpers\asyncToGenerator.js:3:24)
    at _next (E:\bookstore\node_modules\@babel\runtime\helpers\asyncToGenerator.js:22:9)
    at E:\bookstore\node_modules\@babel\runtime\helpers\asyncToGenerator.js:27:7
    at new Promise (<anonymous>)
    at Object.apply (E:\bookstore\node_modules\@babel\runtime\helpers\asyncToGenerator.js:19:12)
    at Object.getAllbook (E:\bookstore\src\services\/bookstore.service.js:4:24)
    at _callee$ (E:\bookstore\src\controllers\/bookstore.controller.js:6:41)
    at tryCatch (E:\bookstore\node_modules\@babel\runtime\helpers\regeneratorRuntime.js:44:17)
    at Generator.<anonymous> (E:\bookstore\node_modules\@babel\runtime\helpers\regeneratorRuntime.js:125:22)
    at Generator.next (E:\bookstore\node_modules\@babel\runtime\helpers\regeneratorRuntime.js:69:21)
    at asyncGeneratorStep (E:\bookstore\node_modules\@babel\runtime\helpers\asyncToGenerator.js:3:24)
    at _next (E:\bookstore\node_modules\@babel\runtime\helpers\asyncToGenerator.js:22:9)
    at E:\bookstore\node_modules\@babel\runtime\helpers\asyncToGenerator.js:27:7
    at new Promise (<anonymous>)
    at apply (E:\bookstore\node_modules\@babel\runtime\helpers\asyncToGenerator.js:19:12)
    at getAllbook (E:\bookstore\src\controllers\/bookstore.controller.js:4:24)
    at Layer.handle [as handle_request] (E:\bookstore\node_modules\express\lib\router\layer.js:95:5)
    at next (E:\bookstore\node_modules\express\lib\router\route.js:144:13)
    at Route.dispatch (E:\bookstore\node_modules\express\lib\router\route.js:114:3)
    at Layer.handle [as handle_request] (E:\bookstore\node_modules\express\lib\router\layer.js:95:5)
    at E:\bookstore\node_modules\express\lib\router\index.js:284:15
    at Function.process_params (E:\bookstore\node_modules\express\lib\router\index.js:346:12)
    at next (E:\bookstore\node_modules\express\lib\router\index.js:280:10)
    at Function.handle (E:\bookstore\node_modules\express\lib\router\index.js:175:3)
    at router (E:\bookstore\node_modules\express\lib\router\index.js:47:12)
    at Layer.handle [as handle_request] (E:\bookstore\node_modules\express\lib\router\layer.js:95:5)
    at trim_prefix (E:\bookstore\node_modules\express\lib\router\index.js:328:13)
    at E:\bookstore\node_modules\express\lib\router\index.js:286:9
    at Function.process_params (E:\bookstore\node_modules\express\lib\router\index.js:346:12)
    at next (E:\bookstore\node_modules\express\lib\router\index.js:280:10)
    at Function.handle (E:\bookstore\node_modules\express\lib\router\index.js:175:3)
    at router (E:\bookstore\node_modules\express\lib\router\index.js:47:12)
    at Layer.handle [as handle_request] (E:\bookstore\node_modules\express\lib\router\layer.js:95:5)
    at trim_prefix (E:\bookstore\node_modules\express\lib\router\index.js:328:13)
    at E:\bookstore\node_modules\express\lib\router\index.js:286:9
    at Function.process_params (E:\bookstore\node_modules\express\lib\router\index.js:346:12)
    at next (E:\bookstore\node_modules\express\lib\router\index.js:280:10)
    at logger (E:\bookstore\node_modules\morgan\index.js:144:5)
    at Layer.handle [as handle_request] (E:\bookstore\node_modules\express\lib\router\layer.js:95:5)
    at trim_prefix (E:\bookstore\node_modules\express\lib\router\index.js:328:13)
    at E:\bookstore\node_modules\express\lib\router\index.js:286:9
    at Function.process_params (E:\bookstore\node_modules\express\lib\router\index.js:346:12)
    at next (E:\bookstore\node_modules\express\lib\router\index.js:280:10)
    at E:\bookstore\node_modules\body-parser\lib\read.js:137:5
    at AsyncResource.runInAsyncScope (node:async_hooks:204:9)
    at invokeCallback (E:\bookstore\node_modules\raw-body\index.js:231:16) 
    url - /api/v1/bookstore?search=-Fci&sort=price 
    method - GET 
    IP - ::1
   {"timestamp":"2023-03-08T15:45:38.437Z"}
error: 
    status - 500 
    message - ReferenceError: asc is not defined
    at _callee$ (E:\bookstore\src\services\/bookstore.service.js:8:38)
    at tryCatch (E:\bookstore\node_modules\@babel\runtime\helpers\regeneratorRuntime.js:44:17)
    at Generator.<anonymous> (E:\bookstore\node_modules\@babel\runtime\helpers\regeneratorRuntime.js:125:22)
    at Generator.next (E:\bookstore\node_modules\@babel\runtime\helpers\regeneratorRuntime.js:69:21)
    at asyncGeneratorStep (E:\bookstore\node_modules\@babel\runtime\helpers\asyncToGenerator.js:3:24)
    at _next (E:\bookstore\node_modules\@babel\runtime\helpers\asyncToGenerator.js:22:9)
    at E:\bookstore\node_modules\@babel\runtime\helpers\asyncToGenerator.js:27:7
    at new Promise (<anonymous>)
    at Object.apply (E:\bookstore\node_modules\@babel\runtime\helpers\asyncToGenerator.js:19:12)
    at Object.getAllbook (E:\bookstore\src\services\/bookstore.service.js:4:24)
    at _callee$ (E:\bookstore\src\controllers\/bookstore.controller.js:6:41)
    at tryCatch (E:\bookstore\node_modules\@babel\runtime\helpers\regeneratorRuntime.js:44:17)
    at Generator.<anonymous> (E:\bookstore\node_modules\@babel\runtime\helpers\regeneratorRuntime.js:125:22)
    at Generator.next (E:\bookstore\node_modules\@babel\runtime\helpers\regeneratorRuntime.js:69:21)
    at asyncGeneratorStep (E:\bookstore\node_modules\@babel\runtime\helpers\asyncToGenerator.js:3:24)
    at _next (E:\bookstore\node_modules\@babel\runtime\helpers\asyncToGenerator.js:22:9)
    at E:\bookstore\node_modules\@babel\runtime\helpers\asyncToGenerator.js:27:7
    at new Promise (<anonymous>)
    at apply (E:\bookstore\node_modules\@babel\runtime\helpers\asyncToGenerator.js:19:12)
    at getAllbook (E:\bookstore\src\controllers\/bookstore.controller.js:4:24)
    at Layer.handle [as handle_request] (E:\bookstore\node_modules\express\lib\router\layer.js:95:5)
    at next (E:\bookstore\node_modules\express\lib\router\route.js:144:13)
    at Route.dispatch (E:\bookstore\node_modules\express\lib\router\route.js:114:3)
    at Layer.handle [as handle_request] (E:\bookstore\node_modules\express\lib\router\layer.js:95:5)
    at E:\bookstore\node_modules\express\lib\router\index.js:284:15
    at Function.process_params (E:\bookstore\node_modules\express\lib\router\index.js:346:12)
    at next (E:\bookstore\node_modules\express\lib\router\index.js:280:10)
    at Function.handle (E:\bookstore\node_modules\express\lib\router\index.js:175:3)
    at router (E:\bookstore\node_modules\express\lib\router\index.js:47:12)
    at Layer.handle [as handle_request] (E:\bookstore\node_modules\express\lib\router\layer.js:95:5)
    at trim_prefix (E:\bookstore\node_modules\express\lib\router\index.js:328:13)
    at E:\bookstore\node_modules\express\lib\router\index.js:286:9
    at Function.process_params (E:\bookstore\node_modules\express\lib\router\index.js:346:12)
    at next (E:\bookstore\node_modules\express\lib\router\index.js:280:10)
    at Function.handle (E:\bookstore\node_modules\express\lib\router\index.js:175:3)
    at router (E:\bookstore\node_modules\express\lib\router\index.js:47:12)
    at Layer.handle [as handle_request] (E:\bookstore\node_modules\express\lib\router\layer.js:95:5)
    at trim_prefix (E:\bookstore\node_modules\express\lib\router\index.js:328:13)
    at E:\bookstore\node_modules\express\lib\router\index.js:286:9
    at Function.process_params (E:\bookstore\node_modules\express\lib\router\index.js:346:12)
    at next (E:\bookstore\node_modules\express\lib\router\index.js:280:10)
    at logger (E:\bookstore\node_modules\morgan\index.js:144:5)
    at Layer.handle [as handle_request] (E:\bookstore\node_modules\express\lib\router\layer.js:95:5)
    at trim_prefix (E:\bookstore\node_modules\express\lib\router\index.js:328:13)
    at E:\bookstore\node_modules\express\lib\router\index.js:286:9
    at Function.process_params (E:\bookstore\node_modules\express\lib\router\index.js:346:12)
    at next (E:\bookstore\node_modules\express\lib\router\index.js:280:10)
    at E:\bookstore\node_modules\body-parser\lib\read.js:137:5
    at AsyncResource.runInAsyncScope (node:async_hooks:204:9)
    at invokeCallback (E:\bookstore\node_modules\raw-body\index.js:231:16) 
    url - /api/v1/bookstore?search=-Fci&sort=price&order=dsc 
    method - GET 
    IP - ::1
   {"timestamp":"2023-03-08T15:46:00.012Z"}
info: Server started at http://localhost:5455/api/v1/ {"timestamp":"2023-03-08T15:46:32.677Z"}
info: Connected to the database. {"timestamp":"2023-03-08T15:46:32.717Z"}
error: 
    status - 500 
    message - TypeError: Cannot set properties of undefined (setting 'sort')
    at _callee$ (E:\bookstore\src\services\/bookstore.service.js:8:20)
    at tryCatch (E:\bookstore\node_modules\@babel\runtime\helpers\regeneratorRuntime.js:44:17)
    at Generator.<anonymous> (E:\bookstore\node_modules\@babel\runtime\helpers\regeneratorRuntime.js:125:22)
    at Generator.next (E:\bookstore\node_modules\@babel\runtime\helpers\regeneratorRuntime.js:69:21)
    at asyncGeneratorStep (E:\bookstore\node_modules\@babel\runtime\helpers\asyncToGenerator.js:3:24)
    at _next (E:\bookstore\node_modules\@babel\runtime\helpers\asyncToGenerator.js:22:9)
    at E:\bookstore\node_modules\@babel\runtime\helpers\asyncToGenerator.js:27:7
    at new Promise (<anonymous>)
    at Object.apply (E:\bookstore\node_modules\@babel\runtime\helpers\asyncToGenerator.js:19:12)
    at Object.getAllbook (E:\bookstore\src\services\/bookstore.service.js:4:24)
    at _callee$ (E:\bookstore\src\controllers\/bookstore.controller.js:6:41)
    at tryCatch (E:\bookstore\node_modules\@babel\runtime\helpers\regeneratorRuntime.js:44:17)
    at Generator.<anonymous> (E:\bookstore\node_modules\@babel\runtime\helpers\regeneratorRuntime.js:125:22)
    at Generator.next (E:\bookstore\node_modules\@babel\runtime\helpers\regeneratorRuntime.js:69:21)
    at asyncGeneratorStep (E:\bookstore\node_modules\@babel\runtime\helpers\asyncToGenerator.js:3:24)
    at _next (E:\bookstore\node_modules\@babel\runtime\helpers\asyncToGenerator.js:22:9)
    at E:\bookstore\node_modules\@babel\runtime\helpers\asyncToGenerator.js:27:7
    at new Promise (<anonymous>)
    at apply (E:\bookstore\node_modules\@babel\runtime\helpers\asyncToGenerator.js:19:12)
    at getAllbook (E:\bookstore\src\controllers\/bookstore.controller.js:4:24)
    at Layer.handle [as handle_request] (E:\bookstore\node_modules\express\lib\router\layer.js:95:5)
    at next (E:\bookstore\node_modules\express\lib\router\route.js:144:13)
    at Route.dispatch (E:\bookstore\node_modules\express\lib\router\route.js:114:3)
    at Layer.handle [as handle_request] (E:\bookstore\node_modules\express\lib\router\layer.js:95:5)
    at E:\bookstore\node_modules\express\lib\router\index.js:284:15
    at Function.process_params (E:\bookstore\node_modules\express\lib\router\index.js:346:12)
    at next (E:\bookstore\node_modules\express\lib\router\index.js:280:10)
    at Function.handle (E:\bookstore\node_modules\express\lib\router\index.js:175:3)
    at router (E:\bookstore\node_modules\express\lib\router\index.js:47:12)
    at Layer.handle [as handle_request] (E:\bookstore\node_modules\express\lib\router\layer.js:95:5)
    at trim_prefix (E:\bookstore\node_modules\express\lib\router\index.js:328:13)
    at E:\bookstore\node_modules\express\lib\router\index.js:286:9
    at Function.process_params (E:\bookstore\node_modules\express\lib\router\index.js:346:12)
    at next (E:\bookstore\node_modules\express\lib\router\index.js:280:10)
    at Function.handle (E:\bookstore\node_modules\express\lib\router\index.js:175:3)
    at router (E:\bookstore\node_modules\express\lib\router\index.js:47:12)
    at Layer.handle [as handle_request] (E:\bookstore\node_modules\express\lib\router\layer.js:95:5)
    at trim_prefix (E:\bookstore\node_modules\express\lib\router\index.js:328:13)
    at E:\bookstore\node_modules\express\lib\router\index.js:286:9
    at Function.process_params (E:\bookstore\node_modules\express\lib\router\index.js:346:12)
    at next (E:\bookstore\node_modules\express\lib\router\index.js:280:10)
    at logger (E:\bookstore\node_modules\morgan\index.js:144:5)
    at Layer.handle [as handle_request] (E:\bookstore\node_modules\express\lib\router\layer.js:95:5)
    at trim_prefix (E:\bookstore\node_modules\express\lib\router\index.js:328:13)
    at E:\bookstore\node_modules\express\lib\router\index.js:286:9
    at Function.process_params (E:\bookstore\node_modules\express\lib\router\index.js:346:12)
    at next (E:\bookstore\node_modules\express\lib\router\index.js:280:10)
    at E:\bookstore\node_modules\body-parser\lib\read.js:137:5
    at AsyncResource.runInAsyncScope (node:async_hooks:204:9)
    at invokeCallback (E:\bookstore\node_modules\raw-body\index.js:231:16) 
    url - /api/v1/bookstore?search=-Fci&sort=price&order=dsc 
    method - GET 
    IP - ::1
   {"timestamp":"2023-03-08T15:46:37.254Z"}
info: Server started at http://localhost:5455/api/v1/ {"timestamp":"2023-03-08T15:48:48.723Z"}
info: Connected to the database. {"timestamp":"2023-03-08T15:48:48.764Z"}
error: 
    status - 500 
    message - TypeError: Cannot set properties of undefined (setting 'sort')
    at _callee$ (E:\bookstore\src\services\/bookstore.service.js:8:20)
    at tryCatch (E:\bookstore\node_modules\@babel\runtime\helpers\regeneratorRuntime.js:44:17)
    at Generator.<anonymous> (E:\bookstore\node_modules\@babel\runtime\helpers\regeneratorRuntime.js:125:22)
    at Generator.next (E:\bookstore\node_modules\@babel\runtime\helpers\regeneratorRuntime.js:69:21)
    at asyncGeneratorStep (E:\bookstore\node_modules\@babel\runtime\helpers\asyncToGenerator.js:3:24)
    at _next (E:\bookstore\node_modules\@babel\runtime\helpers\asyncToGenerator.js:22:9)
    at E:\bookstore\node_modules\@babel\runtime\helpers\asyncToGenerator.js:27:7
    at new Promise (<anonymous>)
    at Object.apply (E:\bookstore\node_modules\@babel\runtime\helpers\asyncToGenerator.js:19:12)
    at Object.getAllbook (E:\bookstore\src\services\/bookstore.service.js:4:24)
    at _callee$ (E:\bookstore\src\controllers\/bookstore.controller.js:6:41)
    at tryCatch (E:\bookstore\node_modules\@babel\runtime\helpers\regeneratorRuntime.js:44:17)
    at Generator.<anonymous> (E:\bookstore\node_modules\@babel\runtime\helpers\regeneratorRuntime.js:125:22)
    at Generator.next (E:\bookstore\node_modules\@babel\runtime\helpers\regeneratorRuntime.js:69:21)
    at asyncGeneratorStep (E:\bookstore\node_modules\@babel\runtime\helpers\asyncToGenerator.js:3:24)
    at _next (E:\bookstore\node_modules\@babel\runtime\helpers\asyncToGenerator.js:22:9)
    at E:\bookstore\node_modules\@babel\runtime\helpers\asyncToGenerator.js:27:7
    at new Promise (<anonymous>)
    at apply (E:\bookstore\node_modules\@babel\runtime\helpers\asyncToGenerator.js:19:12)
    at getAllbook (E:\bookstore\src\controllers\/bookstore.controller.js:4:24)
    at Layer.handle [as handle_request] (E:\bookstore\node_modules\express\lib\router\layer.js:95:5)
    at next (E:\bookstore\node_modules\express\lib\router\route.js:144:13)
    at Route.dispatch (E:\bookstore\node_modules\express\lib\router\route.js:114:3)
    at Layer.handle [as handle_request] (E:\bookstore\node_modules\express\lib\router\layer.js:95:5)
    at E:\bookstore\node_modules\express\lib\router\index.js:284:15
    at Function.process_params (E:\bookstore\node_modules\express\lib\router\index.js:346:12)
    at next (E:\bookstore\node_modules\express\lib\router\index.js:280:10)
    at Function.handle (E:\bookstore\node_modules\express\lib\router\index.js:175:3)
    at router (E:\bookstore\node_modules\express\lib\router\index.js:47:12)
    at Layer.handle [as handle_request] (E:\bookstore\node_modules\express\lib\router\layer.js:95:5)
    at trim_prefix (E:\bookstore\node_modules\express\lib\router\index.js:328:13)
    at E:\bookstore\node_modules\express\lib\router\index.js:286:9
    at Function.process_params (E:\bookstore\node_modules\express\lib\router\index.js:346:12)
    at next (E:\bookstore\node_modules\express\lib\router\index.js:280:10)
    at Function.handle (E:\bookstore\node_modules\express\lib\router\index.js:175:3)
    at router (E:\bookstore\node_modules\express\lib\router\index.js:47:12)
    at Layer.handle [as handle_request] (E:\bookstore\node_modules\express\lib\router\layer.js:95:5)
    at trim_prefix (E:\bookstore\node_modules\express\lib\router\index.js:328:13)
    at E:\bookstore\node_modules\express\lib\router\index.js:286:9
    at Function.process_params (E:\bookstore\node_modules\express\lib\router\index.js:346:12)
    at next (E:\bookstore\node_modules\express\lib\router\index.js:280:10)
    at logger (E:\bookstore\node_modules\morgan\index.js:144:5)
    at Layer.handle [as handle_request] (E:\bookstore\node_modules\express\lib\router\layer.js:95:5)
    at trim_prefix (E:\bookstore\node_modules\express\lib\router\index.js:328:13)
    at E:\bookstore\node_modules\express\lib\router\index.js:286:9
    at Function.process_params (E:\bookstore\node_modules\express\lib\router\index.js:346:12)
    at next (E:\bookstore\node_modules\express\lib\router\index.js:280:10)
    at E:\bookstore\node_modules\body-parser\lib\read.js:137:5
    at AsyncResource.runInAsyncScope (node:async_hooks:204:9)
    at invokeCallback (E:\bookstore\node_modules\raw-body\index.js:231:16) 
    url - /api/v1/bookstore?search=-Fci&sort=price&order=dsc 
    method - GET 
    IP - ::1
   {"timestamp":"2023-03-08T15:48:51.868Z"}
info: Server started at http://localhost:5455/api/v1/ {"timestamp":"2023-03-08T15:49:43.282Z"}
info: Connected to the database. {"timestamp":"2023-03-08T15:49:43.330Z"}
error: 
    status - 500 
    message - TypeError: Cannot set properties of undefined (setting 'sort')
    at _callee$ (E:\bookstore\src\services\/bookstore.service.js:8:20)
    at tryCatch (E:\bookstore\node_modules\@babel\runtime\helpers\regeneratorRuntime.js:44:17)
    at Generator.<anonymous> (E:\bookstore\node_modules\@babel\runtime\helpers\regeneratorRuntime.js:125:22)
    at Generator.next (E:\bookstore\node_modules\@babel\runtime\helpers\regeneratorRuntime.js:69:21)
    at asyncGeneratorStep (E:\bookstore\node_modules\@babel\runtime\helpers\asyncToGenerator.js:3:24)
    at _next (E:\bookstore\node_modules\@babel\runtime\helpers\asyncToGenerator.js:22:9)
    at E:\bookstore\node_modules\@babel\runtime\helpers\asyncToGenerator.js:27:7
    at new Promise (<anonymous>)
    at Object.apply (E:\bookstore\node_modules\@babel\runtime\helpers\asyncToGenerator.js:19:12)
    at Object.getAllbook (E:\bookstore\src\services\/bookstore.service.js:4:24)
    at _callee$ (E:\bookstore\src\controllers\/bookstore.controller.js:6:41)
    at tryCatch (E:\bookstore\node_modules\@babel\runtime\helpers\regeneratorRuntime.js:44:17)
    at Generator.<anonymous> (E:\bookstore\node_modules\@babel\runtime\helpers\regeneratorRuntime.js:125:22)
    at Generator.next (E:\bookstore\node_modules\@babel\runtime\helpers\regeneratorRuntime.js:69:21)
    at asyncGeneratorStep (E:\bookstore\node_modules\@babel\runtime\helpers\asyncToGenerator.js:3:24)
    at _next (E:\bookstore\node_modules\@babel\runtime\helpers\asyncToGenerator.js:22:9)
    at E:\bookstore\node_modules\@babel\runtime\helpers\asyncToGenerator.js:27:7
    at new Promise (<anonymous>)
    at apply (E:\bookstore\node_modules\@babel\runtime\helpers\asyncToGenerator.js:19:12)
    at getAllbook (E:\bookstore\src\controllers\/bookstore.controller.js:4:24)
    at Layer.handle [as handle_request] (E:\bookstore\node_modules\express\lib\router\layer.js:95:5)
    at next (E:\bookstore\node_modules\express\lib\router\route.js:144:13)
    at Route.dispatch (E:\bookstore\node_modules\express\lib\router\route.js:114:3)
    at Layer.handle [as handle_request] (E:\bookstore\node_modules\express\lib\router\layer.js:95:5)
    at E:\bookstore\node_modules\express\lib\router\index.js:284:15
    at Function.process_params (E:\bookstore\node_modules\express\lib\router\index.js:346:12)
    at next (E:\bookstore\node_modules\express\lib\router\index.js:280:10)
    at Function.handle (E:\bookstore\node_modules\express\lib\router\index.js:175:3)
    at router (E:\bookstore\node_modules\express\lib\router\index.js:47:12)
    at Layer.handle [as handle_request] (E:\bookstore\node_modules\express\lib\router\layer.js:95:5)
    at trim_prefix (E:\bookstore\node_modules\express\lib\router\index.js:328:13)
    at E:\bookstore\node_modules\express\lib\router\index.js:286:9
    at Function.process_params (E:\bookstore\node_modules\express\lib\router\index.js:346:12)
    at next (E:\bookstore\node_modules\express\lib\router\index.js:280:10)
    at Function.handle (E:\bookstore\node_modules\express\lib\router\index.js:175:3)
    at router (E:\bookstore\node_modules\express\lib\router\index.js:47:12)
    at Layer.handle [as handle_request] (E:\bookstore\node_modules\express\lib\router\layer.js:95:5)
    at trim_prefix (E:\bookstore\node_modules\express\lib\router\index.js:328:13)
    at E:\bookstore\node_modules\express\lib\router\index.js:286:9
    at Function.process_params (E:\bookstore\node_modules\express\lib\router\index.js:346:12)
    at next (E:\bookstore\node_modules\express\lib\router\index.js:280:10)
    at logger (E:\bookstore\node_modules\morgan\index.js:144:5)
    at Layer.handle [as handle_request] (E:\bookstore\node_modules\express\lib\router\layer.js:95:5)
    at trim_prefix (E:\bookstore\node_modules\express\lib\router\index.js:328:13)
    at E:\bookstore\node_modules\express\lib\router\index.js:286:9
    at Function.process_params (E:\bookstore\node_modules\express\lib\router\index.js:346:12)
    at next (E:\bookstore\node_modules\express\lib\router\index.js:280:10)
    at E:\bookstore\node_modules\body-parser\lib\read.js:137:5
    at AsyncResource.runInAsyncScope (node:async_hooks:204:9)
    at invokeCallback (E:\bookstore\node_modules\raw-body\index.js:231:16) 
    url - /api/v1/bookstore?search=-Fci&sort=price&order=-1 
    method - GET 
    IP - ::1
   {"timestamp":"2023-03-08T15:49:45.434Z"}
info: Server started at http://localhost:5455/api/v1/ {"timestamp":"2023-03-08T15:51:25.535Z"}
info: Connected to the database. {"timestamp":"2023-03-08T15:51:25.571Z"}
info: Server started at http://localhost:5455/api/v1/ {"timestamp":"2023-03-08T15:54:10.149Z"}
info: Connected to the database. {"timestamp":"2023-03-08T15:54:10.192Z"}
info: Server started at http://localhost:5455/api/v1/ {"timestamp":"2023-03-08T15:54:39.602Z"}
info: Connected to the database. {"timestamp":"2023-03-08T15:54:39.643Z"}
info: Server started at http://localhost:5455/api/v1/ {"timestamp":"2023-03-08T15:59:28.810Z"}
info: Connected to the database. {"timestamp":"2023-03-08T15:59:28.856Z"}
info: Server started at http://localhost:5455/api/v1/ {"timestamp":"2023-03-08T16:06:36.406Z"}
info: Connected to the database. {"timestamp":"2023-03-08T16:06:36.474Z"}
info: Server started at http://localhost:5455/api/v1/ {"timestamp":"2023-03-08T16:07:36.298Z"}
info: Connected to the database. {"timestamp":"2023-03-08T16:07:36.348Z"}
info: Server started at http://localhost:5455/api/v1/ {"timestamp":"2023-03-08T16:08:27.789Z"}
info: Connected to the database. {"timestamp":"2023-03-08T16:08:27.866Z"}
info: Server started at http://localhost:5455/api/v1/ {"timestamp":"2023-03-08T16:08:34.964Z"}
info: Connected to the database. {"timestamp":"2023-03-08T16:08:35.007Z"}
info: Server started at http://localhost:5455/api/v1/ {"timestamp":"2023-03-08T16:09:12.309Z"}
info: Connected to the database. {"timestamp":"2023-03-08T16:09:12.355Z"}
info: Server started at http://localhost:5455/api/v1/ {"timestamp":"2023-03-08T16:10:09.406Z"}
info: Connected to the database. {"timestamp":"2023-03-08T16:10:09.451Z"}
info: Server started at http://localhost:5455/api/v1/ {"timestamp":"2023-03-08T16:11:22.514Z"}
info: Connected to the database. {"timestamp":"2023-03-08T16:11:22.566Z"}
info: Server started at http://localhost:5455/api/v1/ {"timestamp":"2023-03-08T16:11:58.448Z"}
info: Connected to the database. {"timestamp":"2023-03-08T16:11:58.495Z"}
info: Server started at http://localhost:5455/api/v1/ {"timestamp":"2023-03-08T16:12:30.303Z"}
info: Connected to the database. {"timestamp":"2023-03-08T16:12:30.342Z"}
info: Server started at http://localhost:5455/api/v1/ {"timestamp":"2023-03-08T16:12:44.796Z"}
info: Connected to the database. {"timestamp":"2023-03-08T16:12:44.853Z"}
info: Server started at http://localhost:5455/api/v1/ {"timestamp":"2023-03-08T16:12:54.895Z"}
info: Connected to the database. {"timestamp":"2023-03-08T16:12:54.956Z"}
