info: ::1 - - [02/Mar/2023:04:50:34 +0000] "POST /api/v1/users/registerUser HTTP/1.1" 400 70 "-" "PostmanRuntime/7.31.1"

info: ::1 - - [02/Mar/2023:04:54:18 +0000] "POST /api/v1/users/registerUser HTTP/1.1" 400 103 "-" "PostmanRuntime/7.31.1"

info: ::1 - - [02/Mar/2023:04:57:31 +0000] "POST /api/v1/users/registerUser HTTP/1.1" 400 103 "-" "PostmanRuntime/7.31.1"

info: ::1 - - [02/Mar/2023:05:00:51 +0000] "POST /api/v1/users/registerUser HTTP/1.1" 400 70 "-" "PostmanRuntime/7.31.1"

info: ::1 - - [02/Mar/2023:08:24:44 +0000] "POST /api/v1/users/registerUser HTTP/1.1" 201 331 "-" "PostmanRuntime/7.31.1"

info: ::1 - - [02/Mar/2023:08:26:22 +0000] "POST /api/v1/users/login HTTP/1.1" 200 242 "-" "PostmanRuntime/7.31.1"

info: ::1 - - [02/Mar/2023:08:27:41 +0000] "POST /api/v1/users/forgetPassword HTTP/1.1" 400 78 "-" "PostmanRuntime/7.31.1"

info: ::1 - - [02/Mar/2023:09:16:32 +0000] "POST /api/v1/users/registerUser HTTP/1.1" 500 66 "-" "PostmanRuntime/7.31.1"

info: ::1 - - [02/Mar/2023:09:16:42 +0000] "POST /api/v1/users/registerUser HTTP/1.1" 201 327 "-" "PostmanRuntime/7.31.1"

info: ::1 - - [02/Mar/2023:09:16:52 +0000] "POST /api/v1/users/login HTTP/1.1" 200 249 "-" "PostmanRuntime/7.31.1"

info: ::1 - - [02/Mar/2023:09:17:26 +0000] "POST /api/v1/users/forgetPassword HTTP/1.1" 201 595 "-" "PostmanRuntime/7.31.1"

info: ::1 - - [02/Mar/2023:09:19:46 +0000] "POST /api/v1/users/resetPassword HTTP/1.1" 404 47 "-" "PostmanRuntime/7.31.1"

info: ::1 - - [02/Mar/2023:09:20:14 +0000] "POST /api/v1/users/resetPassword HTTP/1.1" 404 47 "-" "PostmanRuntime/7.31.1"

info: ::1 - - [02/Mar/2023:09:22:04 +0000] "POST /api/v1/users/resetPassword HTTP/1.1" 404 47 "-" "PostmanRuntime/7.31.1"

info: ::1 - - [02/Mar/2023:09:22:35 +0000] "PUT /api/v1/users/resetPassword HTTP/1.1" 201 98 "-" "PostmanRuntime/7.31.1"

info: ::1 - - [02/Mar/2023:09:24:34 +0000] "PUT /api/v1/users/forgetPassword HTTP/1.1" 404 47 "-" "PostmanRuntime/7.31.1"

info: ::1 - - [02/Mar/2023:09:24:40 +0000] "POST /api/v1/users/forgetPassword HTTP/1.1" 201 307 "-" "PostmanRuntime/7.31.1"

info: ::1 - - [02/Mar/2023:09:47:27 +0000] "POST /api/v1/users/forgetPassword HTTP/1.1" 201 592 "-" "PostmanRuntime/7.31.1"

error: uncaughtException: noteRoute is not defined
ReferenceError: noteRoute is not defined
    at routes (E:\New folder\bookstore\src\routes\/index.js:15:28)
    at Object.<anonymous> (E:\New folder\bookstore\src\/index.js:32:38)
    at Module._compile (node:internal/modules/cjs/loader:1218:14)
    at Module._compile (E:\New folder\bookstore\node_modules\pirates\lib\index.js:136:24)
    at Module._extensions..js (node:internal/modules/cjs/loader:1272:10)
    at Object.newLoader [as .js] (E:\New folder\bookstore\node_modules\pirates\lib\index.js:141:7)
    at Module.load (node:internal/modules/cjs/loader:1081:32)
    at Function.Module._load (node:internal/modules/cjs/loader:922:12)
    at Function.runMain (node:internal/modules/run_main:82:12)
    at Object.<anonymous> (E:\New folder\bookstore\node_modules\@babel\node\src\_babel-node.ts:223:12)
    at Module._compile (node:internal/modules/cjs/loader:1218:14)
    at Object.Module._extensions..js (node:internal/modules/cjs/loader:1272:10)
    at Module.load (node:internal/modules/cjs/loader:1081:32)
    at Function.Module._load (node:internal/modules/cjs/loader:922:12)
    at Function.executeUserEntryPoint [as runMain] (node:internal/modules/run_main:82:12)
    at node:internal/main/run_main_module:23:47 {"date":"Thu Mar 02 2023 15:20:37 GMT+0530 (India Standard Time)","error":{},"exception":true,"os":{"loadavg":[0,0,0],"uptime":672433.687},"process":{"argv":["node","E:\\New folder\\bookstore\\src\\index.js"],"cwd":"E:\\New folder\\bookstore","execPath":"C:\\Program Files\\nodejs\\node.exe","gid":null,"memoryUsage":{"arrayBuffers":18388020,"external":20743069,"heapTotal":124923904,"heapUsed":90932152,"rss":168337408},"pid":9292,"uid":null,"version":"v19.3.0"},"stack":"ReferenceError: noteRoute is not defined\n    at routes (E:\\New folder\\bookstore\\src\\routes\\/index.js:15:28)\n    at Object.<anonymous> (E:\\New folder\\bookstore\\src\\/index.js:32:38)\n    at Module._compile (node:internal/modules/cjs/loader:1218:14)\n    at Module._compile (E:\\New folder\\bookstore\\node_modules\\pirates\\lib\\index.js:136:24)\n    at Module._extensions..js (node:internal/modules/cjs/loader:1272:10)\n    at Object.newLoader [as .js] (E:\\New folder\\bookstore\\node_modules\\pirates\\lib\\index.js:141:7)\n    at Module.load (node:internal/modules/cjs/loader:1081:32)\n    at Function.Module._load (node:internal/modules/cjs/loader:922:12)\n    at Function.runMain (node:internal/modules/run_main:82:12)\n    at Object.<anonymous> (E:\\New folder\\bookstore\\node_modules\\@babel\\node\\src\\_babel-node.ts:223:12)\n    at Module._compile (node:internal/modules/cjs/loader:1218:14)\n    at Object.Module._extensions..js (node:internal/modules/cjs/loader:1272:10)\n    at Module.load (node:internal/modules/cjs/loader:1081:32)\n    at Function.Module._load (node:internal/modules/cjs/loader:922:12)\n    at Function.executeUserEntryPoint [as runMain] (node:internal/modules/run_main:82:12)\n    at node:internal/main/run_main_module:23:47","trace":[{"column":28,"file":"E:\\New folder\\bookstore\\src\\routes\\/index.js","function":"routes","line":15,"method":null,"native":false},{"column":38,"file":"E:\\New folder\\bookstore\\src\\/index.js","function":null,"line":32,"method":null,"native":false},{"column":14,"file":"node:internal/modules/cjs/loader","function":"Module._compile","line":1218,"method":"_compile","native":false},{"column":24,"file":"E:\\New folder\\bookstore\\node_modules\\pirates\\lib\\index.js","function":"Module._compile","line":136,"method":"_compile","native":false},{"column":10,"file":"node:internal/modules/cjs/loader","function":"Module._extensions..js","line":1272,"method":".js","native":false},{"column":7,"file":"E:\\New folder\\bookstore\\node_modules\\pirates\\lib\\index.js","function":"Object.newLoader [as .js]","line":141,"method":"js]","native":false},{"column":32,"file":"node:internal/modules/cjs/loader","function":"Module.load","line":1081,"method":"load","native":false},{"column":12,"file":"node:internal/modules/cjs/loader","function":"Module._load","line":922,"method":"_load","native":false},{"column":12,"file":"node:internal/modules/run_main","function":"Function.runMain","line":82,"method":"runMain","native":false},{"column":12,"file":"E:\\New folder\\bookstore\\node_modules\\@babel\\node\\src\\_babel-node.ts","function":null,"line":223,"method":null,"native":false},{"column":14,"file":"node:internal/modules/cjs/loader","function":"Module._compile","line":1218,"method":"_compile","native":false},{"column":10,"file":"node:internal/modules/cjs/loader","function":"Module._extensions..js","line":1272,"method":".js","native":false},{"column":32,"file":"node:internal/modules/cjs/loader","function":"Module.load","line":1081,"method":"load","native":false},{"column":12,"file":"node:internal/modules/cjs/loader","function":"Module._load","line":922,"method":"_load","native":false},{"column":12,"file":"node:internal/modules/run_main","function":"Function.executeUserEntryPoint [as runMain]","line":82,"method":"executeUserEntryPoint [as runMain]","native":false},{"column":47,"file":"node:internal/main/run_main_module","function":null,"line":23,"method":null,"native":false}]}
error: uncaughtException: bookstoreRoute is not defined
ReferenceError: bookstoreRoute is not defined
    at routes (E:\New folder\bookstore\src\routes\/index.js:15:28)
    at Object.<anonymous> (E:\New folder\bookstore\src\/index.js:32:38)
    at Module._compile (node:internal/modules/cjs/loader:1218:14)
    at Module._compile (E:\New folder\bookstore\node_modules\pirates\lib\index.js:136:24)
    at Module._extensions..js (node:internal/modules/cjs/loader:1272:10)
    at Object.newLoader [as .js] (E:\New folder\bookstore\node_modules\pirates\lib\index.js:141:7)
    at Module.load (node:internal/modules/cjs/loader:1081:32)
    at Function.Module._load (node:internal/modules/cjs/loader:922:12)
    at Function.runMain (node:internal/modules/run_main:82:12)
    at Object.<anonymous> (E:\New folder\bookstore\node_modules\@babel\node\src\_babel-node.ts:223:12)
    at Module._compile (node:internal/modules/cjs/loader:1218:14)
    at Object.Module._extensions..js (node:internal/modules/cjs/loader:1272:10)
    at Module.load (node:internal/modules/cjs/loader:1081:32)
    at Function.Module._load (node:internal/modules/cjs/loader:922:12)
    at Function.executeUserEntryPoint [as runMain] (node:internal/modules/run_main:82:12)
    at node:internal/main/run_main_module:23:47 {"date":"Thu Mar 02 2023 15:35:18 GMT+0530 (India Standard Time)","error":{},"exception":true,"os":{"loadavg":[0,0,0],"uptime":673314.968},"process":{"argv":["node","E:\\New folder\\bookstore\\src\\index.js"],"cwd":"E:\\New folder\\bookstore","execPath":"C:\\Program Files\\nodejs\\node.exe","gid":null,"memoryUsage":{"arrayBuffers":19351107,"external":21705576,"heapTotal":123613184,"heapUsed":100433952,"rss":168210432},"pid":7152,"uid":null,"version":"v19.3.0"},"stack":"ReferenceError: bookstoreRoute is not defined\n    at routes (E:\\New folder\\bookstore\\src\\routes\\/index.js:15:28)\n    at Object.<anonymous> (E:\\New folder\\bookstore\\src\\/index.js:32:38)\n    at Module._compile (node:internal/modules/cjs/loader:1218:14)\n    at Module._compile (E:\\New folder\\bookstore\\node_modules\\pirates\\lib\\index.js:136:24)\n    at Module._extensions..js (node:internal/modules/cjs/loader:1272:10)\n    at Object.newLoader [as .js] (E:\\New folder\\bookstore\\node_modules\\pirates\\lib\\index.js:141:7)\n    at Module.load (node:internal/modules/cjs/loader:1081:32)\n    at Function.Module._load (node:internal/modules/cjs/loader:922:12)\n    at Function.runMain (node:internal/modules/run_main:82:12)\n    at Object.<anonymous> (E:\\New folder\\bookstore\\node_modules\\@babel\\node\\src\\_babel-node.ts:223:12)\n    at Module._compile (node:internal/modules/cjs/loader:1218:14)\n    at Object.Module._extensions..js (node:internal/modules/cjs/loader:1272:10)\n    at Module.load (node:internal/modules/cjs/loader:1081:32)\n    at Function.Module._load (node:internal/modules/cjs/loader:922:12)\n    at Function.executeUserEntryPoint [as runMain] (node:internal/modules/run_main:82:12)\n    at node:internal/main/run_main_module:23:47","trace":[{"column":28,"file":"E:\\New folder\\bookstore\\src\\routes\\/index.js","function":"routes","line":15,"method":null,"native":false},{"column":38,"file":"E:\\New folder\\bookstore\\src\\/index.js","function":null,"line":32,"method":null,"native":false},{"column":14,"file":"node:internal/modules/cjs/loader","function":"Module._compile","line":1218,"method":"_compile","native":false},{"column":24,"file":"E:\\New folder\\bookstore\\node_modules\\pirates\\lib\\index.js","function":"Module._compile","line":136,"method":"_compile","native":false},{"column":10,"file":"node:internal/modules/cjs/loader","function":"Module._extensions..js","line":1272,"method":".js","native":false},{"column":7,"file":"E:\\New folder\\bookstore\\node_modules\\pirates\\lib\\index.js","function":"Object.newLoader [as .js]","line":141,"method":"js]","native":false},{"column":32,"file":"node:internal/modules/cjs/loader","function":"Module.load","line":1081,"method":"load","native":false},{"column":12,"file":"node:internal/modules/cjs/loader","function":"Module._load","line":922,"method":"_load","native":false},{"column":12,"file":"node:internal/modules/run_main","function":"Function.runMain","line":82,"method":"runMain","native":false},{"column":12,"file":"E:\\New folder\\bookstore\\node_modules\\@babel\\node\\src\\_babel-node.ts","function":null,"line":223,"method":null,"native":false},{"column":14,"file":"node:internal/modules/cjs/loader","function":"Module._compile","line":1218,"method":"_compile","native":false},{"column":10,"file":"node:internal/modules/cjs/loader","function":"Module._extensions..js","line":1272,"method":".js","native":false},{"column":32,"file":"node:internal/modules/cjs/loader","function":"Module.load","line":1081,"method":"load","native":false},{"column":12,"file":"node:internal/modules/cjs/loader","function":"Module._load","line":922,"method":"_load","native":false},{"column":12,"file":"node:internal/modules/run_main","function":"Function.executeUserEntryPoint [as runMain]","line":82,"method":"executeUserEntryPoint [as runMain]","native":false},{"column":47,"file":"node:internal/main/run_main_module","function":null,"line":23,"method":null,"native":false}]}
info: ::1 - - [02/Mar/2023:10:24:15 +0000] "GET /api/v1/bookstore//All HTTP/1.1" 200 9282 "-" "PostmanRuntime/7.31.1"

info: ::1 - - [02/Mar/2023:10:24:54 +0000] "GET /api/v1/bookstore/All HTTP/1.1" 200 9282 "-" "PostmanRuntime/7.31.1"

info: ::1 - - [02/Mar/2023:10:25:03 +0000] "GET /api/v1/bookstore/621588af05253301a4fda5ce HTTP/1.1" 200 349 "-" "PostmanRuntime/7.31.1"

info: ::1 - - [02/Mar/2023:11:28:54 +0000] "GET /api/v1/bookstore/All HTTP/1.1" 200 9282 "-" "PostmanRuntime/7.31.1"

info: ::1 - - [02/Mar/2023:11:44:10 +0000] "GET /api/v1/bookstore/All HTTP/1.1" 200 9282 "-" "PostmanRuntime/7.31.1"

info: ::1 - - [02/Mar/2023:11:44:39 +0000] "GET /api/v1/bookstore/621588af05253301a4fda5ce HTTP/1.1" 200 349 "-" "PostmanRuntime/7.31.1"

info: ::1 - - [03/Mar/2023:08:24:06 +0000] "GET /api/v1/bookstore/ HTTP/1.1" 200 9282 "-" "PostmanRuntime/7.31.1"

info: ::1 - - [03/Mar/2023:08:24:30 +0000] "GET /api/v1/bookstore/62158a8405253301a4fda5e0 HTTP/1.1" 200 374 "-" "PostmanRuntime/7.31.1"

error: uncaughtException: Router.use() requires a middleware function but got a Object
TypeError: Router.use() requires a middleware function but got a Object
    at Function.use (E:\bookstore\node_modules\express\lib\router\index.js:469:13)
    at routes (E:\bookstore\src\routes\/index.js:18:10)
    at Object.<anonymous> (E:\bookstore\src\/index.js:32:38)
    at Module._compile (node:internal/modules/cjs/loader:1218:14)
    at Module._compile (E:\bookstore\node_modules\pirates\lib\index.js:136:24)
    at Module._extensions..js (node:internal/modules/cjs/loader:1272:10)
    at Object.newLoader [as .js] (E:\bookstore\node_modules\pirates\lib\index.js:141:7)
    at Module.load (node:internal/modules/cjs/loader:1081:32)
    at Function.Module._load (node:internal/modules/cjs/loader:922:12)
    at Function.runMain (node:internal/modules/run_main:82:12)
    at Object.<anonymous> (E:\bookstore\node_modules\@babel\node\src\_babel-node.ts:223:12)
    at Module._compile (node:internal/modules/cjs/loader:1218:14)
    at Object.Module._extensions..js (node:internal/modules/cjs/loader:1272:10)
    at Module.load (node:internal/modules/cjs/loader:1081:32)
    at Function.Module._load (node:internal/modules/cjs/loader:922:12)
    at Function.executeUserEntryPoint [as runMain] (node:internal/modules/run_main:82:12)
    at node:internal/main/run_main_module:23:47 {"date":"Sat Mar 04 2023 13:17:28 GMT+0530 (India Standard Time)","error":{},"exception":true,"os":{"loadavg":[0,0,0],"uptime":96946.14},"process":{"argv":["node","E:\\bookstore\\src\\index.js"],"cwd":"E:\\bookstore","execPath":"C:\\Program Files\\nodejs\\node.exe","gid":null,"memoryUsage":{"arrayBuffers":19195110,"external":21549579,"heapTotal":125710336,"heapUsed":104783616,"rss":167153664},"pid":14964,"uid":null,"version":"v19.3.0"},"stack":"TypeError: Router.use() requires a middleware function but got a Object\n    at Function.use (E:\\bookstore\\node_modules\\express\\lib\\router\\index.js:469:13)\n    at routes (E:\\bookstore\\src\\routes\\/index.js:18:10)\n    at Object.<anonymous> (E:\\bookstore\\src\\/index.js:32:38)\n    at Module._compile (node:internal/modules/cjs/loader:1218:14)\n    at Module._compile (E:\\bookstore\\node_modules\\pirates\\lib\\index.js:136:24)\n    at Module._extensions..js (node:internal/modules/cjs/loader:1272:10)\n    at Object.newLoader [as .js] (E:\\bookstore\\node_modules\\pirates\\lib\\index.js:141:7)\n    at Module.load (node:internal/modules/cjs/loader:1081:32)\n    at Function.Module._load (node:internal/modules/cjs/loader:922:12)\n    at Function.runMain (node:internal/modules/run_main:82:12)\n    at Object.<anonymous> (E:\\bookstore\\node_modules\\@babel\\node\\src\\_babel-node.ts:223:12)\n    at Module._compile (node:internal/modules/cjs/loader:1218:14)\n    at Object.Module._extensions..js (node:internal/modules/cjs/loader:1272:10)\n    at Module.load (node:internal/modules/cjs/loader:1081:32)\n    at Function.Module._load (node:internal/modules/cjs/loader:922:12)\n    at Function.executeUserEntryPoint [as runMain] (node:internal/modules/run_main:82:12)\n    at node:internal/main/run_main_module:23:47","trace":[{"column":13,"file":"E:\\bookstore\\node_modules\\express\\lib\\router\\index.js","function":"Function.use","line":469,"method":"use","native":false},{"column":10,"file":"E:\\bookstore\\src\\routes\\/index.js","function":"routes","line":18,"method":null,"native":false},{"column":38,"file":"E:\\bookstore\\src\\/index.js","function":null,"line":32,"method":null,"native":false},{"column":14,"file":"node:internal/modules/cjs/loader","function":"Module._compile","line":1218,"method":"_compile","native":false},{"column":24,"file":"E:\\bookstore\\node_modules\\pirates\\lib\\index.js","function":"Module._compile","line":136,"method":"_compile","native":false},{"column":10,"file":"node:internal/modules/cjs/loader","function":"Module._extensions..js","line":1272,"method":".js","native":false},{"column":7,"file":"E:\\bookstore\\node_modules\\pirates\\lib\\index.js","function":"Object.newLoader [as .js]","line":141,"method":"js]","native":false},{"column":32,"file":"node:internal/modules/cjs/loader","function":"Module.load","line":1081,"method":"load","native":false},{"column":12,"file":"node:internal/modules/cjs/loader","function":"Module._load","line":922,"method":"_load","native":false},{"column":12,"file":"node:internal/modules/run_main","function":"Function.runMain","line":82,"method":"runMain","native":false},{"column":12,"file":"E:\\bookstore\\node_modules\\@babel\\node\\src\\_babel-node.ts","function":null,"line":223,"method":null,"native":false},{"column":14,"file":"node:internal/modules/cjs/loader","function":"Module._compile","line":1218,"method":"_compile","native":false},{"column":10,"file":"node:internal/modules/cjs/loader","function":"Module._extensions..js","line":1272,"method":".js","native":false},{"column":32,"file":"node:internal/modules/cjs/loader","function":"Module.load","line":1081,"method":"load","native":false},{"column":12,"file":"node:internal/modules/cjs/loader","function":"Module._load","line":922,"method":"_load","native":false},{"column":12,"file":"node:internal/modules/run_main","function":"Function.executeUserEntryPoint [as runMain]","line":82,"method":"executeUserEntryPoint [as runMain]","native":false},{"column":47,"file":"node:internal/main/run_main_module","function":null,"line":23,"method":null,"native":false}]}
error: uncaughtException: Router.use() requires a middleware function but got a Object
TypeError: Router.use() requires a middleware function but got a Object
    at Function.use (E:\bookstore\node_modules\express\lib\router\index.js:469:13)
    at routes (E:\bookstore\src\routes\/index.js:18:10)
    at Object.<anonymous> (E:\bookstore\src\/index.js:32:38)
    at Module._compile (node:internal/modules/cjs/loader:1218:14)
    at Module._compile (E:\bookstore\node_modules\pirates\lib\index.js:136:24)
    at Module._extensions..js (node:internal/modules/cjs/loader:1272:10)
    at Object.newLoader [as .js] (E:\bookstore\node_modules\pirates\lib\index.js:141:7)
    at Module.load (node:internal/modules/cjs/loader:1081:32)
    at Function.Module._load (node:internal/modules/cjs/loader:922:12)
    at Function.runMain (node:internal/modules/run_main:82:12)
    at Object.<anonymous> (E:\bookstore\node_modules\@babel\node\src\_babel-node.ts:223:12)
    at Module._compile (node:internal/modules/cjs/loader:1218:14)
    at Object.Module._extensions..js (node:internal/modules/cjs/loader:1272:10)
    at Module.load (node:internal/modules/cjs/loader:1081:32)
    at Function.Module._load (node:internal/modules/cjs/loader:922:12)
    at Function.executeUserEntryPoint [as runMain] (node:internal/modules/run_main:82:12)
    at node:internal/main/run_main_module:23:47 {"date":"Sat Mar 04 2023 13:18:48 GMT+0530 (India Standard Time)","error":{},"exception":true,"os":{"loadavg":[0,0,0],"uptime":97026.609},"process":{"argv":["node","E:\\bookstore\\src\\index.js"],"cwd":"E:\\bookstore","execPath":"C:\\Program Files\\nodejs\\node.exe","gid":null,"memoryUsage":{"arrayBuffers":18883342,"external":21238391,"heapTotal":124399616,"heapUsed":94766672,"rss":165351424},"pid":2360,"uid":null,"version":"v19.3.0"},"stack":"TypeError: Router.use() requires a middleware function but got a Object\n    at Function.use (E:\\bookstore\\node_modules\\express\\lib\\router\\index.js:469:13)\n    at routes (E:\\bookstore\\src\\routes\\/index.js:18:10)\n    at Object.<anonymous> (E:\\bookstore\\src\\/index.js:32:38)\n    at Module._compile (node:internal/modules/cjs/loader:1218:14)\n    at Module._compile (E:\\bookstore\\node_modules\\pirates\\lib\\index.js:136:24)\n    at Module._extensions..js (node:internal/modules/cjs/loader:1272:10)\n    at Object.newLoader [as .js] (E:\\bookstore\\node_modules\\pirates\\lib\\index.js:141:7)\n    at Module.load (node:internal/modules/cjs/loader:1081:32)\n    at Function.Module._load (node:internal/modules/cjs/loader:922:12)\n    at Function.runMain (node:internal/modules/run_main:82:12)\n    at Object.<anonymous> (E:\\bookstore\\node_modules\\@babel\\node\\src\\_babel-node.ts:223:12)\n    at Module._compile (node:internal/modules/cjs/loader:1218:14)\n    at Object.Module._extensions..js (node:internal/modules/cjs/loader:1272:10)\n    at Module.load (node:internal/modules/cjs/loader:1081:32)\n    at Function.Module._load (node:internal/modules/cjs/loader:922:12)\n    at Function.executeUserEntryPoint [as runMain] (node:internal/modules/run_main:82:12)\n    at node:internal/main/run_main_module:23:47","trace":[{"column":13,"file":"E:\\bookstore\\node_modules\\express\\lib\\router\\index.js","function":"Function.use","line":469,"method":"use","native":false},{"column":10,"file":"E:\\bookstore\\src\\routes\\/index.js","function":"routes","line":18,"method":null,"native":false},{"column":38,"file":"E:\\bookstore\\src\\/index.js","function":null,"line":32,"method":null,"native":false},{"column":14,"file":"node:internal/modules/cjs/loader","function":"Module._compile","line":1218,"method":"_compile","native":false},{"column":24,"file":"E:\\bookstore\\node_modules\\pirates\\lib\\index.js","function":"Module._compile","line":136,"method":"_compile","native":false},{"column":10,"file":"node:internal/modules/cjs/loader","function":"Module._extensions..js","line":1272,"method":".js","native":false},{"column":7,"file":"E:\\bookstore\\node_modules\\pirates\\lib\\index.js","function":"Object.newLoader [as .js]","line":141,"method":"js]","native":false},{"column":32,"file":"node:internal/modules/cjs/loader","function":"Module.load","line":1081,"method":"load","native":false},{"column":12,"file":"node:internal/modules/cjs/loader","function":"Module._load","line":922,"method":"_load","native":false},{"column":12,"file":"node:internal/modules/run_main","function":"Function.runMain","line":82,"method":"runMain","native":false},{"column":12,"file":"E:\\bookstore\\node_modules\\@babel\\node\\src\\_babel-node.ts","function":null,"line":223,"method":null,"native":false},{"column":14,"file":"node:internal/modules/cjs/loader","function":"Module._compile","line":1218,"method":"_compile","native":false},{"column":10,"file":"node:internal/modules/cjs/loader","function":"Module._extensions..js","line":1272,"method":".js","native":false},{"column":32,"file":"node:internal/modules/cjs/loader","function":"Module.load","line":1081,"method":"load","native":false},{"column":12,"file":"node:internal/modules/cjs/loader","function":"Module._load","line":922,"method":"_load","native":false},{"column":12,"file":"node:internal/modules/run_main","function":"Function.executeUserEntryPoint [as runMain]","line":82,"method":"executeUserEntryPoint [as runMain]","native":false},{"column":47,"file":"node:internal/main/run_main_module","function":null,"line":23,"method":null,"native":false}]}
info: ::1 - - [04/Mar/2023:08:05:05 +0000] "GET /api/v1/bookstore/All HTTP/1.1" 400 127 "-" "PostmanRuntime/7.31.1"

info: ::1 - - [04/Mar/2023:08:05:21 +0000] "GET /api/v1/bookstore/ HTTP/1.1" 200 9282 "-" "PostmanRuntime/7.31.1"

info: ::1 - - [04/Mar/2023:08:05:50 +0000] "POST /api/v1/cart/add/6215892405253301a4fda5d2 HTTP/1.1" 400 56 "-" "PostmanRuntime/7.31.1"

info: ::1 - - [04/Mar/2023:08:06:22 +0000] "POST /api/v1/cart/add/6215892405253301a4fda5d2 HTTP/1.1" 400 59 "-" "PostmanRuntime/7.31.1"

info: ::1 - - [04/Mar/2023:08:08:43 +0000] "POST /api/v1/cart/add/6215892405253301a4fda5d2 HTTP/1.1" 400 59 "-" "PostmanRuntime/7.31.1"

info: ::1 - - [04/Mar/2023:08:10:13 +0000] "POST /api/v1/cart/add/6215892405253301a4fda5d2 HTTP/1.1" 400 59 "-" "PostmanRuntime/7.31.1"

info: ::1 - - [04/Mar/2023:08:11:09 +0000] "POST /api/v1/cart/add/6215892405253301a4fda5d2 HTTP/1.1" 400 63 "-" "PostmanRuntime/7.31.1"

info: ::1 - - [04/Mar/2023:08:11:35 +0000] "POST /api/v1/cart/add/6215892405253301a4fda5d2 HTTP/1.1" 200 328 "-" "PostmanRuntime/7.31.1"

info: ::1 - - [04/Mar/2023:08:13:28 +0000] "POST /api/v1/cart/add/6215892405253301a4fda5d2 HTTP/1.1" 200 328 "-" "PostmanRuntime/7.31.1"

info: ::1 - - [04/Mar/2023:08:13:38 +0000] "POST /api/v1/cart/add/6215892405253301a4fda5d2 HTTP/1.1" 200 328 "-" "PostmanRuntime/7.31.1"

info: ::1 - - [04/Mar/2023:08:37:35 +0000] "POST /api/v1/cart/remove/6215892405253301a4fda5d2 HTTP/1.1" 200 330 "-" "PostmanRuntime/7.31.1"

info: ::1 - - [04/Mar/2023:08:37:39 +0000] "POST /api/v1/cart/remove/6215892405253301a4fda5d2 HTTP/1.1" 200 330 "-" "PostmanRuntime/7.31.1"

info: ::1 - - [04/Mar/2023:08:37:50 +0000] "POST /api/v1/cart/add/6215892405253301a4fda5d2 HTTP/1.1" 200 328 "-" "PostmanRuntime/7.31.1"

info: ::1 - - [04/Mar/2023:08:37:52 +0000] "POST /api/v1/cart/add/6215892405253301a4fda5d2 HTTP/1.1" 200 328 "-" "PostmanRuntime/7.31.1"

info: ::1 - - [04/Mar/2023:08:37:53 +0000] "POST /api/v1/cart/add/6215892405253301a4fda5d2 HTTP/1.1" 200 328 "-" "PostmanRuntime/7.31.1"

info: ::1 - - [04/Mar/2023:08:38:04 +0000] "POST /api/v1/cart/remove/6215892405253301a4fda5d2 HTTP/1.1" 200 330 "-" "PostmanRuntime/7.31.1"

info: ::1 - - [04/Mar/2023:08:38:05 +0000] "POST /api/v1/cart/remove/6215892405253301a4fda5d2 HTTP/1.1" 200 330 "-" "PostmanRuntime/7.31.1"

info: ::1 - - [04/Mar/2023:08:38:07 +0000] "POST /api/v1/cart/remove/6215892405253301a4fda5d2 HTTP/1.1" 200 330 "-" "PostmanRuntime/7.31.1"

info: ::1 - - [04/Mar/2023:08:38:13 +0000] "POST /api/v1/cart/remove/6215892405253301a4fda5d2 HTTP/1.1" 400 59 "-" "PostmanRuntime/7.31.1"

info: ::1 - - [04/Mar/2023:08:38:23 +0000] "POST /api/v1/cart/remove/6215892405253301a4fda5d2 HTTP/1.1" 400 59 "-" "PostmanRuntime/7.31.1"

info: ::1 - - [04/Mar/2023:08:40:37 +0000] "POST /api/v1/cart/remove/6215892405253301a4fda5d2 HTTP/1.1" 200 183 "-" "PostmanRuntime/7.31.1"

info: ::1 - - [04/Mar/2023:08:40:42 +0000] "POST /api/v1/cart/remove/6215892405253301a4fda5d2 HTTP/1.1" 400 62 "-" "PostmanRuntime/7.31.1"

info: ::1 - - [04/Mar/2023:08:40:55 +0000] "POST /api/v1/cart/add/6215892405253301a4fda5d2 HTTP/1.1" 400 88 "-" "PostmanRuntime/7.31.1"

info: ::1 - - [04/Mar/2023:08:41:01 +0000] "POST /api/v1/cart/add/6215892405253301a4fda5d2 HTTP/1.1" 400 88 "-" "PostmanRuntime/7.31.1"

info: ::1 - - [04/Mar/2023:08:41:03 +0000] "POST /api/v1/cart/add/6215892405253301a4fda5d2 HTTP/1.1" 400 88 "-" "PostmanRuntime/7.31.1"

info: ::1 - - [04/Mar/2023:08:43:09 +0000] "POST /api/v1/cart/add/6215892405253301a4fda5d2 HTTP/1.1" 400 88 "-" "PostmanRuntime/7.31.1"

info: ::1 - - [04/Mar/2023:08:45:02 +0000] "POST /api/v1/cart/add/6215892405253301a4fda5d2 HTTP/1.1" 400 88 "-" "PostmanRuntime/7.31.1"

info: ::1 - - [04/Mar/2023:08:45:03 +0000] "POST /api/v1/cart/add/6215892405253301a4fda5d2 HTTP/1.1" 400 88 "-" "PostmanRuntime/7.31.1"

info: ::1 - - [04/Mar/2023:08:46:17 +0000] "POST /api/v1/cart/add/6215892405253301a4fda5d2 HTTP/1.1" 200 328 "-" "PostmanRuntime/7.31.1"

info: ::1 - - [04/Mar/2023:08:46:21 +0000] "POST /api/v1/cart/add/6215892405253301a4fda5d2 HTTP/1.1" 200 328 "-" "PostmanRuntime/7.31.1"

info: ::1 - - [04/Mar/2023:08:46:23 +0000] "POST /api/v1/cart/add/6215892405253301a4fda5d2 HTTP/1.1" 200 328 "-" "PostmanRuntime/7.31.1"

info: ::1 - - [04/Mar/2023:08:46:24 +0000] "POST /api/v1/cart/add/6215892405253301a4fda5d2 HTTP/1.1" 200 328 "-" "PostmanRuntime/7.31.1"

info: ::1 - - [04/Mar/2023:08:46:25 +0000] "POST /api/v1/cart/add/6215892405253301a4fda5d2 HTTP/1.1" 200 328 "-" "PostmanRuntime/7.31.1"

info: ::1 - - [04/Mar/2023:08:46:26 +0000] "POST /api/v1/cart/add/6215892405253301a4fda5d2 HTTP/1.1" 200 328 "-" "PostmanRuntime/7.31.1"

info: ::1 - - [04/Mar/2023:08:46:38 +0000] "POST /api/v1/cart/remove6215892405253301a4fda5d2 HTTP/1.1" 404 47 "-" "PostmanRuntime/7.31.1"

info: ::1 - - [04/Mar/2023:08:46:46 +0000] "POST /api/v1/cart/remove/6215892405253301a4fda5d2 HTTP/1.1" 200 330 "-" "PostmanRuntime/7.31.1"

info: ::1 - - [04/Mar/2023:08:46:48 +0000] "POST /api/v1/cart/remove/6215892405253301a4fda5d2 HTTP/1.1" 200 330 "-" "PostmanRuntime/7.31.1"

info: ::1 - - [04/Mar/2023:08:46:50 +0000] "POST /api/v1/cart/remove/6215892405253301a4fda5d2 HTTP/1.1" 200 330 "-" "PostmanRuntime/7.31.1"

info: ::1 - - [04/Mar/2023:08:46:51 +0000] "POST /api/v1/cart/remove/6215892405253301a4fda5d2 HTTP/1.1" 200 330 "-" "PostmanRuntime/7.31.1"

info: ::1 - - [04/Mar/2023:08:46:52 +0000] "POST /api/v1/cart/remove/6215892405253301a4fda5d2 HTTP/1.1" 200 330 "-" "PostmanRuntime/7.31.1"

info: ::1 - - [04/Mar/2023:08:46:55 +0000] "POST /api/v1/cart/remove/6215892405253301a4fda5d2 HTTP/1.1" 200 183 "-" "PostmanRuntime/7.31.1"

info: ::1 - - [04/Mar/2023:08:47:04 +0000] "POST /api/v1/cart/remove/6215892405253301a4fda5d2 HTTP/1.1" 400 62 "-" "PostmanRuntime/7.31.1"

info: ::1 - - [04/Mar/2023:08:47:20 +0000] "POST /api/v1/cart/add/6215892405253301a4fda5d2 HTTP/1.1" 200 328 "-" "PostmanRuntime/7.31.1"

info: ::1 - - [04/Mar/2023:08:47:22 +0000] "POST /api/v1/cart/add/6215892405253301a4fda5d2 HTTP/1.1" 200 328 "-" "PostmanRuntime/7.31.1"

info: ::1 - - [04/Mar/2023:08:47:23 +0000] "POST /api/v1/cart/add/6215892405253301a4fda5d2 HTTP/1.1" 200 328 "-" "PostmanRuntime/7.31.1"

info: ::1 - - [04/Mar/2023:08:47:24 +0000] "POST /api/v1/cart/add/6215892405253301a4fda5d2 HTTP/1.1" 200 328 "-" "PostmanRuntime/7.31.1"

info: ::1 - - [04/Mar/2023:08:47:51 +0000] "POST /api/v1/cart/add/621589b605253301a4fda5d8 HTTP/1.1" 200 328 "-" "PostmanRuntime/7.31.1"

info: ::1 - - [04/Mar/2023:08:47:54 +0000] "POST /api/v1/cart/add/621589b605253301a4fda5d8 HTTP/1.1" 200 328 "-" "PostmanRuntime/7.31.1"

info: ::1 - - [04/Mar/2023:08:47:56 +0000] "POST /api/v1/cart/add/621589b605253301a4fda5d8 HTTP/1.1" 200 328 "-" "PostmanRuntime/7.31.1"

info: ::1 - - [04/Mar/2023:08:47:57 +0000] "POST /api/v1/cart/add/621589b605253301a4fda5d8 HTTP/1.1" 200 328 "-" "PostmanRuntime/7.31.1"

info: ::1 - - [04/Mar/2023:08:48:43 +0000] "POST /api/v1/cart/add/621589b605253301a4fda5d8 HTTP/1.1" 200 329 "-" "PostmanRuntime/7.31.1"

info: ::1 - - [04/Mar/2023:08:49:13 +0000] "POST /api/v1/cart/remove/621589b605253301a4fda5d8 HTTP/1.1" 200 330 "-" "PostmanRuntime/7.31.1"

info: ::1 - - [04/Mar/2023:08:49:16 +0000] "POST /api/v1/cart/remove/621589b605253301a4fda5d8 HTTP/1.1" 200 330 "-" "PostmanRuntime/7.31.1"

info: ::1 - - [04/Mar/2023:08:49:17 +0000] "POST /api/v1/cart/remove/621589b605253301a4fda5d8 HTTP/1.1" 200 330 "-" "PostmanRuntime/7.31.1"

info: ::1 - - [04/Mar/2023:08:49:18 +0000] "POST /api/v1/cart/remove/621589b605253301a4fda5d8 HTTP/1.1" 200 330 "-" "PostmanRuntime/7.31.1"

info: ::1 - - [04/Mar/2023:08:49:19 +0000] "POST /api/v1/cart/remove/621589b605253301a4fda5d8 HTTP/1.1" 200 330 "-" "PostmanRuntime/7.31.1"

info: ::1 - - [04/Mar/2023:08:49:20 +0000] "POST /api/v1/cart/remove/621589b605253301a4fda5d8 HTTP/1.1" 200 330 "-" "PostmanRuntime/7.31.1"

info: ::1 - - [04/Mar/2023:08:49:21 +0000] "POST /api/v1/cart/remove/621589b605253301a4fda5d8 HTTP/1.1" 200 330 "-" "PostmanRuntime/7.31.1"

info: ::1 - - [04/Mar/2023:08:49:22 +0000] "POST /api/v1/cart/remove/621589b605253301a4fda5d8 HTTP/1.1" 200 330 "-" "PostmanRuntime/7.31.1"

info: ::1 - - [04/Mar/2023:08:49:39 +0000] "POST /api/v1/cart/add/621589b605253301a4fda5d8 HTTP/1.1" 200 328 "-" "PostmanRuntime/7.31.1"

info: ::1 - - [04/Mar/2023:08:50:17 +0000] "POST /api/v1/cart/add/621589e905253301a4fda5da HTTP/1.1" 200 328 "-" "PostmanRuntime/7.31.1"

info: ::1 - - [04/Mar/2023:08:50:28 +0000] "POST /api/v1/cart/remove/621589e905253301a4fda5da HTTP/1.1" 200 330 "-" "PostmanRuntime/7.31.1"

info: ::1 - - [04/Mar/2023:09:08:30 +0000] "POST /api/v1/cart/remove/621589e905253301a4fda5da HTTP/1.1" 200 330 "-" "PostmanRuntime/7.31.1"

info: ::1 - - [04/Mar/2023:09:08:31 +0000] "POST /api/v1/cart/remove/621589e905253301a4fda5da HTTP/1.1" 200 183 "-" "PostmanRuntime/7.31.1"

info: ::1 - - [04/Mar/2023:09:08:35 +0000] "POST /api/v1/cart/remove/621589e905253301a4fda5da HTTP/1.1" 400 62 "-" "PostmanRuntime/7.31.1"

info: ::1 - - [04/Mar/2023:09:08:43 +0000] "POST /api/v1/cart/add/621589e905253301a4fda5da HTTP/1.1" 200 324 "-" "PostmanRuntime/7.31.1"

info: ::1 - - [04/Mar/2023:09:09:08 +0000] "POST /api/v1/cart/add/618a67367836d7000eebbbdc HTTP/1.1" 400 82 "-" "PostmanRuntime/7.31.1"

info: ::1 - - [04/Mar/2023:09:09:36 +0000] "POST /api/v1/cart/add/616fdcc474dbc1000e41e655 HTTP/1.1" 400 82 "-" "PostmanRuntime/7.31.1"

info: ::1 - - [04/Mar/2023:09:13:16 +0000] "POST /api/v1/cart/add/616fdcc474dbc1000e41e655 HTTP/1.1" 400 82 "-" "PostmanRuntime/7.31.1"

info: ::1 - - [04/Mar/2023:09:14:07 +0000] "POST /api/v1/cart/add/6215897105253301a4fda5d5 HTTP/1.1" 200 324 "-" "PostmanRuntime/7.31.1"

info: ::1 - - [04/Mar/2023:09:16:21 +0000] "POST /api/v1/cart/add/6215897105253301a4fda5d5 HTTP/1.1" 200 324 "-" "PostmanRuntime/7.31.1"

info: ::1 - - [04/Mar/2023:09:18:56 +0000] "POST /api/v1/cart/add/6215897105253301a4fda5d5 HTTP/1.1" 400 61 "-" "PostmanRuntime/7.31.1"

info: ::1 - - [04/Mar/2023:09:19:14 +0000] "POST /api/v1/cart/add/6215897105253301a4fda5d5 HTTP/1.1" 200 324 "-" "PostmanRuntime/7.31.1"

info: ::1 - - [04/Mar/2023:09:19:59 +0000] "POST /api/v1/cart/add/621589b605253301a4fda5d8 HTTP/1.1" 200 324 "-" "PostmanRuntime/7.31.1"

info: ::1 - - [04/Mar/2023:09:21:38 +0000] "POST /api/v1/cart/add/621589b605253301a4fda5d8 HTTP/1.1" 200 324 "-" "PostmanRuntime/7.31.1"

info: ::1 - - [04/Mar/2023:09:23:09 +0000] "POST /api/v1/cart/add/621589b605253301a4fda5d8 HTTP/1.1" 200 324 "-" "PostmanRuntime/7.31.1"

info: ::1 - - [04/Mar/2023:09:26:58 +0000] "POST /api/v1/cart/add/621589b605253301a4fda5d8 HTTP/1.1" 200 324 "-" "PostmanRuntime/7.31.1"

info: ::1 - - [04/Mar/2023:09:28:56 +0000] "POST /api/v1/cart/add/621589b605253301a4fda5d8 HTTP/1.1" 200 324 "-" "PostmanRuntime/7.31.1"

info: ::1 - - [04/Mar/2023:09:29:58 +0000] "POST /api/v1/cart/add/621589b605253301a4fda5d8 HTTP/1.1" 200 326 "-" "PostmanRuntime/7.31.1"

info: ::1 - - [04/Mar/2023:09:31:59 +0000] "POST /api/v1/cart/add/621589b605253301a4fda5d8 HTTP/1.1" 400 73 "-" "PostmanRuntime/7.31.1"

info: ::1 - - [04/Mar/2023:09:34:47 +0000] "POST /api/v1/cart/add/621589b605253301a4fda5d8 HTTP/1.1" 200 1015 "-" "PostmanRuntime/7.31.1"

info: ::1 - - [04/Mar/2023:09:35:52 +0000] "POST /api/v1/cart/remove/64030a9bdbc5453eecbf3df6 HTTP/1.1" 200 1016 "-" "PostmanRuntime/7.31.1"

info: ::1 - - [04/Mar/2023:09:35:53 +0000] "POST /api/v1/cart/remove/64030a9bdbc5453eecbf3df6 HTTP/1.1" 200 1015 "-" "PostmanRuntime/7.31.1"

info: ::1 - - [04/Mar/2023:09:35:54 +0000] "POST /api/v1/cart/remove/64030a9bdbc5453eecbf3df6 HTTP/1.1" 200 1015 "-" "PostmanRuntime/7.31.1"

info: ::1 - - [04/Mar/2023:09:35:55 +0000] "POST /api/v1/cart/remove/64030a9bdbc5453eecbf3df6 HTTP/1.1" 200 1015 "-" "PostmanRuntime/7.31.1"

info: ::1 - - [04/Mar/2023:09:35:56 +0000] "POST /api/v1/cart/remove/64030a9bdbc5453eecbf3df6 HTTP/1.1" 200 1015 "-" "PostmanRuntime/7.31.1"

info: ::1 - - [04/Mar/2023:09:36:00 +0000] "POST /api/v1/cart/remove/64030a9bdbc5453eecbf3df6 HTTP/1.1" 200 1015 "-" "PostmanRuntime/7.31.1"

info: ::1 - - [04/Mar/2023:09:36:01 +0000] "POST /api/v1/cart/remove/64030a9bdbc5453eecbf3df6 HTTP/1.1" 200 1015 "-" "PostmanRuntime/7.31.1"

info: ::1 - - [04/Mar/2023:09:36:02 +0000] "POST /api/v1/cart/remove/64030a9bdbc5453eecbf3df6 HTTP/1.1" 200 1015 "-" "PostmanRuntime/7.31.1"

info: ::1 - - [04/Mar/2023:09:36:04 +0000] "POST /api/v1/cart/remove/64030a9bdbc5453eecbf3df6 HTTP/1.1" 200 1015 "-" "PostmanRuntime/7.31.1"

info: ::1 - - [04/Mar/2023:09:36:05 +0000] "POST /api/v1/cart/remove/64030a9bdbc5453eecbf3df6 HTTP/1.1" 200 874 "-" "PostmanRuntime/7.31.1"

info: ::1 - - [04/Mar/2023:09:36:15 +0000] "POST /api/v1/cart/remove/64030a9bdbc5453eecbf3df6 HTTP/1.1" 200 183 "-" "PostmanRuntime/7.31.1"

info: ::1 - - [04/Mar/2023:09:36:44 +0000] "POST /api/v1/cart/add/64030a9bdbc5453eecbf3df6 HTTP/1.1" 400 82 "-" "PostmanRuntime/7.31.1"

info: ::1 - - [04/Mar/2023:09:37:09 +0000] "POST /api/v1/cart/add/64030a9bdbc5453eecbf3df6 HTTP/1.1" 400 82 "-" "PostmanRuntime/7.31.1"

info: ::1 - - [04/Mar/2023:09:38:38 +0000] "POST /api/v1/cart/add/64030a9bdbc5453eecbf3df6 HTTP/1.1" 400 82 "-" "PostmanRuntime/7.31.1"

info: ::1 - - [04/Mar/2023:09:39:24 +0000] "POST /api/v1/cart/add/64030a9bdbc5453eecbf3df6 HTTP/1.1" 400 82 "-" "PostmanRuntime/7.31.1"

info: ::1 - - [04/Mar/2023:09:40:57 +0000] "POST /api/v1/cart/add/6215178d05253301a4fda5c4 HTTP/1.1" 200 368 "-" "PostmanRuntime/7.31.1"

info: ::1 - - [04/Mar/2023:09:41:05 +0000] "POST /api/v1/cart/add/6215178d05253301a4fda5c4 HTTP/1.1" 200 554 "-" "PostmanRuntime/7.31.1"

info: ::1 - - [04/Mar/2023:09:41:22 +0000] "POST /api/v1/cart/add/616fdcc474dbc1000e41e655 HTTP/1.1" 400 82 "-" "PostmanRuntime/7.31.1"

info: ::1 - - [04/Mar/2023:09:41:38 +0000] "POST /api/v1/cart/add/621588af05253301a4fda5ce HTTP/1.1" 200 702 "-" "PostmanRuntime/7.31.1"

info: ::1 - - [04/Mar/2023:09:41:53 +0000] "POST /api/v1/cart/add/621588af05253301a4fda5ce HTTP/1.1" 200 850 "-" "PostmanRuntime/7.31.1"

info: ::1 - - [04/Mar/2023:09:43:42 +0000] "POST /api/v1/cart/add/621588af05253301a4fda5ce HTTP/1.1" 200 998 "-" "PostmanRuntime/7.31.1"

info: ::1 - - [04/Mar/2023:09:48:17 +0000] "POST /api/v1/cart/add/621588af05253301a4fda5ce HTTP/1.1" 200 1146 "-" "PostmanRuntime/7.31.1"

info: ::1 - - [04/Mar/2023:09:52:54 +0000] "POST /api/v1/cart/remove/621588af05253301a4fda5ce HTTP/1.1" 400 62 "-" "PostmanRuntime/7.31.1"

info: ::1 - - [04/Mar/2023:09:54:07 +0000] "POST /api/v1/cart/add/621588af05253301a4fda5ce HTTP/1.1" 200 330 "-" "PostmanRuntime/7.31.1"

info: ::1 - - [04/Mar/2023:09:54:10 +0000] "POST /api/v1/cart/add/621588af05253301a4fda5ce HTTP/1.1" 200 330 "-" "PostmanRuntime/7.31.1"

info: ::1 - - [04/Mar/2023:09:54:42 +0000] "POST /api/v1/cart/add/6215888305253301a4fda5cd HTTP/1.1" 200 513 "-" "PostmanRuntime/7.31.1"

info: ::1 - - [04/Mar/2023:09:54:48 +0000] "POST /api/v1/cart/add/6215888305253301a4fda5cd HTTP/1.1" 200 513 "-" "PostmanRuntime/7.31.1"

info: ::1 - - [04/Mar/2023:09:55:23 +0000] "POST /api/v1/cart/add/6215899f05253301a4fda5d7 HTTP/1.1" 200 1156 "-" "PostmanRuntime/7.31.1"

info: ::1 - - [04/Mar/2023:09:55:38 +0000] "POST /api/v1/cart/add/6215899f05253301a4fda5d7 HTTP/1.1" 200 1156 "-" "PostmanRuntime/7.31.1"

info: ::1 - - [04/Mar/2023:09:55:39 +0000] "POST /api/v1/cart/add/6215899f05253301a4fda5d7 HTTP/1.1" 200 1156 "-" "PostmanRuntime/7.31.1"

info: ::1 - - [04/Mar/2023:09:56:19 +0000] "POST /api/v1/cart/remove/6215899f05253301a4fda5d7 HTTP/1.1" 200 1158 "-" "PostmanRuntime/7.31.1"

info: ::1 - - [04/Mar/2023:09:56:25 +0000] "POST /api/v1/cart/remove/6215899f05253301a4fda5d7 HTTP/1.1" 200 1158 "-" "PostmanRuntime/7.31.1"

info: ::1 - - [04/Mar/2023:09:56:29 +0000] "POST /api/v1/cart/remove/6215899f05253301a4fda5d7 HTTP/1.1" 200 515 "-" "PostmanRuntime/7.31.1"

info: ::1 - - [04/Mar/2023:09:56:39 +0000] "POST /api/v1/cart/remove/6215899f05253301a4fda5d7 HTTP/1.1" 400 62 "-" "PostmanRuntime/7.31.1"

info: ::1 - - [04/Mar/2023:09:57:03 +0000] "POST /api/v1/cart/remove/6215178d05253301a4fda5c4 HTTP/1.1" 400 62 "-" "PostmanRuntime/7.31.1"

info: ::1 - - [04/Mar/2023:09:57:30 +0000] "POST /api/v1/cart/remove/6403156224cd88467ce591ca HTTP/1.1" 400 62 "-" "PostmanRuntime/7.31.1"

info: ::1 - - [04/Mar/2023:09:58:27 +0000] "POST /api/v1/cart/remove/6403156224cd88467ce591ca HTTP/1.1" 400 62 "-" "PostmanRuntime/7.31.1"

info: ::1 - - [04/Mar/2023:09:58:58 +0000] "POST /api/v1/cart/remove/6403153f24cd88467ce591c3 HTTP/1.1" 400 62 "-" "PostmanRuntime/7.31.1"

info: ::1 - - [04/Mar/2023:10:00:07 +0000] "POST /api/v1/cart/remove/6403153f24cd88467ce591c3 HTTP/1.1" 400 62 "-" "PostmanRuntime/7.31.1"

info: ::1 - - [04/Mar/2023:10:01:56 +0000] "POST /api/v1/cart/remove/6403153f24cd88467ce591c3 HTTP/1.1" 400 62 "-" "PostmanRuntime/7.31.1"

info: ::1 - - [04/Mar/2023:10:03:33 +0000] "POST /api/v1/cart/remove/6403153f24cd88467ce591c3 HTTP/1.1" 400 92 "-" "PostmanRuntime/7.31.1"

info: ::1 - - [04/Mar/2023:10:13:44 +0000] "POST /api/v1/cart/remove/6403153f24cd88467ce591c3 HTTP/1.1" 400 92 "-" "PostmanRuntime/7.31.1"

info: ::1 - - [04/Mar/2023:10:13:52 +0000] "POST /api/v1/cart/add/6403153f24cd88467ce591c3 HTTP/1.1" 400 82 "-" "PostmanRuntime/7.31.1"

info: ::1 - - [04/Mar/2023:10:14:41 +0000] "POST /api/v1/cart/add/6215888305253301a4fda5cd HTTP/1.1" 200 513 "-" "PostmanRuntime/7.31.1"

info: ::1 - - [04/Mar/2023:10:14:55 +0000] "POST /api/v1/cart/remove/6215888305253301a4fda5cd HTTP/1.1" 200 515 "-" "PostmanRuntime/7.31.1"

info: ::1 - - [04/Mar/2023:10:14:58 +0000] "POST /api/v1/cart/remove/6215888305253301a4fda5cd HTTP/1.1" 200 515 "-" "PostmanRuntime/7.31.1"

info: ::1 - - [04/Mar/2023:10:15:04 +0000] "POST /api/v1/cart/remove/6215888305253301a4fda5cd HTTP/1.1" 200 332 "-" "PostmanRuntime/7.31.1"

info: ::1 - - [04/Mar/2023:10:15:09 +0000] "POST /api/v1/cart/remove/6215888305253301a4fda5cd HTTP/1.1" 400 92 "-" "PostmanRuntime/7.31.1"

info: ::1 - - [04/Mar/2023:10:16:11 +0000] "POST /api/v1/cart/add/6215888305253301a4fda5cd HTTP/1.1" 200 513 "-" "PostmanRuntime/7.31.1"

info: ::1 - - [04/Mar/2023:10:16:15 +0000] "POST /api/v1/cart/add/6215888305253301a4fda5cd HTTP/1.1" 200 513 "-" "PostmanRuntime/7.31.1"

info: ::1 - - [04/Mar/2023:10:16:45 +0000] "POST /api/v1/cart/remove/621588af05253301a4fda5ce HTTP/1.1" 200 515 "-" "PostmanRuntime/7.31.1"

info: ::1 - - [04/Mar/2023:10:17:41 +0000] "POST /api/v1/cart/remove/621588af05253301a4fda5ce HTTP/1.1" 200 367 "-" "PostmanRuntime/7.31.1"

info: ::1 - - [04/Mar/2023:10:17:50 +0000] "POST /api/v1/cart/remove/621588af05253301a4fda5ce HTTP/1.1" 400 62 "-" "PostmanRuntime/7.31.1"

info: ::1 - - [04/Mar/2023:10:18:01 +0000] "POST /api/v1/cart/add/621588af05253301a4fda5ce HTTP/1.1" 200 513 "-" "PostmanRuntime/7.31.1"

info: ::1 - - [04/Mar/2023:10:18:11 +0000] "POST /api/v1/cart/add/621588af05253301a4fda5ce HTTP/1.1" 200 513 "-" "PostmanRuntime/7.31.1"

info: ::1 - - [04/Mar/2023:10:18:15 +0000] "POST /api/v1/cart/add/621588af05253301a4fda5ce HTTP/1.1" 200 513 "-" "PostmanRuntime/7.31.1"

info: ::1 - - [04/Mar/2023:10:18:37 +0000] "POST /api/v1/cart/remove/6215888305253301a4fda5cd HTTP/1.1" 200 515 "-" "PostmanRuntime/7.31.1"

info: ::1 - - [04/Mar/2023:10:18:44 +0000] "POST /api/v1/cart/remove/6215888305253301a4fda5cd HTTP/1.1" 200 332 "-" "PostmanRuntime/7.31.1"

info: ::1 - - [04/Mar/2023:10:18:49 +0000] "POST /api/v1/cart/remove/6215888305253301a4fda5cd HTTP/1.1" 400 62 "-" "PostmanRuntime/7.31.1"

info: ::1 - - [04/Mar/2023:10:19:23 +0000] "POST /api/v1/cart/remove/6215897105253301a4fda5d5 HTTP/1.1" 400 62 "-" "PostmanRuntime/7.31.1"

info: ::1 - - [04/Mar/2023:10:19:30 +0000] "POST /api/v1/cart/add/6215897105253301a4fda5d5 HTTP/1.1" 200 491 "-" "PostmanRuntime/7.31.1"

info: ::1 - - [04/Mar/2023:10:19:36 +0000] "POST /api/v1/cart/add/6215897105253301a4fda5d5 HTTP/1.1" 200 492 "-" "PostmanRuntime/7.31.1"

info: ::1 - - [04/Mar/2023:10:19:47 +0000] "POST /api/v1/cart/add/6215897105253301a4fda5d5 HTTP/1.1" 200 492 "-" "PostmanRuntime/7.31.1"

info: ::1 - - [04/Mar/2023:10:23:29 +0000] "POST /api/v1/cart/remove/6215897105253301a4fda5d5 HTTP/1.1" 200 494 "-" "PostmanRuntime/7.31.1"

info: ::1 - - [04/Mar/2023:10:23:30 +0000] "POST /api/v1/cart/remove/6215897105253301a4fda5d5 HTTP/1.1" 200 493 "-" "PostmanRuntime/7.31.1"

info: ::1 - - [04/Mar/2023:10:23:32 +0000] "POST /api/v1/cart/remove/6215897105253301a4fda5d5 HTTP/1.1" 200 332 "-" "PostmanRuntime/7.31.1"

info: ::1 - - [04/Mar/2023:10:23:34 +0000] "POST /api/v1/cart/remove/6215897105253301a4fda5d5 HTTP/1.1" 400 62 "-" "PostmanRuntime/7.31.1"

info: ::1 - - [04/Mar/2023:10:23:55 +0000] "POST /api/v1/cart/remove/621588af05253301a4fda5ce HTTP/1.1" 200 333 "-" "PostmanRuntime/7.31.1"

info: ::1 - - [04/Mar/2023:10:23:56 +0000] "POST /api/v1/cart/remove/621588af05253301a4fda5ce HTTP/1.1" 200 333 "-" "PostmanRuntime/7.31.1"

info: ::1 - - [04/Mar/2023:10:23:58 +0000] "POST /api/v1/cart/remove/621588af05253301a4fda5ce HTTP/1.1" 200 184 "-" "PostmanRuntime/7.31.1"

info: ::1 - - [04/Mar/2023:10:25:42 +0000] "POST /api/v1/cart/add/6214803b05253301a4fda584 HTTP/1.1" 200 1048 "-" "PostmanRuntime/7.31.1"

info: ::1 - - [04/Mar/2023:10:34:43 +0000] "POST /api/v1/cart/add/6214803b05253301a4fda584 HTTP/1.1" 200 1049 "-" "PostmanRuntime/7.31.1"

info: ::1 - - [04/Mar/2023:10:35:54 +0000] "POST /api/v1/cart/add/6214803b05253301a4fda584 HTTP/1.1" 200 1049 "-" "PostmanRuntime/7.31.1"

info: ::1 - - [04/Mar/2023:10:41:20 +0000] "POST /api/v1/cart/add/6214803b05253301a4fda584 HTTP/1.1" 200 1049 "-" "PostmanRuntime/7.31.1"

info: ::1 - - [04/Mar/2023:10:41:32 +0000] "POST /api/v1/cart/add/6214803b05253301a4fda584 HTTP/1.1" 200 1049 "-" "PostmanRuntime/7.31.1"

info: ::1 - - [04/Mar/2023:10:42:18 +0000] "POST /api/v1/cart/add/6214803b05253301a4fda584 HTTP/1.1" 200 1049 "-" "PostmanRuntime/7.31.1"

info: ::1 - - [04/Mar/2023:10:44:45 +0000] "POST /api/v1/cart/remove/6214803b05253301a4fda584 HTTP/1.1" 200 1051 "-" "PostmanRuntime/7.31.1"

info: ::1 - - [06/Mar/2023:07:02:19 +0000] "POST /api/v1/cart/add/6214803b05253301a4fda584 HTTP/1.1" 200 1049 "-" "PostmanRuntime/7.31.1"

info: ::1 - - [06/Mar/2023:07:05:13 +0000] "POST /api/v1/cart/remove/6214803b05253301a4fda584 HTTP/1.1" 200 1051 "-" "PostmanRuntime/7.31.1"

info: ::1 - - [06/Mar/2023:07:05:24 +0000] "POST /api/v1/cart/add/6214803b05253301a4fda584 HTTP/1.1" 200 1049 "-" "PostmanRuntime/7.31.1"

info: ::1 - - [06/Mar/2023:07:07:42 +0000] "POST /api/v1/cart/add/621588d505253301a4fda5cf HTTP/1.1" 200 1224 "-" "PostmanRuntime/7.31.1"

info: ::1 - - [06/Mar/2023:07:15:33 +0000] "POST /api/v1/cart/add/621588f105253301a4fda5d0 HTTP/1.1" 200 1383 "-" "PostmanRuntime/7.31.1"

info: ::1 - - [06/Mar/2023:07:15:49 +0000] "POST /api/v1/cart/add/621588f105253301a4fda5d0 HTTP/1.1" 200 1383 "-" "PostmanRuntime/7.31.1"

info: ::1 - - [06/Mar/2023:07:16:00 +0000] "POST /api/v1/cart/remove/621588f105253301a4fda5d0 HTTP/1.1" 200 1385 "-" "PostmanRuntime/7.31.1"

info: ::1 - - [06/Mar/2023:07:16:17 +0000] "POST /api/v1/cart/remove/621588f105253301a4fda5d0 HTTP/1.1" 200 1226 "-" "PostmanRuntime/7.31.1"

info: ::1 - - [06/Mar/2023:07:16:30 +0000] "POST /api/v1/cart/remove/621588d505253301a4fda5cf HTTP/1.1" 200 1051 "-" "PostmanRuntime/7.31.1"

info: ::1 - - [06/Mar/2023:07:16:54 +0000] "POST /api/v1/cart/add/6214803b05253301a4fda584 HTTP/1.1" 200 1049 "-" "PostmanRuntime/7.31.1"

info: ::1 - - [06/Mar/2023:07:17:15 +0000] "POST /api/v1/cart/remove/6214803b05253301a4fda584 HTTP/1.1" 200 1051 "-" "PostmanRuntime/7.31.1"

info: ::1 - - [06/Mar/2023:07:18:50 +0000] "POST /api/v1/cart/add/6214803b05253301a4fda584 HTTP/1.1" 200 1049 "-" "PostmanRuntime/7.31.1"

info: ::1 - - [06/Mar/2023:07:19:53 +0000] "POST /api/v1/cart/add/6214803b05253301a4fda584 HTTP/1.1" 200 1049 "-" "PostmanRuntime/7.31.1"

info: ::1 - - [06/Mar/2023:07:20:20 +0000] "POST /api/v1/cart/add/6214803b05253301a4fda584 HTTP/1.1" 200 1049 "-" "PostmanRuntime/7.31.1"

info: ::1 - - [06/Mar/2023:07:21:23 +0000] "POST /api/v1/cart/add/6214803b05253301a4fda584 HTTP/1.1" 200 1050 "-" "PostmanRuntime/7.31.1"

info: ::1 - - [06/Mar/2023:07:21:50 +0000] "POST /api/v1/cart/add/6214803b05253301a4fda584 HTTP/1.1" 200 1050 "-" "PostmanRuntime/7.31.1"

info: ::1 - - [06/Mar/2023:08:10:15 +0000] "POST /api/v1/wishList/add/6214803b05253301a4fda584 HTTP/1.1" 400 56 "-" "PostmanRuntime/7.31.1"

info: ::1 - - [06/Mar/2023:08:10:41 +0000] "POST /api/v1/wishList/add/6214803b05253301a4fda584 HTTP/1.1" 200 1002 "-" "PostmanRuntime/7.31.1"

info: ::1 - - [06/Mar/2023:08:11:13 +0000] "POST /api/v1/wishList/add/6215892405253301a4fda5d2 HTTP/1.1" 200 1134 "-" "PostmanRuntime/7.31.1"

info: ::1 - - [06/Mar/2023:08:11:16 +0000] "POST /api/v1/wishList/add/6215892405253301a4fda5d2 HTTP/1.1" 400 60 "-" "PostmanRuntime/7.31.1"

info: ::1 - - [06/Mar/2023:08:11:51 +0000] "POST /api/v1/wishList/add/621589b605253301a4fda5d8 HTTP/1.1" 200 1810 "-" "PostmanRuntime/7.31.1"

info: ::1 - - [06/Mar/2023:08:16:04 +0000] "POST /api/v1/wishList/remove/621589b605253301a4fda5d8 HTTP/1.1" 200 1138 "-" "PostmanRuntime/7.31.1"

info: ::1 - - [06/Mar/2023:08:16:45 +0000] "POST /api/v1/wishList/remove/6214803b05253301a4fda584 HTTP/1.1" 200 286 "-" "PostmanRuntime/7.31.1"

info: ::1 - - [06/Mar/2023:08:16:49 +0000] "POST /api/v1/wishList/remove/6214803b05253301a4fda584 HTTP/1.1" 400 66 "-" "PostmanRuntime/7.31.1"

info: ::1 - - [06/Mar/2023:08:21:10 +0000] "POST /api/v1/wishList/remove/6214803b05253301a4fda584 HTTP/1.1" 400 66 "-" "PostmanRuntime/7.31.1"

info: ::1 - - [06/Mar/2023:16:52:41 +0000] "POST /api/v1/wishList/add/6214803b05253301a4fda584 HTTP/1.1" 200 1134 "-" "PostmanRuntime/7.31.1"

info: ::1 - - [06/Mar/2023:16:53:52 +0000] "POST /api/v1/wishList/add/6214803b05253301a4fda584 HTTP/1.1" 400 60 "-" "PostmanRuntime/7.31.1"

info: ::1 - - [06/Mar/2023:16:54:06 +0000] "POST /api/v1/wishList/remove/6214803b05253301a4fda584 HTTP/1.1" 200 286 "-" "PostmanRuntime/7.31.1"

info: ::1 - - [06/Mar/2023:16:56:11 +0000] "POST /api/v1/wishList/add/6214803b05253301a4fda584 HTTP/1.1" 200 1134 "-" "PostmanRuntime/7.31.1"

info: ::1 - - [06/Mar/2023:16:58:13 +0000] "POST /api/v1/wishList/remove/6214803b05253301a4fda584 HTTP/1.1" 200 286 "-" "PostmanRuntime/7.31.1"

info: ::1 - - [06/Mar/2023:16:58:35 +0000] "POST /api/v1/wishList/add/6214803b05253301a4fda584 HTTP/1.1" 200 1134 "-" "PostmanRuntime/7.31.1"

info: ::1 - - [06/Mar/2023:17:04:55 +0000] "POST /api/v1/cart/add/6214803b05253301a4fda584 HTTP/1.1" 200 1050 "-" "PostmanRuntime/7.31.1"

info: ::1 - - [06/Mar/2023:17:10:37 +0000] "POST /api/v1/cart/add/6214803b05253301a4fda584 HTTP/1.1" 200 1051 "-" "PostmanRuntime/7.31.1"

info: ::1 - - [08/Mar/2023:10:53:18 +0000] "POST /api/v1/cart/purchased HTTP/1.1" 400 58 "-" "PostmanRuntime/7.31.1"

info: ::1 - - [08/Mar/2023:10:54:44 +0000] "POST /api/v1/cart/purchased HTTP/1.1" 200 98 "-" "PostmanRuntime/7.31.1"

info: ::1 - - [08/Mar/2023:11:06:15 +0000] "POST /api/v1/cart/add/621589e905253301a4fda5da HTTP/1.1" 200 324 "-" "PostmanRuntime/7.31.1"

info: ::1 - - [08/Mar/2023:11:07:42 +0000] "POST /api/v1/cart/add/6215897105253301a4fda5d5 HTTP/1.1" 200 484 "-" "PostmanRuntime/7.31.1"

info: ::1 - - [08/Mar/2023:11:11:30 +0000] "POST /api/v1/cart/add/62158a0505253301a4fda5db HTTP/1.1" 500 76 "-" "PostmanRuntime/7.31.1"

error: uncaughtException: Router.use() requires a middleware function but got a Object
TypeError: Router.use() requires a middleware function but got a Object
    at Function.use (E:\bookstore\node_modules\express\lib\router\index.js:469:13)
    at routes (E:\bookstore\src\routes\/index.js:22:10)
    at Object.<anonymous> (E:\bookstore\src\/index.js:32:38)
    at Module._compile (node:internal/modules/cjs/loader:1218:14)
    at Module._compile (E:\bookstore\node_modules\pirates\lib\index.js:136:24)
    at Module._extensions..js (node:internal/modules/cjs/loader:1272:10)
    at Object.newLoader [as .js] (E:\bookstore\node_modules\pirates\lib\index.js:141:7)
    at Module.load (node:internal/modules/cjs/loader:1081:32)
    at Function.Module._load (node:internal/modules/cjs/loader:922:12)
    at Function.runMain (node:internal/modules/run_main:82:12)
    at Object.<anonymous> (E:\bookstore\node_modules\@babel\node\src\_babel-node.ts:223:12)
    at Module._compile (node:internal/modules/cjs/loader:1218:14)
    at Object.Module._extensions..js (node:internal/modules/cjs/loader:1272:10)
    at Module.load (node:internal/modules/cjs/loader:1081:32)
    at Function.Module._load (node:internal/modules/cjs/loader:922:12)
    at Function.executeUserEntryPoint [as runMain] (node:internal/modules/run_main:82:12)
    at node:internal/main/run_main_module:23:47 {"date":"Wed Mar 08 2023 16:43:39 GMT+0530 (India Standard Time)","error":{},"exception":true,"os":{"loadavg":[0,0,0],"uptime":454917.187},"process":{"argv":["node","E:\\bookstore\\src\\index.js"],"cwd":"E:\\bookstore","execPath":"C:\\Program Files\\nodejs\\node.exe","gid":null,"memoryUsage":{"arrayBuffers":19139956,"external":21495005,"heapTotal":124137472,"heapUsed":98612896,"rss":168656896},"pid":2768,"uid":null,"version":"v19.3.0"},"stack":"TypeError: Router.use() requires a middleware function but got a Object\n    at Function.use (E:\\bookstore\\node_modules\\express\\lib\\router\\index.js:469:13)\n    at routes (E:\\bookstore\\src\\routes\\/index.js:22:10)\n    at Object.<anonymous> (E:\\bookstore\\src\\/index.js:32:38)\n    at Module._compile (node:internal/modules/cjs/loader:1218:14)\n    at Module._compile (E:\\bookstore\\node_modules\\pirates\\lib\\index.js:136:24)\n    at Module._extensions..js (node:internal/modules/cjs/loader:1272:10)\n    at Object.newLoader [as .js] (E:\\bookstore\\node_modules\\pirates\\lib\\index.js:141:7)\n    at Module.load (node:internal/modules/cjs/loader:1081:32)\n    at Function.Module._load (node:internal/modules/cjs/loader:922:12)\n    at Function.runMain (node:internal/modules/run_main:82:12)\n    at Object.<anonymous> (E:\\bookstore\\node_modules\\@babel\\node\\src\\_babel-node.ts:223:12)\n    at Module._compile (node:internal/modules/cjs/loader:1218:14)\n    at Object.Module._extensions..js (node:internal/modules/cjs/loader:1272:10)\n    at Module.load (node:internal/modules/cjs/loader:1081:32)\n    at Function.Module._load (node:internal/modules/cjs/loader:922:12)\n    at Function.executeUserEntryPoint [as runMain] (node:internal/modules/run_main:82:12)\n    at node:internal/main/run_main_module:23:47","trace":[{"column":13,"file":"E:\\bookstore\\node_modules\\express\\lib\\router\\index.js","function":"Function.use","line":469,"method":"use","native":false},{"column":10,"file":"E:\\bookstore\\src\\routes\\/index.js","function":"routes","line":22,"method":null,"native":false},{"column":38,"file":"E:\\bookstore\\src\\/index.js","function":null,"line":32,"method":null,"native":false},{"column":14,"file":"node:internal/modules/cjs/loader","function":"Module._compile","line":1218,"method":"_compile","native":false},{"column":24,"file":"E:\\bookstore\\node_modules\\pirates\\lib\\index.js","function":"Module._compile","line":136,"method":"_compile","native":false},{"column":10,"file":"node:internal/modules/cjs/loader","function":"Module._extensions..js","line":1272,"method":".js","native":false},{"column":7,"file":"E:\\bookstore\\node_modules\\pirates\\lib\\index.js","function":"Object.newLoader [as .js]","line":141,"method":"js]","native":false},{"column":32,"file":"node:internal/modules/cjs/loader","function":"Module.load","line":1081,"method":"load","native":false},{"column":12,"file":"node:internal/modules/cjs/loader","function":"Module._load","line":922,"method":"_load","native":false},{"column":12,"file":"node:internal/modules/run_main","function":"Function.runMain","line":82,"method":"runMain","native":false},{"column":12,"file":"E:\\bookstore\\node_modules\\@babel\\node\\src\\_babel-node.ts","function":null,"line":223,"method":null,"native":false},{"column":14,"file":"node:internal/modules/cjs/loader","function":"Module._compile","line":1218,"method":"_compile","native":false},{"column":10,"file":"node:internal/modules/cjs/loader","function":"Module._extensions..js","line":1272,"method":".js","native":false},{"column":32,"file":"node:internal/modules/cjs/loader","function":"Module.load","line":1081,"method":"load","native":false},{"column":12,"file":"node:internal/modules/cjs/loader","function":"Module._load","line":922,"method":"_load","native":false},{"column":12,"file":"node:internal/modules/run_main","function":"Function.executeUserEntryPoint [as runMain]","line":82,"method":"executeUserEntryPoint [as runMain]","native":false},{"column":47,"file":"node:internal/main/run_main_module","function":null,"line":23,"method":null,"native":false}]}
error: uncaughtException: Router.use() requires a middleware function but got a Object
TypeError: Router.use() requires a middleware function but got a Object
    at Function.use (E:\bookstore\node_modules\express\lib\router\index.js:469:13)
    at routes (E:\bookstore\src\routes\/index.js:22:10)
    at Object.<anonymous> (E:\bookstore\src\/index.js:32:38)
    at Module._compile (node:internal/modules/cjs/loader:1218:14)
    at Module._compile (E:\bookstore\node_modules\pirates\lib\index.js:136:24)
    at Module._extensions..js (node:internal/modules/cjs/loader:1272:10)
    at Object.newLoader [as .js] (E:\bookstore\node_modules\pirates\lib\index.js:141:7)
    at Module.load (node:internal/modules/cjs/loader:1081:32)
    at Function.Module._load (node:internal/modules/cjs/loader:922:12)
    at Function.runMain (node:internal/modules/run_main:82:12)
    at Object.<anonymous> (E:\bookstore\node_modules\@babel\node\src\_babel-node.ts:223:12)
    at Module._compile (node:internal/modules/cjs/loader:1218:14)
    at Object.Module._extensions..js (node:internal/modules/cjs/loader:1272:10)
    at Module.load (node:internal/modules/cjs/loader:1081:32)
    at Function.Module._load (node:internal/modules/cjs/loader:922:12)
    at Function.executeUserEntryPoint [as runMain] (node:internal/modules/run_main:82:12)
    at node:internal/main/run_main_module:23:47 {"date":"Wed Mar 08 2023 16:43:56 GMT+0530 (India Standard Time)","error":{},"exception":true,"os":{"loadavg":[0,0,0],"uptime":454933.734},"process":{"argv":["node","E:\\bookstore\\src\\index.js"],"cwd":"E:\\bookstore","execPath":"C:\\Program Files\\nodejs\\node.exe","gid":null,"memoryUsage":{"arrayBuffers":19171341,"external":21525810,"heapTotal":120991744,"heapUsed":100041640,"rss":165556224},"pid":2364,"uid":null,"version":"v19.3.0"},"stack":"TypeError: Router.use() requires a middleware function but got a Object\n    at Function.use (E:\\bookstore\\node_modules\\express\\lib\\router\\index.js:469:13)\n    at routes (E:\\bookstore\\src\\routes\\/index.js:22:10)\n    at Object.<anonymous> (E:\\bookstore\\src\\/index.js:32:38)\n    at Module._compile (node:internal/modules/cjs/loader:1218:14)\n    at Module._compile (E:\\bookstore\\node_modules\\pirates\\lib\\index.js:136:24)\n    at Module._extensions..js (node:internal/modules/cjs/loader:1272:10)\n    at Object.newLoader [as .js] (E:\\bookstore\\node_modules\\pirates\\lib\\index.js:141:7)\n    at Module.load (node:internal/modules/cjs/loader:1081:32)\n    at Function.Module._load (node:internal/modules/cjs/loader:922:12)\n    at Function.runMain (node:internal/modules/run_main:82:12)\n    at Object.<anonymous> (E:\\bookstore\\node_modules\\@babel\\node\\src\\_babel-node.ts:223:12)\n    at Module._compile (node:internal/modules/cjs/loader:1218:14)\n    at Object.Module._extensions..js (node:internal/modules/cjs/loader:1272:10)\n    at Module.load (node:internal/modules/cjs/loader:1081:32)\n    at Function.Module._load (node:internal/modules/cjs/loader:922:12)\n    at Function.executeUserEntryPoint [as runMain] (node:internal/modules/run_main:82:12)\n    at node:internal/main/run_main_module:23:47","trace":[{"column":13,"file":"E:\\bookstore\\node_modules\\express\\lib\\router\\index.js","function":"Function.use","line":469,"method":"use","native":false},{"column":10,"file":"E:\\bookstore\\src\\routes\\/index.js","function":"routes","line":22,"method":null,"native":false},{"column":38,"file":"E:\\bookstore\\src\\/index.js","function":null,"line":32,"method":null,"native":false},{"column":14,"file":"node:internal/modules/cjs/loader","function":"Module._compile","line":1218,"method":"_compile","native":false},{"column":24,"file":"E:\\bookstore\\node_modules\\pirates\\lib\\index.js","function":"Module._compile","line":136,"method":"_compile","native":false},{"column":10,"file":"node:internal/modules/cjs/loader","function":"Module._extensions..js","line":1272,"method":".js","native":false},{"column":7,"file":"E:\\bookstore\\node_modules\\pirates\\lib\\index.js","function":"Object.newLoader [as .js]","line":141,"method":"js]","native":false},{"column":32,"file":"node:internal/modules/cjs/loader","function":"Module.load","line":1081,"method":"load","native":false},{"column":12,"file":"node:internal/modules/cjs/loader","function":"Module._load","line":922,"method":"_load","native":false},{"column":12,"file":"node:internal/modules/run_main","function":"Function.runMain","line":82,"method":"runMain","native":false},{"column":12,"file":"E:\\bookstore\\node_modules\\@babel\\node\\src\\_babel-node.ts","function":null,"line":223,"method":null,"native":false},{"column":14,"file":"node:internal/modules/cjs/loader","function":"Module._compile","line":1218,"method":"_compile","native":false},{"column":10,"file":"node:internal/modules/cjs/loader","function":"Module._extensions..js","line":1272,"method":".js","native":false},{"column":32,"file":"node:internal/modules/cjs/loader","function":"Module.load","line":1081,"method":"load","native":false},{"column":12,"file":"node:internal/modules/cjs/loader","function":"Module._load","line":922,"method":"_load","native":false},{"column":12,"file":"node:internal/modules/run_main","function":"Function.executeUserEntryPoint [as runMain]","line":82,"method":"executeUserEntryPoint [as runMain]","native":false},{"column":47,"file":"node:internal/main/run_main_module","function":null,"line":23,"method":null,"native":false}]}
info: ::1 - - [08/Mar/2023:12:11:03 +0000] "POST /api/v1//customerDetails/ HTTP/1.1" 200 328 "-" "PostmanRuntime/7.31.1"

info: ::1 - - [08/Mar/2023:12:12:09 +0000] "POST /api/v1//customerDetails/ HTTP/1.1" 200 545 "-" "PostmanRuntime/7.31.1"

info: ::1 - - [08/Mar/2023:12:27:33 +0000] "DELETE /api/v1//customerDetails/64087b55287dcb4724c82175 HTTP/1.1" 400 93 "-" "PostmanRuntime/7.31.1"

info: ::1 - - [08/Mar/2023:12:28:17 +0000] "DELETE /api/v1//customerDetails/64087b55287dcb4724c82175 HTTP/1.1" 200 333 "-" "PostmanRuntime/7.31.1"

info: ::1 - - [08/Mar/2023:12:28:31 +0000] "POST /api/v1//customerDetails/ HTTP/1.1" 200 548 "-" "PostmanRuntime/7.31.1"

info: ::1 - - [08/Mar/2023:13:53:33 +0000] "POST /api/v1//customerDetails/ HTTP/1.1" 200 360 "-" "PostmanRuntime/7.31.1"

info: ::1 - - [08/Mar/2023:13:54:36 +0000] "POST /api/v1//customerDetails/ HTTP/1.1" 200 581 "-" "PostmanRuntime/7.31.1"

info: ::1 - - [08/Mar/2023:13:54:43 +0000] "POST /api/v1//customerDetails/ HTTP/1.1" 200 800 "-" "PostmanRuntime/7.31.1"

info: ::1 - - [08/Mar/2023:13:55:28 +0000] "PUT /api/v1//customerDetails/6408939ce2c160039cd7f818 HTTP/1.1" 400 58 "-" "PostmanRuntime/7.31.1"

info: ::1 - - [08/Mar/2023:13:57:30 +0000] "PUT /api/v1//customerDetails/6408939ce2c160039cd7f818 HTTP/1.1" 400 58 "-" "PostmanRuntime/7.31.1"

info: ::1 - - [08/Mar/2023:13:58:15 +0000] "PUT /api/v1//customerDetails/6408939ce2c160039cd7f818 HTTP/1.1" 200 814 "-" "PostmanRuntime/7.31.1"

info: ::1 - - [08/Mar/2023:14:24:24 +0000] "GET /api/v1/bookstore HTTP/1.1" 200 9281 "-" "PostmanRuntime/7.31.1"

info: ::1 - - [08/Mar/2023:14:25:36 +0000] "GET /api/v1/bookstore HTTP/1.1" 200 9281 "-" "PostmanRuntime/7.31.1"

info: ::1 - - [08/Mar/2023:14:25:53 +0000] "GET /api/v1/bookstore?dfnkjdsfnkjdsnfkjn HTTP/1.1" 200 9281 "-" "PostmanRuntime/7.31.1"

info: ::1 - - [08/Mar/2023:14:59:05 +0000] "GET /api/v1/bookstore?q=Stive HTTP/1.1" 200 65 "-" "PostmanRuntime/7.31.1"

info: ::1 - - [08/Mar/2023:15:00:23 +0000] "GET /api/v1/bookstore?q=Stive HTTP/1.1" 200 9281 "-" "PostmanRuntime/7.31.1"

info: ::1 - - [08/Mar/2023:15:01:21 +0000] "GET /api/v1/bookstore?q=Narayan HTTP/1.1" 200 2182 "-" "PostmanRuntime/7.31.1"

info: ::1 - - [08/Mar/2023:15:02:06 +0000] "GET /api/v1/bookstore?q=Prem%20Patil HTTP/1.1" 200 377 "-" "PostmanRuntime/7.31.1"

info: ::1 - - [08/Mar/2023:15:02:27 +0000] "GET /api/v1/bookstore?q=ibu HTTP/1.1" 200 350 "-" "PostmanRuntime/7.31.1"

info: ::1 - - [08/Mar/2023:15:03:24 +0000] "GET /api/v1/bookstore?q=Design HTTP/1.1" 200 389 "-" "PostmanRuntime/7.31.1"

info: ::1 - - [08/Mar/2023:15:04:27 +0000] "GET /api/v1/bookstore?search=-Fci HTTP/1.1" 200 356 "-" "PostmanRuntime/7.31.1"

info: ::1 - - [08/Mar/2023:15:41:54 +0000] "GET /api/v1/bookstore?search=-Fci&sort=price HTTP/1.1" 500 71 "-" "PostmanRuntime/7.31.1"

info: ::1 - - [08/Mar/2023:15:45:38 +0000] "GET /api/v1/bookstore?search=-Fci&sort=price HTTP/1.1" 500 59 "-" "PostmanRuntime/7.31.1"

info: ::1 - - [08/Mar/2023:15:46:00 +0000] "GET /api/v1/bookstore?search=-Fci&sort=price&order=dsc HTTP/1.1" 500 59 "-" "PostmanRuntime/7.31.1"

info: ::1 - - [08/Mar/2023:15:46:37 +0000] "GET /api/v1/bookstore?search=-Fci&sort=price&order=dsc HTTP/1.1" 500 87 "-" "PostmanRuntime/7.31.1"

info: ::1 - - [08/Mar/2023:15:48:51 +0000] "GET /api/v1/bookstore?search=-Fci&sort=price&order=dsc HTTP/1.1" 500 87 "-" "PostmanRuntime/7.31.1"

info: ::1 - - [08/Mar/2023:15:49:45 +0000] "GET /api/v1/bookstore?search=-Fci&sort=price&order=-1 HTTP/1.1" 500 87 "-" "PostmanRuntime/7.31.1"

info: ::1 - - [08/Mar/2023:15:54:58 +0000] "GET /api/v1/bookstore?search=-Fci&sort=price&order=-1 HTTP/1.1" 200 356 "-" "PostmanRuntime/7.31.1"

info: ::1 - - [08/Mar/2023:15:55:08 +0000] "GET /api/v1/bookstore?search=&sort=price&order=-1 HTTP/1.1" 200 9281 "-" "PostmanRuntime/7.31.1"

info: ::1 - - [08/Mar/2023:15:59:46 +0000] "GET /api/v1/bookstore?search=&sort=price&order=asc HTTP/1.1" 200 9281 "-" "PostmanRuntime/7.31.1"

info: ::1 - - [08/Mar/2023:16:10:17 +0000] "GET /api/v1/bookstore?search=&sort=price&order=asc&page=2&limit=5 HTTP/1.1" 200 9281 "-" "PostmanRuntime/7.31.1"

info: ::1 - - [08/Mar/2023:16:13:53 +0000] "GET /api/v1/bookstore?search=&sort=price&order=asc&page=5&limit=5 HTTP/1.1" 200 685 "-" "PostmanRuntime/7.31.1"

info: ::1 - - [08/Mar/2023:16:14:18 +0000] "GET /api/v1/bookstore?search=&sort=price&order=as&page=5&limit=5 HTTP/1.1" 200 671 "-" "PostmanRuntime/7.31.1"

info: ::1 - - [08/Mar/2023:16:14:32 +0000] "GET /api/v1/bookstore?search=&sort=price&order=as&page=3&limit=5 HTTP/1.1" 200 2623 "-" "PostmanRuntime/7.31.1"

info: ::1 - - [09/Mar/2023:04:59:13 +0000] "GET /api/v1/bookstore?search=&sort=price&order=as&page=3&limit=5 HTTP/1.1" 200 2623 "-" "PostmanRuntime/7.31.1"

info: ::1 - - [09/Mar/2023:05:02:28 +0000] "POST /api/v1/user/registerUser HTTP/1.1" 404 47 "-" "PostmanRuntime/7.31.1"

info: ::1 - - [09/Mar/2023:05:03:37 +0000] "POST /api/v1/users/registerUser HTTP/1.1" 500 70 "-" "PostmanRuntime/7.31.1"

info: ::1 - - [09/Mar/2023:05:04:29 +0000] "POST /api/v1/users/registerUser HTTP/1.1" 201 327 "-" "PostmanRuntime/7.31.1"

info: ::1 - - [09/Mar/2023:05:04:47 +0000] "POST /api/v1/users/login HTTP/1.1" 200 244 "-" "PostmanRuntime/7.31.1"

info: ::1 - - [09/Mar/2023:05:08:12 +0000] "POST /api/v1/users/forgetPassword HTTP/1.1" 201 587 "-" "PostmanRuntime/7.31.1"

info: ::1 - - [09/Mar/2023:05:09:10 +0000] "POST /api/v1/users/resetPassword HTTP/1.1" 404 47 "-" "PostmanRuntime/7.31.1"

info: ::1 - - [09/Mar/2023:05:09:24 +0000] "PUT /api/v1/users/resetPassword HTTP/1.1" 201 98 "-" "PostmanRuntime/7.31.1"

info: ::1 - - [09/Mar/2023:05:10:19 +0000] "GET /api/v1/bookstore HTTP/1.1" 200 65 "-" "PostmanRuntime/7.31.1"

info: ::1 - - [09/Mar/2023:05:10:49 +0000] "GET /api/v1/bookstore/621588f105253301a4fda5d0 HTTP/1.1" 200 363 "-" "PostmanRuntime/7.31.1"

info: ::1 - - [09/Mar/2023:05:13:50 +0000] "POST /api/v1/cart/add/6215888305253301a4fda5cd HTTP/1.1" 200 682 "-" "PostmanRuntime/7.31.1"

info: ::1 - - [09/Mar/2023:05:13:55 +0000] "POST /api/v1/cart/add/6215888305253301a4fda5cd HTTP/1.1" 200 682 "-" "PostmanRuntime/7.31.1"

error: uncaughtException: listen EADDRINUSE: address already in use :::5455
Error: listen EADDRINUSE: address already in use :::5455
    at Server.setupListenHandle [as _listen2] (node:net:1717:16)
    at listenInCluster (node:net:1765:12)
    at Server.listen (node:net:1853:7)
    at Function.listen (E:\bookstore\node_modules\express\lib\application.js:635:24)
    at Object.<anonymous> (E:\bookstore\src\/index.js:37:5)
    at Module._compile (node:internal/modules/cjs/loader:1218:14)
    at Module._compile (E:\bookstore\node_modules\pirates\lib\index.js:136:24)
    at Module._extensions..js (node:internal/modules/cjs/loader:1272:10)
    at Object.newLoader [as .js] (E:\bookstore\node_modules\pirates\lib\index.js:141:7)
    at Module.load (node:internal/modules/cjs/loader:1081:32)
    at Function.Module._load (node:internal/modules/cjs/loader:922:12)
    at Function.runMain (node:internal/modules/run_main:82:12)
    at Object.<anonymous> (E:\bookstore\node_modules\@babel\node\src\_babel-node.ts:223:12)
    at Module._compile (node:internal/modules/cjs/loader:1218:14)
    at Object.Module._extensions..js (node:internal/modules/cjs/loader:1272:10)
    at Module.load (node:internal/modules/cjs/loader:1081:32)
    at Function.Module._load (node:internal/modules/cjs/loader:922:12)
    at Function.executeUserEntryPoint [as runMain] (node:internal/modules/run_main:82:12)
    at node:internal/main/run_main_module:23:47 {"date":"Thu Mar 09 2023 10:46:03 GMT+0530 (India Standard Time)","error":{"address":"::","code":"EADDRINUSE","errno":-4091,"port":5455,"syscall":"listen"},"exception":true,"os":{"loadavg":[0,0,0],"uptime":54279.515},"process":{"argv":["node","E:\\bookstore\\src\\index.js"],"cwd":"E:\\bookstore","execPath":"C:\\Program Files\\nodejs\\node.exe","gid":null,"memoryUsage":{"arrayBuffers":20022115,"external":22395679,"heapTotal":129691648,"heapUsed":102339464,"rss":172507136},"pid":8808,"uid":null,"version":"v19.3.0"},"stack":"Error: listen EADDRINUSE: address already in use :::5455\n    at Server.setupListenHandle [as _listen2] (node:net:1717:16)\n    at listenInCluster (node:net:1765:12)\n    at Server.listen (node:net:1853:7)\n    at Function.listen (E:\\bookstore\\node_modules\\express\\lib\\application.js:635:24)\n    at Object.<anonymous> (E:\\bookstore\\src\\/index.js:37:5)\n    at Module._compile (node:internal/modules/cjs/loader:1218:14)\n    at Module._compile (E:\\bookstore\\node_modules\\pirates\\lib\\index.js:136:24)\n    at Module._extensions..js (node:internal/modules/cjs/loader:1272:10)\n    at Object.newLoader [as .js] (E:\\bookstore\\node_modules\\pirates\\lib\\index.js:141:7)\n    at Module.load (node:internal/modules/cjs/loader:1081:32)\n    at Function.Module._load (node:internal/modules/cjs/loader:922:12)\n    at Function.runMain (node:internal/modules/run_main:82:12)\n    at Object.<anonymous> (E:\\bookstore\\node_modules\\@babel\\node\\src\\_babel-node.ts:223:12)\n    at Module._compile (node:internal/modules/cjs/loader:1218:14)\n    at Object.Module._extensions..js (node:internal/modules/cjs/loader:1272:10)\n    at Module.load (node:internal/modules/cjs/loader:1081:32)\n    at Function.Module._load (node:internal/modules/cjs/loader:922:12)\n    at Function.executeUserEntryPoint [as runMain] (node:internal/modules/run_main:82:12)\n    at node:internal/main/run_main_module:23:47","trace":[{"column":16,"file":"node:net","function":"Server.setupListenHandle [as _listen2]","line":1717,"method":"setupListenHandle [as _listen2]","native":false},{"column":12,"file":"node:net","function":"listenInCluster","line":1765,"method":null,"native":false},{"column":7,"file":"node:net","function":"Server.listen","line":1853,"method":"listen","native":false},{"column":24,"file":"E:\\bookstore\\node_modules\\express\\lib\\application.js","function":"Function.listen","line":635,"method":"listen","native":false},{"column":5,"file":"E:\\bookstore\\src\\/index.js","function":null,"line":37,"method":null,"native":false},{"column":14,"file":"node:internal/modules/cjs/loader","function":"Module._compile","line":1218,"method":"_compile","native":false},{"column":24,"file":"E:\\bookstore\\node_modules\\pirates\\lib\\index.js","function":"Module._compile","line":136,"method":"_compile","native":false},{"column":10,"file":"node:internal/modules/cjs/loader","function":"Module._extensions..js","line":1272,"method":".js","native":false},{"column":7,"file":"E:\\bookstore\\node_modules\\pirates\\lib\\index.js","function":"Object.newLoader [as .js]","line":141,"method":"js]","native":false},{"column":32,"file":"node:internal/modules/cjs/loader","function":"Module.load","line":1081,"method":"load","native":false},{"column":12,"file":"node:internal/modules/cjs/loader","function":"Module._load","line":922,"method":"_load","native":false},{"column":12,"file":"node:internal/modules/run_main","function":"Function.runMain","line":82,"method":"runMain","native":false},{"column":12,"file":"E:\\bookstore\\node_modules\\@babel\\node\\src\\_babel-node.ts","function":null,"line":223,"method":null,"native":false},{"column":14,"file":"node:internal/modules/cjs/loader","function":"Module._compile","line":1218,"method":"_compile","native":false},{"column":10,"file":"node:internal/modules/cjs/loader","function":"Module._extensions..js","line":1272,"method":".js","native":false},{"column":32,"file":"node:internal/modules/cjs/loader","function":"Module.load","line":1081,"method":"load","native":false},{"column":12,"file":"node:internal/modules/cjs/loader","function":"Module._load","line":922,"method":"_load","native":false},{"column":12,"file":"node:internal/modules/run_main","function":"Function.executeUserEntryPoint [as runMain]","line":82,"method":"executeUserEntryPoint [as runMain]","native":false},{"column":47,"file":"node:internal/main/run_main_module","function":null,"line":23,"method":null,"native":false}]}
info: ::1 - - [09/Mar/2023:05:16:50 +0000] "POST /api/v1/cart/add/6215888305253301a4fda5cd HTTP/1.1" 200 682 "-" "PostmanRuntime/7.31.1"

info: ::1 - - [09/Mar/2023:05:18:09 +0000] "POST /api/v1/cart/add/6215888305253301a4fda5cd HTTP/1.1" 200 382 "-" "PostmanRuntime/7.31.1"

info: ::1 - - [09/Mar/2023:05:18:13 +0000] "POST /api/v1/cart/add/6215888305253301a4fda5cd HTTP/1.1" 200 383 "-" "PostmanRuntime/7.31.1"

info: ::1 - - [09/Mar/2023:05:18:45 +0000] "POST /api/v1/cart/add/6215898705253301a4fda5d6 HTTP/1.1" 200 547 "-" "PostmanRuntime/7.31.1"

info: ::1 - - [09/Mar/2023:05:21:26 +0000] "POST /api/v1/cart/purchased HTTP/1.1" 400 49 "-" "PostmanRuntime/7.31.1"

info: ::1 - - [09/Mar/2023:05:23:05 +0000] "POST /api/v1/cart/purchased/64096c1138982a0edc3383d2 HTTP/1.1" 200 98 "-" "PostmanRuntime/7.31.1"

info: ::1 - - [09/Mar/2023:05:23:51 +0000] "POST /api/v1/cart/add/62158a4505253301a4fda5de HTTP/1.1" 200 357 "-" "PostmanRuntime/7.31.1"

info: ::1 - - [09/Mar/2023:05:24:52 +0000] "POST /api/v1/cart/purchased/64086c27f3340d314c654e05 HTTP/1.1" 400 49 "-" "PostmanRuntime/7.31.1"

info: ::1 - - [09/Mar/2023:05:25:46 +0000] "POST /api/v1/cart/purchased/6403153f24cd88467ce591c2 HTTP/1.1" 400 49 "-" "PostmanRuntime/7.31.1"

info: ::1 - - [09/Mar/2023:05:26:31 +0000] "POST /api/v1/cart/purchased/64096c1138982a0edc3383d2 HTTP/1.1" 200 62 "-" "PostmanRuntime/7.31.1"

info: ::1 - - [09/Mar/2023:05:28:10 +0000] "POST /api/v1/wishList/add/621588d505253301a4fda5cf HTTP/1.1" 200 331 "-" "PostmanRuntime/7.31.1"

info: ::1 - - [09/Mar/2023:05:28:15 +0000] "POST /api/v1/wishList/add/621588d505253301a4fda5cf HTTP/1.1" 500 60 "-" "PostmanRuntime/7.31.1"

info: ::1 - - [09/Mar/2023:05:29:06 +0000] "POST /api/v1/wishList/removed/621588af05253301a4fda5ce HTTP/1.1" 404 47 "-" "PostmanRuntime/7.31.1"

info: ::1 - - [09/Mar/2023:05:29:21 +0000] "POST /api/v1/wishList/remove/621588af05253301a4fda5ce HTTP/1.1" 400 66 "-" "PostmanRuntime/7.31.1"

info: ::1 - - [09/Mar/2023:05:30:58 +0000] "POST /api/v1/wishList/add/6215897105253301a4fda5d5 HTTP/1.1" 200 494 "-" "PostmanRuntime/7.31.1"

info: ::1 - - [09/Mar/2023:05:31:43 +0000] "POST /api/v1/customerDetails/ HTTP/1.1" 200 379 "-" "PostmanRuntime/7.31.1"

info: ::1 - - [09/Mar/2023:05:32:22 +0000] "POST /api/v1/customerDetails/ HTTP/1.1" 200 594 "-" "PostmanRuntime/7.31.1"

info: ::1 - - [09/Mar/2023:05:33:43 +0000] "PUT /api/v1/customerDetails/64096f3fa4a4723294a10cca HTTP/1.1" 200 587 "-" "PostmanRuntime/7.31.1"

info: ::1 - - [09/Mar/2023:05:34:46 +0000] "PUT /api/v1/customerDetails/64096f3fa4a4723294a10cca HTTP/1.1" 400 70 "-" "PostmanRuntime/7.31.1"

info: ::1 - - [09/Mar/2023:05:35:01 +0000] "GET /api/v1/customerDetails/ HTTP/1.1" 404 47 "-" "PostmanRuntime/7.31.1"

info: ::1 - - [09/Mar/2023:05:35:20 +0000] "POST /api/v1/customerDetails/ HTTP/1.1" 200 806 "-" "PostmanRuntime/7.31.1"

info: ::1 - - [09/Mar/2023:05:35:33 +0000] "DELETE /api/v1/customerDetails/64097018a4a4723294a10cd4 HTTP/1.1" 200 587 "-" "PostmanRuntime/7.31.1"

info: ::1 - - [09/Mar/2023:06:20:14 +0000] "POST /api/v1/customerDetails/ HTTP/1.1" 200 803 "-" "PostmanRuntime/7.31.1"

info: ::1 - - [09/Mar/2023:06:23:53 +0000] "GET /api/v1/bookstore?search=&sort=price&order=as&page=3&limit=5 HTTP/1.1" 200 2623 "-" "PostmanRuntime/7.31.1"

info: ::1 - - [09/Mar/2023:06:24:07 +0000] "GET /api/v1/bookstore?search=&sort=price&order=as&page=1&limit=5 HTTP/1.1" 200 1572 "-" "PostmanRuntime/7.31.1"

info: ::1 - - [09/Mar/2023:06:24:32 +0000] "GET /api/v1/bookstore?search=&sort=price&order=asc&page=1&limit=5 HTTP/1.1" 200 1602 "-" "PostmanRuntime/7.31.1"

info: ::1 - - [09/Mar/2023:06:25:01 +0000] "GET /api/v1/bookstore?search=sive%20content HTTP/1.1" 200 398 "-" "PostmanRuntime/7.31.1"

